{"D:\\__KM_MSIB\\Project Akhir\\bekelompok1-fsw5\\app\\controllers\\api\\v1\\categoryController.js": {"path":"D:\\__KM_MSIB\\Project Akhir\\bekelompok1-fsw5\\app\\controllers\\api\\v1\\categoryController.js","statementMap":{"0":{"start":{"line":1,"column":24},"end":{"line":1,"column":68}},"1":{"start":{"line":3,"column":0},"end":{"line":92,"column":2}},"2":{"start":{"line":5,"column":4},"end":{"line":17,"column":5}},"3":{"start":{"line":6,"column":19},"end":{"line":6,"column":47}},"4":{"start":{"line":7,"column":6},"end":{"line":11,"column":9}},"5":{"start":{"line":13,"column":6},"end":{"line":16,"column":9}},"6":{"start":{"line":21,"column":4},"end":{"line":33,"column":5}},"7":{"start":{"line":22,"column":19},"end":{"line":22,"column":57}},"8":{"start":{"line":23,"column":6},"end":{"line":27,"column":9}},"9":{"start":{"line":29,"column":6},"end":{"line":32,"column":9}},"10":{"start":{"line":37,"column":4},"end":{"line":56,"column":5}},"11":{"start":{"line":38,"column":19},"end":{"line":38,"column":59}},"12":{"start":{"line":39,"column":6},"end":{"line":50,"column":7}},"13":{"start":{"line":40,"column":8},"end":{"line":44,"column":11}},"14":{"start":{"line":46,"column":8},"end":{"line":49,"column":11}},"15":{"start":{"line":52,"column":6},"end":{"line":55,"column":9}},"16":{"start":{"line":60,"column":4},"end":{"line":75,"column":5}},"17":{"start":{"line":61,"column":6},"end":{"line":61,"column":60}},"18":{"start":{"line":63,"column":19},"end":{"line":63,"column":59}},"19":{"start":{"line":65,"column":6},"end":{"line":69,"column":9}},"20":{"start":{"line":71,"column":6},"end":{"line":74,"column":9}},"21":{"start":{"line":79,"column":4},"end":{"line":90,"column":5}},"22":{"start":{"line":80,"column":6},"end":{"line":80,"column":50}},"23":{"start":{"line":81,"column":6},"end":{"line":84,"column":9}},"24":{"start":{"line":86,"column":6},"end":{"line":89,"column":9}}},"fnMap":{"0":{"name":"(anonymous_0)","decl":{"start":{"line":4,"column":2},"end":{"line":4,"column":3}},"loc":{"start":{"line":4,"column":23},"end":{"line":18,"column":3}},"line":4},"1":{"name":"(anonymous_1)","decl":{"start":{"line":20,"column":2},"end":{"line":20,"column":3}},"loc":{"start":{"line":20,"column":25},"end":{"line":34,"column":3}},"line":20},"2":{"name":"(anonymous_2)","decl":{"start":{"line":36,"column":2},"end":{"line":36,"column":3}},"loc":{"start":{"line":36,"column":23},"end":{"line":57,"column":3}},"line":36},"3":{"name":"(anonymous_3)","decl":{"start":{"line":59,"column":2},"end":{"line":59,"column":3}},"loc":{"start":{"line":59,"column":25},"end":{"line":76,"column":3}},"line":59},"4":{"name":"(anonymous_4)","decl":{"start":{"line":78,"column":2},"end":{"line":78,"column":3}},"loc":{"start":{"line":78,"column":26},"end":{"line":91,"column":3}},"line":78}},"branchMap":{"0":{"loc":{"start":{"line":39,"column":6},"end":{"line":50,"column":7}},"type":"if","locations":[{"start":{"line":39,"column":6},"end":{"line":50,"column":7}},{"start":{"line":45,"column":13},"end":{"line":50,"column":7}}],"line":39}},"s":{"0":6,"1":6,"2":0,"3":0,"4":0,"5":0,"6":0,"7":0,"8":0,"9":0,"10":0,"11":0,"12":0,"13":0,"14":0,"15":0,"16":0,"17":0,"18":0,"19":0,"20":0,"21":0,"22":0,"23":0,"24":0},"f":{"0":0,"1":0,"2":0,"3":0,"4":0},"b":{"0":[0,0]},"_coverageSchema":"1a1c01bbd47fc00a2c39e90264f33305004495a9","hash":"1b8cebb6ff785b1ddd72d804835da718809ca114"}
,"D:\\__KM_MSIB\\Project Akhir\\bekelompok1-fsw5\\app\\controllers\\api\\v1\\main.js": {"path":"D:\\__KM_MSIB\\Project Akhir\\bekelompok1-fsw5\\app\\controllers\\api\\v1\\main.js","statementMap":{"0":{"start":{"line":1,"column":0},"end":{"line":18,"column":2}},"1":{"start":{"line":3,"column":4},"end":{"line":6,"column":7}},"2":{"start":{"line":10,"column":4},"end":{"line":16,"column":7}}},"fnMap":{"0":{"name":"(anonymous_0)","decl":{"start":{"line":2,"column":2},"end":{"line":2,"column":3}},"loc":{"start":{"line":2,"column":19},"end":{"line":7,"column":3}},"line":2},"1":{"name":"(anonymous_1)","decl":{"start":{"line":9,"column":2},"end":{"line":9,"column":3}},"loc":{"start":{"line":9,"column":31},"end":{"line":17,"column":3}},"line":9}},"branchMap":{},"s":{"0":6,"1":1,"2":0},"f":{"0":1,"1":0},"b":{},"_coverageSchema":"1a1c01bbd47fc00a2c39e90264f33305004495a9","hash":"7504630bbc2a60a98ade4cc764a70e6bba5ed4e0"}
,"D:\\__KM_MSIB\\Project Akhir\\bekelompok1-fsw5\\app\\controllers\\api\\v1\\productController.js": {"path":"D:\\__KM_MSIB\\Project Akhir\\bekelompok1-fsw5\\app\\controllers\\api\\v1\\productController.js","statementMap":{"0":{"start":{"line":1,"column":23},"end":{"line":1,"column":66}},"1":{"start":{"line":2,"column":22},"end":{"line":2,"column":37}},"2":{"start":{"line":3,"column":19},"end":{"line":3,"column":59}},"3":{"start":{"line":4,"column":25},"end":{"line":4,"column":62}},"4":{"start":{"line":5,"column":26},"end":{"line":5,"column":64}},"5":{"start":{"line":7,"column":0},"end":{"line":198,"column":2}},"6":{"start":{"line":9,"column":4},"end":{"line":21,"column":5}},"7":{"start":{"line":10,"column":19},"end":{"line":10,"column":46}},"8":{"start":{"line":11,"column":6},"end":{"line":15,"column":9}},"9":{"start":{"line":17,"column":6},"end":{"line":20,"column":9}},"10":{"start":{"line":25,"column":4},"end":{"line":38,"column":5}},"11":{"start":{"line":26,"column":19},"end":{"line":26,"column":65}},"12":{"start":{"line":27,"column":6},"end":{"line":27,"column":24}},"13":{"start":{"line":28,"column":6},"end":{"line":32,"column":9}},"14":{"start":{"line":34,"column":6},"end":{"line":37,"column":9}},"15":{"start":{"line":42,"column":4},"end":{"line":76,"column":5}},"16":{"start":{"line":43,"column":55},"end":{"line":43,"column":63}},"17":{"start":{"line":44,"column":26},"end":{"line":44,"column":37}},"18":{"start":{"line":45,"column":20},"end":{"line":45,"column":22}},"19":{"start":{"line":46,"column":25},"end":{"line":46,"column":27}},"20":{"start":{"line":47,"column":19},"end":{"line":47,"column":21}},"21":{"start":{"line":49,"column":6},"end":{"line":54,"column":7}},"22":{"start":{"line":49,"column":19},"end":{"line":49,"column":20}},"23":{"start":{"line":50,"column":8},"end":{"line":50,"column":64}},"24":{"start":{"line":51,"column":8},"end":{"line":51,"column":75}},"25":{"start":{"line":52,"column":23},"end":{"line":52,"column":54}},"26":{"start":{"line":53,"column":8},"end":{"line":53,"column":38}},"27":{"start":{"line":56,"column":6},"end":{"line":70,"column":11}},"28":{"start":{"line":66,"column":10},"end":{"line":69,"column":13}},"29":{"start":{"line":72,"column":6},"end":{"line":75,"column":9}},"30":{"start":{"line":80,"column":4},"end":{"line":99,"column":5}},"31":{"start":{"line":81,"column":19},"end":{"line":81,"column":58}},"32":{"start":{"line":82,"column":6},"end":{"line":93,"column":7}},"33":{"start":{"line":83,"column":8},"end":{"line":87,"column":11}},"34":{"start":{"line":89,"column":8},"end":{"line":92,"column":11}},"35":{"start":{"line":95,"column":6},"end":{"line":98,"column":9}},"36":{"start":{"line":103,"column":4},"end":{"line":125,"column":5}},"37":{"start":{"line":104,"column":19},"end":{"line":107,"column":7}},"38":{"start":{"line":108,"column":6},"end":{"line":119,"column":7}},"39":{"start":{"line":109,"column":8},"end":{"line":113,"column":11}},"40":{"start":{"line":115,"column":8},"end":{"line":118,"column":11}},"41":{"start":{"line":121,"column":6},"end":{"line":124,"column":9}},"42":{"start":{"line":129,"column":4},"end":{"line":175,"column":5}},"43":{"start":{"line":130,"column":23},"end":{"line":130,"column":40}},"44":{"start":{"line":131,"column":25},"end":{"line":131,"column":27}},"45":{"start":{"line":132,"column":19},"end":{"line":132,"column":21}},"46":{"start":{"line":133,"column":20},"end":{"line":133,"column":22}},"47":{"start":{"line":134,"column":6},"end":{"line":134,"column":51}},"48":{"start":{"line":135,"column":23},"end":{"line":137,"column":7}},"49":{"start":{"line":138,"column":22},"end":{"line":138,"column":35}},"50":{"start":{"line":140,"column":26},"end":{"line":140,"column":61}},"51":{"start":{"line":143,"column":6},"end":{"line":153,"column":7}},"52":{"start":{"line":144,"column":8},"end":{"line":152,"column":9}},"53":{"start":{"line":146,"column":10},"end":{"line":148,"column":11}},"54":{"start":{"line":146,"column":23},"end":{"line":146,"column":24}},"55":{"start":{"line":147,"column":12},"end":{"line":147,"column":43}},"56":{"start":{"line":151,"column":10},"end":{"line":151,"column":38}},"57":{"start":{"line":155,"column":6},"end":{"line":162,"column":7}},"58":{"start":{"line":156,"column":8},"end":{"line":161,"column":9}},"59":{"start":{"line":156,"column":21},"end":{"line":156,"column":22}},"60":{"start":{"line":157,"column":10},"end":{"line":157,"column":66}},"61":{"start":{"line":158,"column":10},"end":{"line":158,"column":77}},"62":{"start":{"line":159,"column":25},"end":{"line":159,"column":56}},"63":{"start":{"line":160,"column":10},"end":{"line":160,"column":40}},"64":{"start":{"line":163,"column":6},"end":{"line":163,"column":44}},"65":{"start":{"line":164,"column":6},"end":{"line":164,"column":57}},"66":{"start":{"line":165,"column":6},"end":{"line":169,"column":9}},"67":{"start":{"line":171,"column":6},"end":{"line":174,"column":9}},"68":{"start":{"line":185,"column":4},"end":{"line":196,"column":5}},"69":{"start":{"line":186,"column":6},"end":{"line":186,"column":49}},"70":{"start":{"line":187,"column":6},"end":{"line":190,"column":9}},"71":{"start":{"line":192,"column":6},"end":{"line":195,"column":9}}},"fnMap":{"0":{"name":"(anonymous_0)","decl":{"start":{"line":8,"column":2},"end":{"line":8,"column":3}},"loc":{"start":{"line":8,"column":23},"end":{"line":22,"column":3}},"line":8},"1":{"name":"(anonymous_1)","decl":{"start":{"line":24,"column":2},"end":{"line":24,"column":3}},"loc":{"start":{"line":24,"column":31},"end":{"line":39,"column":3}},"line":24},"2":{"name":"(anonymous_2)","decl":{"start":{"line":41,"column":2},"end":{"line":41,"column":3}},"loc":{"start":{"line":41,"column":25},"end":{"line":77,"column":3}},"line":41},"3":{"name":"(anonymous_3)","decl":{"start":{"line":65,"column":14},"end":{"line":65,"column":15}},"loc":{"start":{"line":65,"column":27},"end":{"line":70,"column":9}},"line":65},"4":{"name":"(anonymous_4)","decl":{"start":{"line":79,"column":2},"end":{"line":79,"column":3}},"loc":{"start":{"line":79,"column":23},"end":{"line":100,"column":3}},"line":79},"5":{"name":"(anonymous_5)","decl":{"start":{"line":102,"column":2},"end":{"line":102,"column":3}},"loc":{"start":{"line":102,"column":31},"end":{"line":126,"column":3}},"line":102},"6":{"name":"(anonymous_6)","decl":{"start":{"line":128,"column":2},"end":{"line":128,"column":3}},"loc":{"start":{"line":128,"column":25},"end":{"line":176,"column":3}},"line":128},"7":{"name":"(anonymous_7)","decl":{"start":{"line":184,"column":2},"end":{"line":184,"column":3}},"loc":{"start":{"line":184,"column":26},"end":{"line":197,"column":3}},"line":184}},"branchMap":{"0":{"loc":{"start":{"line":82,"column":6},"end":{"line":93,"column":7}},"type":"if","locations":[{"start":{"line":82,"column":6},"end":{"line":93,"column":7}},{"start":{"line":88,"column":13},"end":{"line":93,"column":7}}],"line":82},"1":{"loc":{"start":{"line":108,"column":6},"end":{"line":119,"column":7}},"type":"if","locations":[{"start":{"line":108,"column":6},"end":{"line":119,"column":7}},{"start":{"line":114,"column":13},"end":{"line":119,"column":7}}],"line":108},"2":{"loc":{"start":{"line":143,"column":6},"end":{"line":153,"column":7}},"type":"if","locations":[{"start":{"line":143,"column":6},"end":{"line":153,"column":7}},{"start":{},"end":{}}],"line":143},"3":{"loc":{"start":{"line":144,"column":8},"end":{"line":152,"column":9}},"type":"if","locations":[{"start":{"line":144,"column":8},"end":{"line":152,"column":9}},{"start":{"line":149,"column":15},"end":{"line":152,"column":9}}],"line":144},"4":{"loc":{"start":{"line":155,"column":6},"end":{"line":162,"column":7}},"type":"if","locations":[{"start":{"line":155,"column":6},"end":{"line":162,"column":7}},{"start":{},"end":{}}],"line":155}},"s":{"0":6,"1":6,"2":6,"3":6,"4":6,"5":6,"6":1,"7":1,"8":1,"9":0,"10":0,"11":0,"12":0,"13":0,"14":0,"15":0,"16":0,"17":0,"18":0,"19":0,"20":0,"21":0,"22":0,"23":0,"24":0,"25":0,"26":0,"27":0,"28":0,"29":0,"30":0,"31":0,"32":0,"33":0,"34":0,"35":0,"36":0,"37":0,"38":0,"39":0,"40":0,"41":0,"42":0,"43":0,"44":0,"45":0,"46":0,"47":0,"48":0,"49":0,"50":0,"51":0,"52":0,"53":0,"54":0,"55":0,"56":0,"57":0,"58":0,"59":0,"60":0,"61":0,"62":0,"63":0,"64":0,"65":0,"66":0,"67":0,"68":0,"69":0,"70":0,"71":0},"f":{"0":1,"1":0,"2":0,"3":0,"4":0,"5":0,"6":0,"7":0},"b":{"0":[0,0],"1":[0,0],"2":[0,0],"3":[0,0],"4":[0,0]},"_coverageSchema":"1a1c01bbd47fc00a2c39e90264f33305004495a9","hash":"35205cdbf325bd86bacdce271de734d59941b65f"}
,"D:\\__KM_MSIB\\Project Akhir\\bekelompok1-fsw5\\app\\controllers\\api\\v1\\sizeController.js": {"path":"D:\\__KM_MSIB\\Project Akhir\\bekelompok1-fsw5\\app\\controllers\\api\\v1\\sizeController.js","statementMap":{"0":{"start":{"line":1,"column":20},"end":{"line":1,"column":60}},"1":{"start":{"line":3,"column":0},"end":{"line":103,"column":2}},"2":{"start":{"line":5,"column":4},"end":{"line":17,"column":5}},"3":{"start":{"line":6,"column":19},"end":{"line":6,"column":43}},"4":{"start":{"line":7,"column":6},"end":{"line":11,"column":9}},"5":{"start":{"line":13,"column":6},"end":{"line":16,"column":9}},"6":{"start":{"line":21,"column":4},"end":{"line":44,"column":5}},"7":{"start":{"line":23,"column":17},"end":{"line":27,"column":8}},"8":{"start":{"line":32,"column":26},"end":{"line":32,"column":56}},"9":{"start":{"line":34,"column":6},"end":{"line":38,"column":9}},"10":{"start":{"line":40,"column":6},"end":{"line":43,"column":9}},"11":{"start":{"line":48,"column":4},"end":{"line":67,"column":5}},"12":{"start":{"line":49,"column":19},"end":{"line":49,"column":55}},"13":{"start":{"line":50,"column":6},"end":{"line":61,"column":7}},"14":{"start":{"line":51,"column":8},"end":{"line":55,"column":11}},"15":{"start":{"line":57,"column":8},"end":{"line":60,"column":11}},"16":{"start":{"line":63,"column":6},"end":{"line":66,"column":9}},"17":{"start":{"line":71,"column":4},"end":{"line":86,"column":5}},"18":{"start":{"line":72,"column":6},"end":{"line":72,"column":56}},"19":{"start":{"line":74,"column":19},"end":{"line":74,"column":55}},"20":{"start":{"line":76,"column":6},"end":{"line":80,"column":9}},"21":{"start":{"line":82,"column":6},"end":{"line":85,"column":9}},"22":{"start":{"line":90,"column":4},"end":{"line":101,"column":5}},"23":{"start":{"line":91,"column":6},"end":{"line":91,"column":46}},"24":{"start":{"line":92,"column":6},"end":{"line":95,"column":9}},"25":{"start":{"line":97,"column":6},"end":{"line":100,"column":9}}},"fnMap":{"0":{"name":"(anonymous_0)","decl":{"start":{"line":4,"column":2},"end":{"line":4,"column":3}},"loc":{"start":{"line":4,"column":23},"end":{"line":18,"column":3}},"line":4},"1":{"name":"(anonymous_1)","decl":{"start":{"line":20,"column":2},"end":{"line":20,"column":3}},"loc":{"start":{"line":20,"column":25},"end":{"line":45,"column":3}},"line":20},"2":{"name":"(anonymous_2)","decl":{"start":{"line":47,"column":2},"end":{"line":47,"column":3}},"loc":{"start":{"line":47,"column":23},"end":{"line":68,"column":3}},"line":47},"3":{"name":"(anonymous_3)","decl":{"start":{"line":70,"column":2},"end":{"line":70,"column":3}},"loc":{"start":{"line":70,"column":25},"end":{"line":87,"column":3}},"line":70},"4":{"name":"(anonymous_4)","decl":{"start":{"line":89,"column":2},"end":{"line":89,"column":3}},"loc":{"start":{"line":89,"column":26},"end":{"line":102,"column":3}},"line":89}},"branchMap":{"0":{"loc":{"start":{"line":50,"column":6},"end":{"line":61,"column":7}},"type":"if","locations":[{"start":{"line":50,"column":6},"end":{"line":61,"column":7}},{"start":{"line":56,"column":13},"end":{"line":61,"column":7}}],"line":50}},"s":{"0":6,"1":6,"2":0,"3":0,"4":0,"5":0,"6":0,"7":0,"8":0,"9":0,"10":0,"11":0,"12":0,"13":0,"14":0,"15":0,"16":0,"17":0,"18":0,"19":0,"20":0,"21":0,"22":0,"23":0,"24":0,"25":0},"f":{"0":0,"1":0,"2":0,"3":0,"4":0},"b":{"0":[0,0]},"_coverageSchema":"1a1c01bbd47fc00a2c39e90264f33305004495a9","hash":"9f5caa4678235ee384923e5d9127240532979154"}
,"D:\\__KM_MSIB\\Project Akhir\\bekelompok1-fsw5\\app\\controllers\\api\\v1\\transactionController.js": {"path":"D:\\__KM_MSIB\\Project Akhir\\bekelompok1-fsw5\\app\\controllers\\api\\v1\\transactionController.js","statementMap":{"0":{"start":{"line":1,"column":27},"end":{"line":1,"column":74}},"1":{"start":{"line":3,"column":0},"end":{"line":176,"column":2}},"2":{"start":{"line":5,"column":4},"end":{"line":17,"column":5}},"3":{"start":{"line":6,"column":19},"end":{"line":6,"column":50}},"4":{"start":{"line":7,"column":6},"end":{"line":11,"column":9}},"5":{"start":{"line":13,"column":6},"end":{"line":16,"column":9}},"6":{"start":{"line":21,"column":4},"end":{"line":40,"column":5}},"7":{"start":{"line":22,"column":19},"end":{"line":22,"column":70}},"8":{"start":{"line":23,"column":6},"end":{"line":34,"column":7}},"9":{"start":{"line":24,"column":8},"end":{"line":28,"column":11}},"10":{"start":{"line":30,"column":8},"end":{"line":33,"column":11}},"11":{"start":{"line":36,"column":6},"end":{"line":39,"column":9}},"12":{"start":{"line":44,"column":4},"end":{"line":63,"column":5}},"13":{"start":{"line":45,"column":19},"end":{"line":45,"column":71}},"14":{"start":{"line":46,"column":6},"end":{"line":57,"column":7}},"15":{"start":{"line":47,"column":8},"end":{"line":51,"column":11}},"16":{"start":{"line":53,"column":8},"end":{"line":56,"column":11}},"17":{"start":{"line":59,"column":6},"end":{"line":62,"column":9}},"18":{"start":{"line":67,"column":4},"end":{"line":89,"column":5}},"19":{"start":{"line":68,"column":19},"end":{"line":71,"column":7}},"20":{"start":{"line":72,"column":6},"end":{"line":83,"column":7}},"21":{"start":{"line":73,"column":8},"end":{"line":77,"column":11}},"22":{"start":{"line":79,"column":8},"end":{"line":82,"column":11}},"23":{"start":{"line":85,"column":6},"end":{"line":88,"column":9}},"24":{"start":{"line":93,"column":4},"end":{"line":115,"column":5}},"25":{"start":{"line":94,"column":19},"end":{"line":97,"column":7}},"26":{"start":{"line":98,"column":6},"end":{"line":109,"column":7}},"27":{"start":{"line":99,"column":8},"end":{"line":103,"column":11}},"28":{"start":{"line":105,"column":8},"end":{"line":108,"column":11}},"29":{"start":{"line":111,"column":6},"end":{"line":114,"column":9}},"30":{"start":{"line":119,"column":4},"end":{"line":138,"column":5}},"31":{"start":{"line":120,"column":19},"end":{"line":127,"column":8}},"32":{"start":{"line":128,"column":6},"end":{"line":132,"column":9}},"33":{"start":{"line":134,"column":6},"end":{"line":137,"column":9}},"34":{"start":{"line":142,"column":4},"end":{"line":159,"column":5}},"35":{"start":{"line":143,"column":6},"end":{"line":145,"column":9}},"36":{"start":{"line":147,"column":19},"end":{"line":147,"column":62}},"37":{"start":{"line":149,"column":6},"end":{"line":153,"column":9}},"38":{"start":{"line":155,"column":6},"end":{"line":158,"column":9}},"39":{"start":{"line":163,"column":4},"end":{"line":174,"column":5}},"40":{"start":{"line":164,"column":6},"end":{"line":164,"column":53}},"41":{"start":{"line":165,"column":6},"end":{"line":168,"column":9}},"42":{"start":{"line":170,"column":6},"end":{"line":173,"column":9}}},"fnMap":{"0":{"name":"(anonymous_0)","decl":{"start":{"line":4,"column":2},"end":{"line":4,"column":3}},"loc":{"start":{"line":4,"column":23},"end":{"line":18,"column":3}},"line":4},"1":{"name":"(anonymous_1)","decl":{"start":{"line":20,"column":2},"end":{"line":20,"column":3}},"loc":{"start":{"line":20,"column":30},"end":{"line":41,"column":3}},"line":20},"2":{"name":"(anonymous_2)","decl":{"start":{"line":43,"column":2},"end":{"line":43,"column":3}},"loc":{"start":{"line":43,"column":31},"end":{"line":64,"column":3}},"line":43},"3":{"name":"(anonymous_3)","decl":{"start":{"line":66,"column":2},"end":{"line":66,"column":3}},"loc":{"start":{"line":66,"column":30},"end":{"line":90,"column":3}},"line":66},"4":{"name":"(anonymous_4)","decl":{"start":{"line":92,"column":2},"end":{"line":92,"column":3}},"loc":{"start":{"line":92,"column":31},"end":{"line":116,"column":3}},"line":92},"5":{"name":"(anonymous_5)","decl":{"start":{"line":118,"column":2},"end":{"line":118,"column":3}},"loc":{"start":{"line":118,"column":25},"end":{"line":139,"column":3}},"line":118},"6":{"name":"(anonymous_6)","decl":{"start":{"line":141,"column":2},"end":{"line":141,"column":3}},"loc":{"start":{"line":141,"column":25},"end":{"line":160,"column":3}},"line":141},"7":{"name":"(anonymous_7)","decl":{"start":{"line":162,"column":2},"end":{"line":162,"column":3}},"loc":{"start":{"line":162,"column":26},"end":{"line":175,"column":3}},"line":162}},"branchMap":{"0":{"loc":{"start":{"line":23,"column":6},"end":{"line":34,"column":7}},"type":"if","locations":[{"start":{"line":23,"column":6},"end":{"line":34,"column":7}},{"start":{"line":29,"column":13},"end":{"line":34,"column":7}}],"line":23},"1":{"loc":{"start":{"line":46,"column":6},"end":{"line":57,"column":7}},"type":"if","locations":[{"start":{"line":46,"column":6},"end":{"line":57,"column":7}},{"start":{"line":52,"column":13},"end":{"line":57,"column":7}}],"line":46},"2":{"loc":{"start":{"line":72,"column":6},"end":{"line":83,"column":7}},"type":"if","locations":[{"start":{"line":72,"column":6},"end":{"line":83,"column":7}},{"start":{"line":78,"column":13},"end":{"line":83,"column":7}}],"line":72},"3":{"loc":{"start":{"line":98,"column":6},"end":{"line":109,"column":7}},"type":"if","locations":[{"start":{"line":98,"column":6},"end":{"line":109,"column":7}},{"start":{"line":104,"column":13},"end":{"line":109,"column":7}}],"line":98}},"s":{"0":6,"1":6,"2":0,"3":0,"4":0,"5":0,"6":0,"7":0,"8":0,"9":0,"10":0,"11":0,"12":0,"13":0,"14":0,"15":0,"16":0,"17":0,"18":0,"19":0,"20":0,"21":0,"22":0,"23":0,"24":0,"25":0,"26":0,"27":0,"28":0,"29":0,"30":0,"31":0,"32":0,"33":0,"34":0,"35":0,"36":0,"37":0,"38":0,"39":0,"40":0,"41":0,"42":0},"f":{"0":0,"1":0,"2":0,"3":0,"4":0,"5":0,"6":0,"7":0},"b":{"0":[0,0],"1":[0,0],"2":[0,0],"3":[0,0]},"_coverageSchema":"1a1c01bbd47fc00a2c39e90264f33305004495a9","hash":"a1fb1f86ab44cfd259dac609245b558de71f45b2"}
,"D:\\__KM_MSIB\\Project Akhir\\bekelompok1-fsw5\\app\\controllers\\api\\v1\\wishlistController.js": {"path":"D:\\__KM_MSIB\\Project Akhir\\bekelompok1-fsw5\\app\\controllers\\api\\v1\\wishlistController.js","statementMap":{"0":{"start":{"line":1,"column":16},"end":{"line":1,"column":50}},"1":{"start":{"line":2,"column":24},"end":{"line":2,"column":68}},"2":{"start":{"line":4,"column":0},"end":{"line":103,"column":2}},"3":{"start":{"line":6,"column":4},"end":{"line":18,"column":5}},"4":{"start":{"line":7,"column":19},"end":{"line":7,"column":47}},"5":{"start":{"line":8,"column":6},"end":{"line":12,"column":9}},"6":{"start":{"line":14,"column":6},"end":{"line":17,"column":9}},"7":{"start":{"line":22,"column":4},"end":{"line":41,"column":5}},"8":{"start":{"line":23,"column":19},"end":{"line":23,"column":74}},"9":{"start":{"line":24,"column":6},"end":{"line":35,"column":7}},"10":{"start":{"line":25,"column":8},"end":{"line":29,"column":11}},"11":{"start":{"line":31,"column":8},"end":{"line":34,"column":11}},"12":{"start":{"line":37,"column":6},"end":{"line":40,"column":9}},"13":{"start":{"line":45,"column":4},"end":{"line":64,"column":5}},"14":{"start":{"line":46,"column":19},"end":{"line":46,"column":75}},"15":{"start":{"line":47,"column":6},"end":{"line":58,"column":7}},"16":{"start":{"line":48,"column":8},"end":{"line":52,"column":11}},"17":{"start":{"line":54,"column":8},"end":{"line":57,"column":11}},"18":{"start":{"line":60,"column":6},"end":{"line":63,"column":9}},"19":{"start":{"line":68,"column":4},"end":{"line":86,"column":5}},"20":{"start":{"line":69,"column":26},"end":{"line":69,"column":37}},"21":{"start":{"line":70,"column":19},"end":{"line":75,"column":8}},"22":{"start":{"line":76,"column":6},"end":{"line":80,"column":9}},"23":{"start":{"line":82,"column":6},"end":{"line":85,"column":9}},"24":{"start":{"line":90,"column":4},"end":{"line":101,"column":5}},"25":{"start":{"line":91,"column":6},"end":{"line":91,"column":50}},"26":{"start":{"line":92,"column":6},"end":{"line":95,"column":9}},"27":{"start":{"line":97,"column":6},"end":{"line":100,"column":9}}},"fnMap":{"0":{"name":"(anonymous_0)","decl":{"start":{"line":5,"column":2},"end":{"line":5,"column":3}},"loc":{"start":{"line":5,"column":23},"end":{"line":19,"column":3}},"line":5},"1":{"name":"(anonymous_1)","decl":{"start":{"line":21,"column":2},"end":{"line":21,"column":3}},"loc":{"start":{"line":21,"column":33},"end":{"line":42,"column":3}},"line":21},"2":{"name":"(anonymous_2)","decl":{"start":{"line":44,"column":2},"end":{"line":44,"column":3}},"loc":{"start":{"line":44,"column":34},"end":{"line":65,"column":3}},"line":44},"3":{"name":"(anonymous_3)","decl":{"start":{"line":67,"column":2},"end":{"line":67,"column":3}},"loc":{"start":{"line":67,"column":25},"end":{"line":87,"column":3}},"line":67},"4":{"name":"(anonymous_4)","decl":{"start":{"line":89,"column":2},"end":{"line":89,"column":3}},"loc":{"start":{"line":89,"column":26},"end":{"line":102,"column":3}},"line":89}},"branchMap":{"0":{"loc":{"start":{"line":24,"column":6},"end":{"line":35,"column":7}},"type":"if","locations":[{"start":{"line":24,"column":6},"end":{"line":35,"column":7}},{"start":{"line":30,"column":13},"end":{"line":35,"column":7}}],"line":24},"1":{"loc":{"start":{"line":47,"column":6},"end":{"line":58,"column":7}},"type":"if","locations":[{"start":{"line":47,"column":6},"end":{"line":58,"column":7}},{"start":{"line":53,"column":13},"end":{"line":58,"column":7}}],"line":47}},"s":{"0":6,"1":6,"2":6,"3":0,"4":0,"5":0,"6":0,"7":0,"8":0,"9":0,"10":0,"11":0,"12":0,"13":0,"14":0,"15":0,"16":0,"17":0,"18":0,"19":0,"20":0,"21":0,"22":0,"23":0,"24":0,"25":0,"26":0,"27":0},"f":{"0":0,"1":0,"2":0,"3":0,"4":0},"b":{"0":[0,0],"1":[0,0]},"_coverageSchema":"1a1c01bbd47fc00a2c39e90264f33305004495a9","hash":"a65d6884bb17c57b7b3c6c1a0203485459f479e0"}
,"D:\\__KM_MSIB\\Project Akhir\\bekelompok1-fsw5\\app\\controllers\\api\\v1\\auth\\handleGoogleLoginOrRegister.js": {"path":"D:\\__KM_MSIB\\Project Akhir\\bekelompok1-fsw5\\app\\controllers\\api\\v1\\auth\\handleGoogleLoginOrRegister.js","statementMap":{"0":{"start":{"line":1,"column":14},"end":{"line":1,"column":30}},"1":{"start":{"line":2,"column":12},"end":{"line":2,"column":35}},"2":{"start":{"line":3,"column":17},"end":{"line":3,"column":46}},"3":{"start":{"line":4,"column":23},"end":{"line":4,"column":34}},"4":{"start":{"line":7,"column":18},"end":{"line":11,"column":3}},"5":{"start":{"line":13,"column":2},"end":{"line":13,"column":39}},"6":{"start":{"line":17,"column":27},"end":{"line":17,"column":35}},"7":{"start":{"line":19,"column":2},"end":{"line":41,"column":3}},"8":{"start":{"line":20,"column":21},"end":{"line":22,"column":5}},"9":{"start":{"line":23,"column":33},"end":{"line":23,"column":46}},"10":{"start":{"line":25,"column":15},"end":{"line":25,"column":63}},"11":{"start":{"line":26,"column":4},"end":{"line":33,"column":9}},"12":{"start":{"line":27,"column":6},"end":{"line":33,"column":9}},"13":{"start":{"line":34,"column":4},"end":{"line":34,"column":25}},"14":{"start":{"line":36,"column":18},"end":{"line":36,"column":35}},"15":{"start":{"line":37,"column":4},"end":{"line":37,"column":36}},"16":{"start":{"line":39,"column":4},"end":{"line":39,"column":29}},"17":{"start":{"line":40,"column":4},"end":{"line":40,"column":78}},"18":{"start":{"line":44,"column":0},"end":{"line":44,"column":45}}},"fnMap":{"0":{"name":"createToken","decl":{"start":{"line":6,"column":9},"end":{"line":6,"column":20}},"loc":{"start":{"line":6,"column":27},"end":{"line":14,"column":1}},"line":6},"1":{"name":"handleGoogleLoginOrRegister","decl":{"start":{"line":16,"column":15},"end":{"line":16,"column":42}},"loc":{"start":{"line":16,"column":53},"end":{"line":42,"column":1}},"line":16}},"branchMap":{"0":{"loc":{"start":{"line":26,"column":4},"end":{"line":33,"column":9}},"type":"if","locations":[{"start":{"line":26,"column":4},"end":{"line":33,"column":9}},{"start":{},"end":{}}],"line":26}},"s":{"0":6,"1":6,"2":6,"3":6,"4":0,"5":0,"6":0,"7":0,"8":0,"9":0,"10":0,"11":0,"12":0,"13":0,"14":0,"15":0,"16":0,"17":0,"18":6},"f":{"0":0,"1":0},"b":{"0":[0,0]},"_coverageSchema":"1a1c01bbd47fc00a2c39e90264f33305004495a9","hash":"4cb1c4bd15d80ec4c707b1e9dbfaa10ad678e0c6"}
,"D:\\__KM_MSIB\\Project Akhir\\bekelompok1-fsw5\\app\\controllers\\api\\v1\\auth\\userController.js": {"path":"D:\\__KM_MSIB\\Project Akhir\\bekelompok1-fsw5\\app\\controllers\\api\\v1\\auth\\userController.js","statementMap":{"0":{"start":{"line":1,"column":0},"end":{"line":1,"column":27}},"1":{"start":{"line":2,"column":20},"end":{"line":2,"column":63}},"2":{"start":{"line":3,"column":15},"end":{"line":3,"column":32}},"3":{"start":{"line":4,"column":12},"end":{"line":4,"column":35}},"4":{"start":{"line":5,"column":23},"end":{"line":5,"column":34}},"5":{"start":{"line":6,"column":22},"end":{"line":6,"column":37}},"6":{"start":{"line":7,"column":19},"end":{"line":7,"column":62}},"7":{"start":{"line":8,"column":25},"end":{"line":8,"column":62}},"8":{"start":{"line":9,"column":26},"end":{"line":9,"column":64}},"9":{"start":{"line":12,"column":2},"end":{"line":16,"column":3}},"10":{"start":{"line":13,"column":4},"end":{"line":13,"column":41}},"11":{"start":{"line":15,"column":4},"end":{"line":15,"column":37}},"12":{"start":{"line":19,"column":0},"end":{"line":235,"column":2}},"13":{"start":{"line":21,"column":4},"end":{"line":61,"column":5}},"14":{"start":{"line":22,"column":44},"end":{"line":22,"column":52}},"15":{"start":{"line":24,"column":6},"end":{"line":30,"column":7}},"16":{"start":{"line":25,"column":8},"end":{"line":28,"column":11}},"17":{"start":{"line":29,"column":8},"end":{"line":29,"column":15}},"18":{"start":{"line":33,"column":6},"end":{"line":39,"column":7}},"19":{"start":{"line":34,"column":8},"end":{"line":37,"column":11}},"20":{"start":{"line":38,"column":8},"end":{"line":38,"column":15}},"21":{"start":{"line":41,"column":22},"end":{"line":47,"column":8}},"22":{"start":{"line":49,"column":25},"end":{"line":49,"column":62}},"23":{"start":{"line":51,"column":6},"end":{"line":55,"column":9}},"24":{"start":{"line":57,"column":6},"end":{"line":60,"column":9}},"25":{"start":{"line":65,"column":4},"end":{"line":105,"column":5}},"26":{"start":{"line":66,"column":19},"end":{"line":66,"column":63}},"27":{"start":{"line":67,"column":6},"end":{"line":73,"column":7}},"28":{"start":{"line":68,"column":8},"end":{"line":71,"column":11}},"29":{"start":{"line":72,"column":8},"end":{"line":72,"column":15}},"30":{"start":{"line":75,"column":22},"end":{"line":75,"column":76}},"31":{"start":{"line":76,"column":6},"end":{"line":82,"column":7}},"32":{"start":{"line":77,"column":8},"end":{"line":80,"column":11}},"33":{"start":{"line":81,"column":8},"end":{"line":81,"column":15}},"34":{"start":{"line":84,"column":20},"end":{"line":94,"column":7}},"35":{"start":{"line":95,"column":6},"end":{"line":99,"column":9}},"36":{"start":{"line":101,"column":6},"end":{"line":104,"column":9}},"37":{"start":{"line":109,"column":4},"end":{"line":122,"column":5}},"38":{"start":{"line":110,"column":26},"end":{"line":110,"column":37}},"39":{"start":{"line":111,"column":19},"end":{"line":111,"column":57}},"40":{"start":{"line":112,"column":6},"end":{"line":116,"column":9}},"41":{"start":{"line":118,"column":6},"end":{"line":121,"column":9}},"42":{"start":{"line":126,"column":4},"end":{"line":173,"column":5}},"43":{"start":{"line":127,"column":6},"end":{"line":127,"column":36}},"44":{"start":{"line":128,"column":26},"end":{"line":128,"column":51}},"45":{"start":{"line":129,"column":20},"end":{"line":129,"column":51}},"46":{"start":{"line":130,"column":27},"end":{"line":130,"column":45}},"47":{"start":{"line":131,"column":19},"end":{"line":133,"column":7}},"48":{"start":{"line":134,"column":6},"end":{"line":134,"column":27}},"49":{"start":{"line":136,"column":6},"end":{"line":162,"column":7}},"50":{"start":{"line":137,"column":8},"end":{"line":137,"column":34}},"51":{"start":{"line":138,"column":8},"end":{"line":138,"column":36}},"52":{"start":{"line":139,"column":8},"end":{"line":139,"column":34}},"53":{"start":{"line":140,"column":8},"end":{"line":140,"column":40}},"54":{"start":{"line":141,"column":8},"end":{"line":141,"column":36}},"55":{"start":{"line":144,"column":8},"end":{"line":147,"column":9}},"56":{"start":{"line":145,"column":27},"end":{"line":145,"column":55}},"57":{"start":{"line":146,"column":10},"end":{"line":146,"column":44}},"58":{"start":{"line":148,"column":8},"end":{"line":148,"column":49}},"59":{"start":{"line":150,"column":27},"end":{"line":150,"column":61}},"60":{"start":{"line":151,"column":21},"end":{"line":151,"column":69}},"61":{"start":{"line":152,"column":23},"end":{"line":152,"column":51}},"62":{"start":{"line":153,"column":20},"end":{"line":153,"column":37}},"63":{"start":{"line":156,"column":8},"end":{"line":156,"column":34}},"64":{"start":{"line":157,"column":8},"end":{"line":157,"column":36}},"65":{"start":{"line":158,"column":8},"end":{"line":158,"column":34}},"66":{"start":{"line":159,"column":8},"end":{"line":159,"column":40}},"67":{"start":{"line":160,"column":8},"end":{"line":160,"column":36}},"68":{"start":{"line":161,"column":8},"end":{"line":161,"column":25}},"69":{"start":{"line":163,"column":6},"end":{"line":163,"column":46}},"70":{"start":{"line":164,"column":6},"end":{"line":164,"column":27}},"71":{"start":{"line":166,"column":6},"end":{"line":170,"column":9}},"72":{"start":{"line":172,"column":6},"end":{"line":172,"column":40}},"73":{"start":{"line":177,"column":4},"end":{"line":218,"column":5}},"74":{"start":{"line":178,"column":29},"end":{"line":178,"column":43}},"75":{"start":{"line":179,"column":26},"end":{"line":179,"column":37}},"76":{"start":{"line":180,"column":19},"end":{"line":180,"column":63}},"77":{"start":{"line":182,"column":22},"end":{"line":182,"column":79}},"78":{"start":{"line":183,"column":6},"end":{"line":189,"column":7}},"79":{"start":{"line":184,"column":8},"end":{"line":187,"column":11}},"80":{"start":{"line":188,"column":8},"end":{"line":188,"column":15}},"81":{"start":{"line":191,"column":6},"end":{"line":197,"column":7}},"82":{"start":{"line":192,"column":8},"end":{"line":195,"column":11}},"83":{"start":{"line":196,"column":8},"end":{"line":196,"column":15}},"84":{"start":{"line":199,"column":6},"end":{"line":205,"column":7}},"85":{"start":{"line":200,"column":8},"end":{"line":203,"column":11}},"86":{"start":{"line":204,"column":8},"end":{"line":204,"column":15}},"87":{"start":{"line":207,"column":6},"end":{"line":207,"column":65}},"88":{"start":{"line":209,"column":6},"end":{"line":212,"column":9}},"89":{"start":{"line":214,"column":6},"end":{"line":217,"column":9}},"90":{"start":{"line":222,"column":4},"end":{"line":233,"column":5}},"91":{"start":{"line":223,"column":6},"end":{"line":223,"column":47}},"92":{"start":{"line":224,"column":6},"end":{"line":227,"column":9}},"93":{"start":{"line":229,"column":6},"end":{"line":232,"column":9}}},"fnMap":{"0":{"name":"verifyToken","decl":{"start":{"line":11,"column":9},"end":{"line":11,"column":20}},"loc":{"start":{"line":11,"column":28},"end":{"line":17,"column":1}},"line":11},"1":{"name":"(anonymous_1)","decl":{"start":{"line":20,"column":2},"end":{"line":20,"column":3}},"loc":{"start":{"line":20,"column":27},"end":{"line":62,"column":3}},"line":20},"2":{"name":"(anonymous_2)","decl":{"start":{"line":64,"column":2},"end":{"line":64,"column":3}},"loc":{"start":{"line":64,"column":24},"end":{"line":106,"column":3}},"line":64},"3":{"name":"(anonymous_3)","decl":{"start":{"line":108,"column":2},"end":{"line":108,"column":3}},"loc":{"start":{"line":108,"column":26},"end":{"line":123,"column":3}},"line":108},"4":{"name":"(anonymous_4)","decl":{"start":{"line":125,"column":2},"end":{"line":125,"column":3}},"loc":{"start":{"line":125,"column":32},"end":{"line":174,"column":3}},"line":125},"5":{"name":"(anonymous_5)","decl":{"start":{"line":176,"column":2},"end":{"line":176,"column":3}},"loc":{"start":{"line":176,"column":33},"end":{"line":219,"column":3}},"line":176},"6":{"name":"(anonymous_6)","decl":{"start":{"line":221,"column":2},"end":{"line":221,"column":3}},"loc":{"start":{"line":221,"column":25},"end":{"line":234,"column":3}},"line":221}},"branchMap":{"0":{"loc":{"start":{"line":24,"column":6},"end":{"line":30,"column":7}},"type":"if","locations":[{"start":{"line":24,"column":6},"end":{"line":30,"column":7}},{"start":{},"end":{}}],"line":24},"1":{"loc":{"start":{"line":33,"column":6},"end":{"line":39,"column":7}},"type":"if","locations":[{"start":{"line":33,"column":6},"end":{"line":39,"column":7}},{"start":{},"end":{}}],"line":33},"2":{"loc":{"start":{"line":67,"column":6},"end":{"line":73,"column":7}},"type":"if","locations":[{"start":{"line":67,"column":6},"end":{"line":73,"column":7}},{"start":{},"end":{}}],"line":67},"3":{"loc":{"start":{"line":76,"column":6},"end":{"line":82,"column":7}},"type":"if","locations":[{"start":{"line":76,"column":6},"end":{"line":82,"column":7}},{"start":{},"end":{}}],"line":76},"4":{"loc":{"start":{"line":136,"column":6},"end":{"line":162,"column":7}},"type":"if","locations":[{"start":{"line":136,"column":6},"end":{"line":162,"column":7}},{"start":{"line":142,"column":13},"end":{"line":162,"column":7}}],"line":136},"5":{"loc":{"start":{"line":136,"column":10},"end":{"line":136,"column":53}},"type":"binary-expr","locations":[{"start":{"line":136,"column":10},"end":{"line":136,"column":32}},{"start":{"line":136,"column":36},"end":{"line":136,"column":53}}],"line":136},"6":{"loc":{"start":{"line":144,"column":8},"end":{"line":147,"column":9}},"type":"if","locations":[{"start":{"line":144,"column":8},"end":{"line":147,"column":9}},{"start":{},"end":{}}],"line":144},"7":{"loc":{"start":{"line":183,"column":6},"end":{"line":189,"column":7}},"type":"if","locations":[{"start":{"line":183,"column":6},"end":{"line":189,"column":7}},{"start":{},"end":{}}],"line":183},"8":{"loc":{"start":{"line":191,"column":6},"end":{"line":197,"column":7}},"type":"if","locations":[{"start":{"line":191,"column":6},"end":{"line":197,"column":7}},{"start":{},"end":{}}],"line":191},"9":{"loc":{"start":{"line":199,"column":6},"end":{"line":205,"column":7}},"type":"if","locations":[{"start":{"line":199,"column":6},"end":{"line":205,"column":7}},{"start":{},"end":{}}],"line":199}},"s":{"0":6,"1":6,"2":6,"3":6,"4":6,"5":6,"6":6,"7":6,"8":6,"9":1,"10":1,"11":0,"12":6,"13":11,"14":11,"15":11,"16":1,"17":1,"18":10,"19":1,"20":1,"21":9,"22":7,"23":7,"24":2,"25":10,"26":10,"27":10,"28":7,"29":7,"30":3,"31":3,"32":1,"33":1,"34":2,"35":2,"36":0,"37":0,"38":0,"39":0,"40":0,"41":0,"42":1,"43":1,"44":1,"45":1,"46":1,"47":1,"48":1,"49":1,"50":1,"51":1,"52":1,"53":1,"54":1,"55":0,"56":0,"57":0,"58":0,"59":0,"60":0,"61":0,"62":0,"63":0,"64":0,"65":0,"66":0,"67":0,"68":0,"69":1,"70":1,"71":1,"72":0,"73":0,"74":0,"75":0,"76":0,"77":0,"78":0,"79":0,"80":0,"81":0,"82":0,"83":0,"84":0,"85":0,"86":0,"87":0,"88":0,"89":0,"90":9,"91":9,"92":9,"93":0},"f":{"0":1,"1":11,"2":10,"3":0,"4":1,"5":0,"6":9},"b":{"0":[1,10],"1":[1,9],"2":[7,3],"3":[1,2],"4":[1,0],"5":[1,0],"6":[0,0],"7":[0,0],"8":[0,0],"9":[0,0]},"_coverageSchema":"1a1c01bbd47fc00a2c39e90264f33305004495a9","hash":"20c15b66acae2d39802e7b67e43e7e76ea1a9da0"}
,"D:\\__KM_MSIB\\Project Akhir\\bekelompok1-fsw5\\app\\models\\category.js": {"path":"D:\\__KM_MSIB\\Project Akhir\\bekelompok1-fsw5\\app\\models\\category.js","statementMap":{"0":{"start":{"line":2,"column":18},"end":{"line":2,"column":38}},"1":{"start":{"line":3,"column":0},"end":{"line":19,"column":2}},"2":{"start":{"line":6,"column":6},"end":{"line":6,"column":65}},"3":{"start":{"line":9,"column":2},"end":{"line":17,"column":4}},"4":{"start":{"line":18,"column":2},"end":{"line":18,"column":18}}},"fnMap":{"0":{"name":"(anonymous_0)","decl":{"start":{"line":3,"column":17},"end":{"line":3,"column":18}},"loc":{"start":{"line":3,"column":43},"end":{"line":19,"column":1}},"line":3},"1":{"name":"(anonymous_1)","decl":{"start":{"line":5,"column":4},"end":{"line":5,"column":5}},"loc":{"start":{"line":5,"column":29},"end":{"line":7,"column":5}},"line":5}},"branchMap":{},"s":{"0":6,"1":6,"2":6,"3":6,"4":6},"f":{"0":6,"1":6},"b":{},"_coverageSchema":"1a1c01bbd47fc00a2c39e90264f33305004495a9","hash":"301d6e310ed95ee2209b6cf89c01e8b6a6b019e8"}
,"D:\\__KM_MSIB\\Project Akhir\\bekelompok1-fsw5\\app\\models\\index.js": {"path":"D:\\__KM_MSIB\\Project Akhir\\bekelompok1-fsw5\\app\\models\\index.js","statementMap":{"0":{"start":{"line":3,"column":11},"end":{"line":3,"column":24}},"1":{"start":{"line":4,"column":13},"end":{"line":4,"column":28}},"2":{"start":{"line":5,"column":18},"end":{"line":5,"column":38}},"3":{"start":{"line":6,"column":17},"end":{"line":6,"column":42}},"4":{"start":{"line":7,"column":12},"end":{"line":7,"column":49}},"5":{"start":{"line":8,"column":15},"end":{"line":8,"column":68}},"6":{"start":{"line":9,"column":11},"end":{"line":9,"column":13}},"7":{"start":{"line":12,"column":0},"end":{"line":21,"column":1}},"8":{"start":{"line":13,"column":2},"end":{"line":13,"column":74}},"9":{"start":{"line":15,"column":2},"end":{"line":20,"column":4}},"10":{"start":{"line":23,"column":0},"end":{"line":35,"column":5}},"11":{"start":{"line":25,"column":4},"end":{"line":27,"column":6}},"12":{"start":{"line":30,"column":18},"end":{"line":33,"column":5}},"13":{"start":{"line":34,"column":4},"end":{"line":34,"column":27}},"14":{"start":{"line":37,"column":0},"end":{"line":41,"column":3}},"15":{"start":{"line":38,"column":2},"end":{"line":40,"column":3}},"16":{"start":{"line":39,"column":4},"end":{"line":39,"column":32}},"17":{"start":{"line":43,"column":0},"end":{"line":43,"column":25}},"18":{"start":{"line":44,"column":0},"end":{"line":44,"column":25}},"19":{"start":{"line":46,"column":0},"end":{"line":46,"column":20}}},"fnMap":{"0":{"name":"(anonymous_0)","decl":{"start":{"line":24,"column":10},"end":{"line":24,"column":11}},"loc":{"start":{"line":24,"column":20},"end":{"line":28,"column":3}},"line":24},"1":{"name":"(anonymous_1)","decl":{"start":{"line":29,"column":11},"end":{"line":29,"column":12}},"loc":{"start":{"line":29,"column":21},"end":{"line":35,"column":3}},"line":29},"2":{"name":"(anonymous_2)","decl":{"start":{"line":37,"column":24},"end":{"line":37,"column":25}},"loc":{"start":{"line":37,"column":39},"end":{"line":41,"column":1}},"line":37}},"branchMap":{"0":{"loc":{"start":{"line":7,"column":12},"end":{"line":7,"column":49}},"type":"binary-expr","locations":[{"start":{"line":7,"column":12},"end":{"line":7,"column":32}},{"start":{"line":7,"column":36},"end":{"line":7,"column":49}}],"line":7},"1":{"loc":{"start":{"line":12,"column":0},"end":{"line":21,"column":1}},"type":"if","locations":[{"start":{"line":12,"column":0},"end":{"line":21,"column":1}},{"start":{"line":14,"column":7},"end":{"line":21,"column":1}}],"line":12},"2":{"loc":{"start":{"line":26,"column":6},"end":{"line":26,"column":78}},"type":"binary-expr","locations":[{"start":{"line":26,"column":6},"end":{"line":26,"column":29}},{"start":{"line":26,"column":33},"end":{"line":26,"column":50}},{"start":{"line":26,"column":54},"end":{"line":26,"column":78}}],"line":26},"3":{"loc":{"start":{"line":38,"column":2},"end":{"line":40,"column":3}},"type":"if","locations":[{"start":{"line":38,"column":2},"end":{"line":40,"column":3}},{"start":{},"end":{}}],"line":38}},"s":{"0":6,"1":6,"2":6,"3":6,"4":6,"5":6,"6":6,"7":6,"8":0,"9":6,"10":6,"11":48,"12":42,"13":42,"14":6,"15":42,"16":42,"17":6,"18":6,"19":6},"f":{"0":48,"1":42,"2":42},"b":{"0":[6,0],"1":[0,6],"2":[48,48,42],"3":[42,0]},"_coverageSchema":"1a1c01bbd47fc00a2c39e90264f33305004495a9","hash":"9de90e0b3996980f551182cf6f1372d71ec4f37b"}
,"D:\\__KM_MSIB\\Project Akhir\\bekelompok1-fsw5\\app\\models\\product.js": {"path":"D:\\__KM_MSIB\\Project Akhir\\bekelompok1-fsw5\\app\\models\\product.js","statementMap":{"0":{"start":{"line":2,"column":18},"end":{"line":2,"column":38}},"1":{"start":{"line":3,"column":0},"end":{"line":41,"column":2}},"2":{"start":{"line":6,"column":6},"end":{"line":6,"column":64}},"3":{"start":{"line":7,"column":6},"end":{"line":7,"column":68}},"4":{"start":{"line":9,"column":6},"end":{"line":13,"column":9}},"5":{"start":{"line":15,"column":6},"end":{"line":19,"column":9}},"6":{"start":{"line":22,"column":2},"end":{"line":39,"column":4}},"7":{"start":{"line":40,"column":2},"end":{"line":40,"column":17}}},"fnMap":{"0":{"name":"(anonymous_0)","decl":{"start":{"line":3,"column":17},"end":{"line":3,"column":18}},"loc":{"start":{"line":3,"column":43},"end":{"line":41,"column":1}},"line":3},"1":{"name":"(anonymous_1)","decl":{"start":{"line":5,"column":4},"end":{"line":5,"column":5}},"loc":{"start":{"line":5,"column":29},"end":{"line":20,"column":5}},"line":5}},"branchMap":{},"s":{"0":6,"1":6,"2":6,"3":6,"4":6,"5":6,"6":6,"7":6},"f":{"0":6,"1":6},"b":{},"_coverageSchema":"1a1c01bbd47fc00a2c39e90264f33305004495a9","hash":"b62907dc3dc1dd5422d4db58979d78305a8732e6"}
,"D:\\__KM_MSIB\\Project Akhir\\bekelompok1-fsw5\\app\\models\\productsize.js": {"path":"D:\\__KM_MSIB\\Project Akhir\\bekelompok1-fsw5\\app\\models\\productsize.js","statementMap":{"0":{"start":{"line":2,"column":18},"end":{"line":2,"column":38}},"1":{"start":{"line":3,"column":0},"end":{"line":31,"column":2}},"2":{"start":{"line":6,"column":6},"end":{"line":6,"column":71}},"3":{"start":{"line":7,"column":6},"end":{"line":11,"column":9}},"4":{"start":{"line":12,"column":6},"end":{"line":16,"column":9}},"5":{"start":{"line":19,"column":2},"end":{"line":29,"column":4}},"6":{"start":{"line":30,"column":2},"end":{"line":30,"column":21}}},"fnMap":{"0":{"name":"(anonymous_0)","decl":{"start":{"line":3,"column":17},"end":{"line":3,"column":18}},"loc":{"start":{"line":3,"column":43},"end":{"line":31,"column":1}},"line":3},"1":{"name":"(anonymous_1)","decl":{"start":{"line":5,"column":4},"end":{"line":5,"column":5}},"loc":{"start":{"line":5,"column":29},"end":{"line":17,"column":5}},"line":5}},"branchMap":{},"s":{"0":6,"1":6,"2":6,"3":6,"4":6,"5":6,"6":6},"f":{"0":6,"1":6},"b":{},"_coverageSchema":"1a1c01bbd47fc00a2c39e90264f33305004495a9","hash":"0240536a164e16d63f2739081b701ca252845581"}
,"D:\\__KM_MSIB\\Project Akhir\\bekelompok1-fsw5\\app\\models\\size.js": {"path":"D:\\__KM_MSIB\\Project Akhir\\bekelompok1-fsw5\\app\\models\\size.js","statementMap":{"0":{"start":{"line":2,"column":18},"end":{"line":2,"column":38}},"1":{"start":{"line":3,"column":0},"end":{"line":19,"column":2}},"2":{"start":{"line":6,"column":6},"end":{"line":6,"column":65}},"3":{"start":{"line":9,"column":2},"end":{"line":17,"column":4}},"4":{"start":{"line":18,"column":2},"end":{"line":18,"column":14}}},"fnMap":{"0":{"name":"(anonymous_0)","decl":{"start":{"line":3,"column":17},"end":{"line":3,"column":18}},"loc":{"start":{"line":3,"column":43},"end":{"line":19,"column":1}},"line":3},"1":{"name":"(anonymous_1)","decl":{"start":{"line":5,"column":4},"end":{"line":5,"column":5}},"loc":{"start":{"line":5,"column":29},"end":{"line":7,"column":5}},"line":5}},"branchMap":{},"s":{"0":6,"1":6,"2":6,"3":6,"4":6},"f":{"0":6,"1":6},"b":{},"_coverageSchema":"1a1c01bbd47fc00a2c39e90264f33305004495a9","hash":"823d9d561c3d071d09cc866b47f773e0d7698529"}
,"D:\\__KM_MSIB\\Project Akhir\\bekelompok1-fsw5\\app\\models\\transaction.js": {"path":"D:\\__KM_MSIB\\Project Akhir\\bekelompok1-fsw5\\app\\models\\transaction.js","statementMap":{"0":{"start":{"line":2,"column":18},"end":{"line":2,"column":38}},"1":{"start":{"line":3,"column":0},"end":{"line":35,"column":2}},"2":{"start":{"line":6,"column":6},"end":{"line":10,"column":9}},"3":{"start":{"line":11,"column":6},"end":{"line":15,"column":9}},"4":{"start":{"line":18,"column":2},"end":{"line":33,"column":4}},"5":{"start":{"line":34,"column":2},"end":{"line":34,"column":21}}},"fnMap":{"0":{"name":"(anonymous_0)","decl":{"start":{"line":3,"column":17},"end":{"line":3,"column":18}},"loc":{"start":{"line":3,"column":43},"end":{"line":35,"column":1}},"line":3},"1":{"name":"(anonymous_1)","decl":{"start":{"line":5,"column":4},"end":{"line":5,"column":5}},"loc":{"start":{"line":5,"column":29},"end":{"line":16,"column":5}},"line":5}},"branchMap":{},"s":{"0":6,"1":6,"2":6,"3":6,"4":6,"5":6},"f":{"0":6,"1":6},"b":{},"_coverageSchema":"1a1c01bbd47fc00a2c39e90264f33305004495a9","hash":"b543a8d40e6fc42b9fa792b9aa1b2da14a1ea5d8"}
,"D:\\__KM_MSIB\\Project Akhir\\bekelompok1-fsw5\\app\\models\\user.js": {"path":"D:\\__KM_MSIB\\Project Akhir\\bekelompok1-fsw5\\app\\models\\user.js","statementMap":{"0":{"start":{"line":2,"column":18},"end":{"line":2,"column":38}},"1":{"start":{"line":3,"column":15},"end":{"line":3,"column":32}},"2":{"start":{"line":4,"column":0},"end":{"line":55,"column":2}},"3":{"start":{"line":7,"column":6},"end":{"line":7,"column":60}},"4":{"start":{"line":8,"column":6},"end":{"line":8,"column":61}},"5":{"start":{"line":9,"column":6},"end":{"line":9,"column":64}},"6":{"start":{"line":12,"column":2},"end":{"line":53,"column":4}},"7":{"start":{"line":37,"column":10},"end":{"line":40,"column":11}},"8":{"start":{"line":38,"column":25},"end":{"line":38,"column":54}},"9":{"start":{"line":39,"column":12},"end":{"line":39,"column":65}},"10":{"start":{"line":42,"column":21},"end":{"line":42,"column":51}},"11":{"start":{"line":43,"column":10},"end":{"line":43,"column":106}},"12":{"start":{"line":46,"column":10},"end":{"line":49,"column":11}},"13":{"start":{"line":47,"column":25},"end":{"line":47,"column":54}},"14":{"start":{"line":48,"column":12},"end":{"line":48,"column":65}},"15":{"start":{"line":54,"column":2},"end":{"line":54,"column":14}}},"fnMap":{"0":{"name":"(anonymous_0)","decl":{"start":{"line":4,"column":17},"end":{"line":4,"column":18}},"loc":{"start":{"line":4,"column":43},"end":{"line":55,"column":1}},"line":4},"1":{"name":"(anonymous_1)","decl":{"start":{"line":6,"column":4},"end":{"line":6,"column":5}},"loc":{"start":{"line":6,"column":29},"end":{"line":10,"column":5}},"line":6},"2":{"name":"(anonymous_2)","decl":{"start":{"line":36,"column":22},"end":{"line":36,"column":23}},"loc":{"start":{"line":36,"column":38},"end":{"line":44,"column":9}},"line":36},"3":{"name":"(anonymous_3)","decl":{"start":{"line":45,"column":22},"end":{"line":45,"column":23}},"loc":{"start":{"line":45,"column":38},"end":{"line":50,"column":9}},"line":45}},"branchMap":{"0":{"loc":{"start":{"line":37,"column":10},"end":{"line":40,"column":11}},"type":"if","locations":[{"start":{"line":37,"column":10},"end":{"line":40,"column":11}},{"start":{},"end":{}}],"line":37},"1":{"loc":{"start":{"line":46,"column":10},"end":{"line":49,"column":11}},"type":"if","locations":[{"start":{"line":46,"column":10},"end":{"line":49,"column":11}},{"start":{},"end":{}}],"line":46}},"s":{"0":6,"1":6,"2":6,"3":6,"4":6,"5":6,"6":6,"7":9,"8":9,"9":9,"10":9,"11":9,"12":1,"13":0,"14":0,"15":6},"f":{"0":6,"1":6,"2":9,"3":1},"b":{"0":[9,0],"1":[0,1]},"_coverageSchema":"1a1c01bbd47fc00a2c39e90264f33305004495a9","hash":"9d24d049db954eea19880d06885e39faa351a329"}
,"D:\\__KM_MSIB\\Project Akhir\\bekelompok1-fsw5\\app\\models\\wishlist.js": {"path":"D:\\__KM_MSIB\\Project Akhir\\bekelompok1-fsw5\\app\\models\\wishlist.js","statementMap":{"0":{"start":{"line":2,"column":18},"end":{"line":2,"column":38}},"1":{"start":{"line":3,"column":0},"end":{"line":30,"column":2}},"2":{"start":{"line":6,"column":6},"end":{"line":10,"column":9}},"3":{"start":{"line":12,"column":6},"end":{"line":16,"column":9}},"4":{"start":{"line":19,"column":2},"end":{"line":28,"column":4}},"5":{"start":{"line":29,"column":2},"end":{"line":29,"column":18}}},"fnMap":{"0":{"name":"(anonymous_0)","decl":{"start":{"line":3,"column":17},"end":{"line":3,"column":18}},"loc":{"start":{"line":3,"column":43},"end":{"line":30,"column":1}},"line":3},"1":{"name":"(anonymous_1)","decl":{"start":{"line":5,"column":4},"end":{"line":5,"column":5}},"loc":{"start":{"line":5,"column":29},"end":{"line":17,"column":5}},"line":5}},"branchMap":{},"s":{"0":6,"1":6,"2":6,"3":6,"4":6,"5":6},"f":{"0":6,"1":6},"b":{},"_coverageSchema":"1a1c01bbd47fc00a2c39e90264f33305004495a9","hash":"3c20fc13f01e45d3089c001b86e0bba0c2116775"}
,"D:\\__KM_MSIB\\Project Akhir\\bekelompok1-fsw5\\app\\repositories\\categoryRepository.js": {"path":"D:\\__KM_MSIB\\Project Akhir\\bekelompok1-fsw5\\app\\repositories\\categoryRepository.js","statementMap":{"0":{"start":{"line":1,"column":21},"end":{"line":1,"column":41}},"1":{"start":{"line":3,"column":0},"end":{"line":35,"column":2}},"2":{"start":{"line":5,"column":4},"end":{"line":5,"column":30}},"3":{"start":{"line":9,"column":4},"end":{"line":13,"column":7}},"4":{"start":{"line":17,"column":4},"end":{"line":17,"column":39}},"5":{"start":{"line":21,"column":4},"end":{"line":25,"column":7}},"6":{"start":{"line":29,"column":4},"end":{"line":33,"column":7}}},"fnMap":{"0":{"name":"(anonymous_0)","decl":{"start":{"line":4,"column":2},"end":{"line":4,"column":3}},"loc":{"start":{"line":4,"column":12},"end":{"line":6,"column":3}},"line":4},"1":{"name":"(anonymous_1)","decl":{"start":{"line":8,"column":2},"end":{"line":8,"column":3}},"loc":{"start":{"line":8,"column":11},"end":{"line":14,"column":3}},"line":8},"2":{"name":"(anonymous_2)","decl":{"start":{"line":16,"column":2},"end":{"line":16,"column":3}},"loc":{"start":{"line":16,"column":21},"end":{"line":18,"column":3}},"line":16},"3":{"name":"(anonymous_3)","decl":{"start":{"line":20,"column":2},"end":{"line":20,"column":3}},"loc":{"start":{"line":20,"column":25},"end":{"line":26,"column":3}},"line":20},"4":{"name":"(anonymous_4)","decl":{"start":{"line":28,"column":2},"end":{"line":28,"column":3}},"loc":{"start":{"line":28,"column":13},"end":{"line":34,"column":3}},"line":28}},"branchMap":{},"s":{"0":6,"1":6,"2":0,"3":0,"4":0,"5":0,"6":0},"f":{"0":0,"1":0,"2":0,"3":0,"4":0},"b":{},"_coverageSchema":"1a1c01bbd47fc00a2c39e90264f33305004495a9","hash":"d6f751f4ec18b57ebc6ba3bb1b7b263df2bf51f3"}
,"D:\\__KM_MSIB\\Project Akhir\\bekelompok1-fsw5\\app\\repositories\\productRepository.js": {"path":"D:\\__KM_MSIB\\Project Akhir\\bekelompok1-fsw5\\app\\repositories\\productRepository.js","statementMap":{"0":{"start":{"line":1,"column":42},"end":{"line":1,"column":62}},"1":{"start":{"line":3,"column":0},"end":{"line":178,"column":2}},"2":{"start":{"line":5,"column":4},"end":{"line":28,"column":5}},"3":{"start":{"line":6,"column":19},"end":{"line":20,"column":8}},"4":{"start":{"line":22,"column":6},"end":{"line":24,"column":7}},"5":{"start":{"line":23,"column":8},"end":{"line":23,"column":20}},"6":{"start":{"line":25,"column":6},"end":{"line":25,"column":24}},"7":{"start":{"line":27,"column":6},"end":{"line":27,"column":19}},"8":{"start":{"line":32,"column":4},"end":{"line":71,"column":5}},"9":{"start":{"line":33,"column":19},"end":{"line":64,"column":8}},"10":{"start":{"line":66,"column":6},"end":{"line":68,"column":7}},"11":{"start":{"line":67,"column":8},"end":{"line":67,"column":20}},"12":{"start":{"line":70,"column":6},"end":{"line":70,"column":19}},"13":{"start":{"line":75,"column":4},"end":{"line":98,"column":5}},"14":{"start":{"line":76,"column":6},"end":{"line":95,"column":9}},"15":{"start":{"line":97,"column":6},"end":{"line":97,"column":19}},"16":{"start":{"line":102,"column":4},"end":{"line":123,"column":5}},"17":{"start":{"line":103,"column":6},"end":{"line":120,"column":9}},"18":{"start":{"line":122,"column":6},"end":{"line":122,"column":19}},"19":{"start":{"line":127,"column":4},"end":{"line":156,"column":5}},"20":{"start":{"line":128,"column":19},"end":{"line":149,"column":8}},"21":{"start":{"line":151,"column":6},"end":{"line":153,"column":7}},"22":{"start":{"line":152,"column":8},"end":{"line":152,"column":20}},"23":{"start":{"line":155,"column":6},"end":{"line":155,"column":19}},"24":{"start":{"line":160,"column":4},"end":{"line":160,"column":38}},"25":{"start":{"line":164,"column":4},"end":{"line":168,"column":7}},"26":{"start":{"line":172,"column":4},"end":{"line":176,"column":7}}},"fnMap":{"0":{"name":"(anonymous_0)","decl":{"start":{"line":4,"column":2},"end":{"line":4,"column":3}},"loc":{"start":{"line":4,"column":12},"end":{"line":29,"column":3}},"line":4},"1":{"name":"(anonymous_1)","decl":{"start":{"line":31,"column":2},"end":{"line":31,"column":3}},"loc":{"start":{"line":31,"column":15},"end":{"line":72,"column":3}},"line":31},"2":{"name":"(anonymous_2)","decl":{"start":{"line":74,"column":2},"end":{"line":74,"column":3}},"loc":{"start":{"line":74,"column":31},"end":{"line":99,"column":3}},"line":74},"3":{"name":"(anonymous_3)","decl":{"start":{"line":101,"column":2},"end":{"line":101,"column":3}},"loc":{"start":{"line":101,"column":25},"end":{"line":124,"column":3}},"line":101},"4":{"name":"(anonymous_4)","decl":{"start":{"line":126,"column":2},"end":{"line":126,"column":3}},"loc":{"start":{"line":126,"column":11},"end":{"line":157,"column":3}},"line":126},"5":{"name":"(anonymous_5)","decl":{"start":{"line":159,"column":2},"end":{"line":159,"column":3}},"loc":{"start":{"line":159,"column":21},"end":{"line":161,"column":3}},"line":159},"6":{"name":"(anonymous_6)","decl":{"start":{"line":163,"column":2},"end":{"line":163,"column":3}},"loc":{"start":{"line":163,"column":25},"end":{"line":169,"column":3}},"line":163},"7":{"name":"(anonymous_7)","decl":{"start":{"line":171,"column":2},"end":{"line":171,"column":3}},"loc":{"start":{"line":171,"column":13},"end":{"line":177,"column":3}},"line":171}},"branchMap":{"0":{"loc":{"start":{"line":22,"column":6},"end":{"line":24,"column":7}},"type":"if","locations":[{"start":{"line":22,"column":6},"end":{"line":24,"column":7}},{"start":{},"end":{}}],"line":22},"1":{"loc":{"start":{"line":66,"column":6},"end":{"line":68,"column":7}},"type":"if","locations":[{"start":{"line":66,"column":6},"end":{"line":68,"column":7}},{"start":{},"end":{}}],"line":66},"2":{"loc":{"start":{"line":151,"column":6},"end":{"line":153,"column":7}},"type":"if","locations":[{"start":{"line":151,"column":6},"end":{"line":153,"column":7}},{"start":{},"end":{}}],"line":151}},"s":{"0":6,"1":6,"2":1,"3":1,"4":1,"5":1,"6":0,"7":0,"8":0,"9":0,"10":0,"11":0,"12":0,"13":0,"14":0,"15":0,"16":0,"17":0,"18":0,"19":0,"20":0,"21":0,"22":0,"23":0,"24":0,"25":0,"26":0},"f":{"0":1,"1":0,"2":0,"3":0,"4":0,"5":0,"6":0,"7":0},"b":{"0":[1,0],"1":[0,0],"2":[0,0]},"_coverageSchema":"1a1c01bbd47fc00a2c39e90264f33305004495a9","hash":"30f4d5847b68085fc960e6f16dd2af3c171a09bd"}
,"D:\\__KM_MSIB\\Project Akhir\\bekelompok1-fsw5\\app\\repositories\\sizeRepository.js": {"path":"D:\\__KM_MSIB\\Project Akhir\\bekelompok1-fsw5\\app\\repositories\\sizeRepository.js","statementMap":{"0":{"start":{"line":1,"column":39},"end":{"line":1,"column":59}},"1":{"start":{"line":3,"column":0},"end":{"line":60,"column":2}},"2":{"start":{"line":5,"column":5},"end":{"line":18,"column":7}},"3":{"start":{"line":22,"column":4},"end":{"line":38,"column":7}},"4":{"start":{"line":42,"column":4},"end":{"line":42,"column":42}},"5":{"start":{"line":46,"column":4},"end":{"line":50,"column":7}},"6":{"start":{"line":54,"column":4},"end":{"line":58,"column":7}}},"fnMap":{"0":{"name":"(anonymous_0)","decl":{"start":{"line":4,"column":2},"end":{"line":4,"column":3}},"loc":{"start":{"line":4,"column":12},"end":{"line":19,"column":3}},"line":4},"1":{"name":"(anonymous_1)","decl":{"start":{"line":21,"column":2},"end":{"line":21,"column":3}},"loc":{"start":{"line":21,"column":11},"end":{"line":39,"column":3}},"line":21},"2":{"name":"(anonymous_2)","decl":{"start":{"line":41,"column":2},"end":{"line":41,"column":3}},"loc":{"start":{"line":41,"column":21},"end":{"line":43,"column":3}},"line":41},"3":{"name":"(anonymous_3)","decl":{"start":{"line":45,"column":2},"end":{"line":45,"column":3}},"loc":{"start":{"line":45,"column":25},"end":{"line":51,"column":3}},"line":45},"4":{"name":"(anonymous_4)","decl":{"start":{"line":53,"column":2},"end":{"line":53,"column":3}},"loc":{"start":{"line":53,"column":13},"end":{"line":59,"column":3}},"line":53}},"branchMap":{},"s":{"0":6,"1":6,"2":0,"3":0,"4":0,"5":0,"6":0},"f":{"0":0,"1":0,"2":0,"3":0,"4":0},"b":{},"_coverageSchema":"1a1c01bbd47fc00a2c39e90264f33305004495a9","hash":"51020c1af414b3d8e775d86ab878804e50d8d78a"}
,"D:\\__KM_MSIB\\Project Akhir\\bekelompok1-fsw5\\app\\repositories\\transactionRepository.js": {"path":"D:\\__KM_MSIB\\Project Akhir\\bekelompok1-fsw5\\app\\repositories\\transactionRepository.js","statementMap":{"0":{"start":{"line":1,"column":68},"end":{"line":1,"column":88}},"1":{"start":{"line":3,"column":0},"end":{"line":296,"column":2}},"2":{"start":{"line":5,"column":4},"end":{"line":5,"column":33}},"3":{"start":{"line":9,"column":4},"end":{"line":13,"column":7}},"4":{"start":{"line":17,"column":4},"end":{"line":71,"column":5}},"5":{"start":{"line":18,"column":19},"end":{"line":64,"column":8}},"6":{"start":{"line":66,"column":6},"end":{"line":68,"column":7}},"7":{"start":{"line":67,"column":8},"end":{"line":67,"column":20}},"8":{"start":{"line":70,"column":6},"end":{"line":70,"column":19}},"9":{"start":{"line":75,"column":4},"end":{"line":134,"column":5}},"10":{"start":{"line":76,"column":19},"end":{"line":127,"column":8}},"11":{"start":{"line":129,"column":6},"end":{"line":131,"column":7}},"12":{"start":{"line":130,"column":8},"end":{"line":130,"column":20}},"13":{"start":{"line":133,"column":6},"end":{"line":133,"column":19}},"14":{"start":{"line":138,"column":4},"end":{"line":195,"column":5}},"15":{"start":{"line":139,"column":19},"end":{"line":188,"column":8}},"16":{"start":{"line":190,"column":6},"end":{"line":192,"column":7}},"17":{"start":{"line":191,"column":8},"end":{"line":191,"column":20}},"18":{"start":{"line":194,"column":6},"end":{"line":194,"column":19}},"19":{"start":{"line":199,"column":4},"end":{"line":256,"column":5}},"20":{"start":{"line":200,"column":19},"end":{"line":249,"column":8}},"21":{"start":{"line":251,"column":6},"end":{"line":253,"column":7}},"22":{"start":{"line":252,"column":8},"end":{"line":252,"column":20}},"23":{"start":{"line":255,"column":6},"end":{"line":255,"column":19}},"24":{"start":{"line":260,"column":4},"end":{"line":274,"column":5}},"25":{"start":{"line":261,"column":19},"end":{"line":267,"column":8}},"26":{"start":{"line":269,"column":6},"end":{"line":271,"column":7}},"27":{"start":{"line":270,"column":8},"end":{"line":270,"column":20}},"28":{"start":{"line":273,"column":6},"end":{"line":273,"column":19}},"29":{"start":{"line":278,"column":4},"end":{"line":278,"column":42}},"30":{"start":{"line":282,"column":4},"end":{"line":286,"column":7}},"31":{"start":{"line":290,"column":4},"end":{"line":294,"column":7}}},"fnMap":{"0":{"name":"(anonymous_0)","decl":{"start":{"line":4,"column":2},"end":{"line":4,"column":3}},"loc":{"start":{"line":4,"column":12},"end":{"line":6,"column":3}},"line":4},"1":{"name":"(anonymous_1)","decl":{"start":{"line":8,"column":2},"end":{"line":8,"column":3}},"loc":{"start":{"line":8,"column":11},"end":{"line":14,"column":3}},"line":8},"2":{"name":"(anonymous_2)","decl":{"start":{"line":16,"column":2},"end":{"line":16,"column":3}},"loc":{"start":{"line":16,"column":18},"end":{"line":72,"column":3}},"line":16},"3":{"name":"(anonymous_3)","decl":{"start":{"line":74,"column":2},"end":{"line":74,"column":3}},"loc":{"start":{"line":74,"column":19},"end":{"line":135,"column":3}},"line":74},"4":{"name":"(anonymous_4)","decl":{"start":{"line":137,"column":2},"end":{"line":137,"column":3}},"loc":{"start":{"line":137,"column":31},"end":{"line":196,"column":3}},"line":137},"5":{"name":"(anonymous_5)","decl":{"start":{"line":198,"column":2},"end":{"line":198,"column":3}},"loc":{"start":{"line":198,"column":32},"end":{"line":257,"column":3}},"line":198},"6":{"name":"(anonymous_6)","decl":{"start":{"line":259,"column":2},"end":{"line":259,"column":3}},"loc":{"start":{"line":259,"column":43},"end":{"line":275,"column":3}},"line":259},"7":{"name":"(anonymous_7)","decl":{"start":{"line":277,"column":2},"end":{"line":277,"column":3}},"loc":{"start":{"line":277,"column":21},"end":{"line":279,"column":3}},"line":277},"8":{"name":"(anonymous_8)","decl":{"start":{"line":281,"column":2},"end":{"line":281,"column":3}},"loc":{"start":{"line":281,"column":25},"end":{"line":287,"column":3}},"line":281},"9":{"name":"(anonymous_9)","decl":{"start":{"line":289,"column":2},"end":{"line":289,"column":3}},"loc":{"start":{"line":289,"column":13},"end":{"line":295,"column":3}},"line":289}},"branchMap":{"0":{"loc":{"start":{"line":66,"column":6},"end":{"line":68,"column":7}},"type":"if","locations":[{"start":{"line":66,"column":6},"end":{"line":68,"column":7}},{"start":{},"end":{}}],"line":66},"1":{"loc":{"start":{"line":129,"column":6},"end":{"line":131,"column":7}},"type":"if","locations":[{"start":{"line":129,"column":6},"end":{"line":131,"column":7}},{"start":{},"end":{}}],"line":129},"2":{"loc":{"start":{"line":190,"column":6},"end":{"line":192,"column":7}},"type":"if","locations":[{"start":{"line":190,"column":6},"end":{"line":192,"column":7}},{"start":{},"end":{}}],"line":190},"3":{"loc":{"start":{"line":251,"column":6},"end":{"line":253,"column":7}},"type":"if","locations":[{"start":{"line":251,"column":6},"end":{"line":253,"column":7}},{"start":{},"end":{}}],"line":251},"4":{"loc":{"start":{"line":269,"column":6},"end":{"line":271,"column":7}},"type":"if","locations":[{"start":{"line":269,"column":6},"end":{"line":271,"column":7}},{"start":{},"end":{}}],"line":269}},"s":{"0":6,"1":6,"2":0,"3":0,"4":0,"5":0,"6":0,"7":0,"8":0,"9":0,"10":0,"11":0,"12":0,"13":0,"14":0,"15":0,"16":0,"17":0,"18":0,"19":0,"20":0,"21":0,"22":0,"23":0,"24":0,"25":0,"26":0,"27":0,"28":0,"29":0,"30":0,"31":0},"f":{"0":0,"1":0,"2":0,"3":0,"4":0,"5":0,"6":0,"7":0,"8":0,"9":0},"b":{"0":[0,0],"1":[0,0],"2":[0,0],"3":[0,0],"4":[0,0]},"_coverageSchema":"1a1c01bbd47fc00a2c39e90264f33305004495a9","hash":"8fc5f06968f1200caec91e60c873f478c1fd1926"}
,"D:\\__KM_MSIB\\Project Akhir\\bekelompok1-fsw5\\app\\repositories\\userRepository.js": {"path":"D:\\__KM_MSIB\\Project Akhir\\bekelompok1-fsw5\\app\\repositories\\userRepository.js","statementMap":{"0":{"start":{"line":1,"column":17},"end":{"line":1,"column":37}},"1":{"start":{"line":3,"column":0},"end":{"line":45,"column":2}},"2":{"start":{"line":5,"column":4},"end":{"line":5,"column":26}},"3":{"start":{"line":9,"column":4},"end":{"line":14,"column":7}},"4":{"start":{"line":18,"column":4},"end":{"line":22,"column":7}},"5":{"start":{"line":26,"column":4},"end":{"line":26,"column":35}},"6":{"start":{"line":30,"column":4},"end":{"line":35,"column":7}},"7":{"start":{"line":39,"column":4},"end":{"line":43,"column":7}}},"fnMap":{"0":{"name":"(anonymous_0)","decl":{"start":{"line":4,"column":2},"end":{"line":4,"column":3}},"loc":{"start":{"line":4,"column":12},"end":{"line":6,"column":3}},"line":4},"1":{"name":"(anonymous_1)","decl":{"start":{"line":8,"column":2},"end":{"line":8,"column":3}},"loc":{"start":{"line":8,"column":15},"end":{"line":15,"column":3}},"line":8},"2":{"name":"(anonymous_2)","decl":{"start":{"line":17,"column":2},"end":{"line":17,"column":3}},"loc":{"start":{"line":17,"column":21},"end":{"line":23,"column":3}},"line":17},"3":{"name":"(anonymous_3)","decl":{"start":{"line":25,"column":2},"end":{"line":25,"column":3}},"loc":{"start":{"line":25,"column":21},"end":{"line":27,"column":3}},"line":25},"4":{"name":"(anonymous_4)","decl":{"start":{"line":29,"column":2},"end":{"line":29,"column":3}},"loc":{"start":{"line":29,"column":25},"end":{"line":36,"column":3}},"line":29},"5":{"name":"(anonymous_5)","decl":{"start":{"line":38,"column":2},"end":{"line":38,"column":3}},"loc":{"start":{"line":38,"column":16},"end":{"line":44,"column":3}},"line":38}},"branchMap":{},"s":{"0":6,"1":6,"2":0,"3":8,"4":24,"5":9,"6":1,"7":9},"f":{"0":0,"1":8,"2":24,"3":9,"4":1,"5":9},"b":{},"_coverageSchema":"1a1c01bbd47fc00a2c39e90264f33305004495a9","hash":"be0d76b1a9d2579de3a7e9c602dd9a80a86542cf"}
,"D:\\__KM_MSIB\\Project Akhir\\bekelompok1-fsw5\\app\\repositories\\wishlistRepository.js": {"path":"D:\\__KM_MSIB\\Project Akhir\\bekelompok1-fsw5\\app\\repositories\\wishlistRepository.js","statementMap":{"0":{"start":{"line":1,"column":46},"end":{"line":1,"column":66}},"1":{"start":{"line":3,"column":0},"end":{"line":129,"column":2}},"2":{"start":{"line":5,"column":4},"end":{"line":5,"column":30}},"3":{"start":{"line":9,"column":4},"end":{"line":54,"column":5}},"4":{"start":{"line":10,"column":19},"end":{"line":47,"column":8}},"5":{"start":{"line":49,"column":6},"end":{"line":51,"column":7}},"6":{"start":{"line":50,"column":8},"end":{"line":50,"column":20}},"7":{"start":{"line":53,"column":6},"end":{"line":53,"column":19}},"8":{"start":{"line":58,"column":4},"end":{"line":98,"column":5}},"9":{"start":{"line":59,"column":19},"end":{"line":91,"column":8}},"10":{"start":{"line":93,"column":6},"end":{"line":95,"column":7}},"11":{"start":{"line":94,"column":8},"end":{"line":94,"column":20}},"12":{"start":{"line":97,"column":6},"end":{"line":97,"column":19}},"13":{"start":{"line":102,"column":4},"end":{"line":115,"column":5}},"14":{"start":{"line":103,"column":19},"end":{"line":108,"column":8}},"15":{"start":{"line":110,"column":6},"end":{"line":112,"column":7}},"16":{"start":{"line":111,"column":8},"end":{"line":111,"column":20}},"17":{"start":{"line":114,"column":6},"end":{"line":114,"column":19}},"18":{"start":{"line":119,"column":4},"end":{"line":119,"column":39}},"19":{"start":{"line":123,"column":4},"end":{"line":127,"column":7}}},"fnMap":{"0":{"name":"(anonymous_0)","decl":{"start":{"line":4,"column":2},"end":{"line":4,"column":3}},"loc":{"start":{"line":4,"column":12},"end":{"line":6,"column":3}},"line":4},"1":{"name":"(anonymous_1)","decl":{"start":{"line":8,"column":2},"end":{"line":8,"column":3}},"loc":{"start":{"line":8,"column":28},"end":{"line":55,"column":3}},"line":8},"2":{"name":"(anonymous_2)","decl":{"start":{"line":57,"column":2},"end":{"line":57,"column":3}},"loc":{"start":{"line":57,"column":29},"end":{"line":99,"column":3}},"line":57},"3":{"name":"(anonymous_3)","decl":{"start":{"line":101,"column":2},"end":{"line":101,"column":3}},"loc":{"start":{"line":101,"column":39},"end":{"line":116,"column":3}},"line":101},"4":{"name":"(anonymous_4)","decl":{"start":{"line":118,"column":2},"end":{"line":118,"column":3}},"loc":{"start":{"line":118,"column":21},"end":{"line":120,"column":3}},"line":118},"5":{"name":"(anonymous_5)","decl":{"start":{"line":122,"column":2},"end":{"line":122,"column":3}},"loc":{"start":{"line":122,"column":13},"end":{"line":128,"column":3}},"line":122}},"branchMap":{"0":{"loc":{"start":{"line":49,"column":6},"end":{"line":51,"column":7}},"type":"if","locations":[{"start":{"line":49,"column":6},"end":{"line":51,"column":7}},{"start":{},"end":{}}],"line":49},"1":{"loc":{"start":{"line":93,"column":6},"end":{"line":95,"column":7}},"type":"if","locations":[{"start":{"line":93,"column":6},"end":{"line":95,"column":7}},{"start":{},"end":{}}],"line":93},"2":{"loc":{"start":{"line":110,"column":6},"end":{"line":112,"column":7}},"type":"if","locations":[{"start":{"line":110,"column":6},"end":{"line":112,"column":7}},{"start":{},"end":{}}],"line":110}},"s":{"0":6,"1":6,"2":0,"3":0,"4":0,"5":0,"6":0,"7":0,"8":0,"9":0,"10":0,"11":0,"12":0,"13":0,"14":0,"15":0,"16":0,"17":0,"18":0,"19":0},"f":{"0":0,"1":0,"2":0,"3":0,"4":0,"5":0},"b":{"0":[0,0],"1":[0,0],"2":[0,0]},"_coverageSchema":"1a1c01bbd47fc00a2c39e90264f33305004495a9","hash":"ecb98d3570e9d000a1d881da34509557e27c04a4"}
,"D:\\__KM_MSIB\\Project Akhir\\bekelompok1-fsw5\\app\\services\\categoryService.js": {"path":"D:\\__KM_MSIB\\Project Akhir\\bekelompok1-fsw5\\app\\services\\categoryService.js","statementMap":{"0":{"start":{"line":1,"column":27},"end":{"line":1,"column":72}},"1":{"start":{"line":3,"column":0},"end":{"line":43,"column":2}},"2":{"start":{"line":5,"column":4},"end":{"line":9,"column":5}},"3":{"start":{"line":6,"column":6},"end":{"line":6,"column":48}},"4":{"start":{"line":8,"column":6},"end":{"line":8,"column":16}},"5":{"start":{"line":13,"column":4},"end":{"line":17,"column":5}},"6":{"start":{"line":14,"column":6},"end":{"line":14,"column":47}},"7":{"start":{"line":16,"column":6},"end":{"line":16,"column":16}},"8":{"start":{"line":21,"column":4},"end":{"line":25,"column":5}},"9":{"start":{"line":22,"column":6},"end":{"line":22,"column":58}},"10":{"start":{"line":24,"column":6},"end":{"line":24,"column":16}},"11":{"start":{"line":29,"column":4},"end":{"line":33,"column":5}},"12":{"start":{"line":30,"column":6},"end":{"line":30,"column":62}},"13":{"start":{"line":32,"column":6},"end":{"line":32,"column":16}},"14":{"start":{"line":37,"column":4},"end":{"line":41,"column":5}},"15":{"start":{"line":38,"column":6},"end":{"line":38,"column":49}},"16":{"start":{"line":40,"column":6},"end":{"line":40,"column":16}}},"fnMap":{"0":{"name":"(anonymous_0)","decl":{"start":{"line":4,"column":2},"end":{"line":4,"column":3}},"loc":{"start":{"line":4,"column":15},"end":{"line":10,"column":3}},"line":4},"1":{"name":"(anonymous_1)","decl":{"start":{"line":12,"column":2},"end":{"line":12,"column":3}},"loc":{"start":{"line":12,"column":16},"end":{"line":18,"column":3}},"line":12},"2":{"name":"(anonymous_2)","decl":{"start":{"line":20,"column":2},"end":{"line":20,"column":3}},"loc":{"start":{"line":20,"column":28},"end":{"line":26,"column":3}},"line":20},"3":{"name":"(anonymous_3)","decl":{"start":{"line":28,"column":2},"end":{"line":28,"column":3}},"loc":{"start":{"line":28,"column":32},"end":{"line":34,"column":3}},"line":28},"4":{"name":"(anonymous_4)","decl":{"start":{"line":36,"column":2},"end":{"line":36,"column":3}},"loc":{"start":{"line":36,"column":19},"end":{"line":42,"column":3}},"line":36}},"branchMap":{},"s":{"0":6,"1":6,"2":0,"3":0,"4":0,"5":0,"6":0,"7":0,"8":0,"9":0,"10":0,"11":0,"12":0,"13":0,"14":0,"15":0,"16":0},"f":{"0":0,"1":0,"2":0,"3":0,"4":0},"b":{},"_coverageSchema":"1a1c01bbd47fc00a2c39e90264f33305004495a9","hash":"f4d0b851c64537ac8ebabd26bba608040b4bd183"}
,"D:\\__KM_MSIB\\Project Akhir\\bekelompok1-fsw5\\app\\services\\productService.js": {"path":"D:\\__KM_MSIB\\Project Akhir\\bekelompok1-fsw5\\app\\services\\productService.js","statementMap":{"0":{"start":{"line":1,"column":26},"end":{"line":1,"column":70}},"1":{"start":{"line":3,"column":0},"end":{"line":59,"column":2}},"2":{"start":{"line":5,"column":4},"end":{"line":9,"column":5}},"3":{"start":{"line":6,"column":6},"end":{"line":6,"column":47}},"4":{"start":{"line":8,"column":6},"end":{"line":8,"column":16}},"5":{"start":{"line":13,"column":4},"end":{"line":17,"column":5}},"6":{"start":{"line":14,"column":6},"end":{"line":14,"column":60}},"7":{"start":{"line":16,"column":6},"end":{"line":16,"column":16}},"8":{"start":{"line":21,"column":4},"end":{"line":25,"column":5}},"9":{"start":{"line":22,"column":6},"end":{"line":22,"column":50}},"10":{"start":{"line":24,"column":6},"end":{"line":24,"column":16}},"11":{"start":{"line":29,"column":4},"end":{"line":33,"column":5}},"12":{"start":{"line":30,"column":6},"end":{"line":30,"column":66}},"13":{"start":{"line":32,"column":6},"end":{"line":32,"column":16}},"14":{"start":{"line":37,"column":4},"end":{"line":41,"column":5}},"15":{"start":{"line":38,"column":6},"end":{"line":38,"column":57}},"16":{"start":{"line":40,"column":6},"end":{"line":40,"column":16}},"17":{"start":{"line":45,"column":4},"end":{"line":49,"column":5}},"18":{"start":{"line":46,"column":6},"end":{"line":46,"column":61}},"19":{"start":{"line":48,"column":6},"end":{"line":48,"column":16}},"20":{"start":{"line":53,"column":4},"end":{"line":57,"column":5}},"21":{"start":{"line":54,"column":6},"end":{"line":54,"column":48}},"22":{"start":{"line":56,"column":6},"end":{"line":56,"column":16}}},"fnMap":{"0":{"name":"(anonymous_0)","decl":{"start":{"line":4,"column":2},"end":{"line":4,"column":3}},"loc":{"start":{"line":4,"column":15},"end":{"line":10,"column":3}},"line":4},"1":{"name":"(anonymous_1)","decl":{"start":{"line":12,"column":2},"end":{"line":12,"column":3}},"loc":{"start":{"line":12,"column":31},"end":{"line":18,"column":3}},"line":12},"2":{"name":"(anonymous_2)","decl":{"start":{"line":20,"column":2},"end":{"line":20,"column":3}},"loc":{"start":{"line":20,"column":16},"end":{"line":26,"column":3}},"line":20},"3":{"name":"(anonymous_3)","decl":{"start":{"line":28,"column":2},"end":{"line":28,"column":3}},"loc":{"start":{"line":28,"column":36},"end":{"line":34,"column":3}},"line":28},"4":{"name":"(anonymous_4)","decl":{"start":{"line":36,"column":2},"end":{"line":36,"column":3}},"loc":{"start":{"line":36,"column":28},"end":{"line":42,"column":3}},"line":36},"5":{"name":"(anonymous_5)","decl":{"start":{"line":44,"column":2},"end":{"line":44,"column":3}},"loc":{"start":{"line":44,"column":32},"end":{"line":50,"column":3}},"line":44},"6":{"name":"(anonymous_6)","decl":{"start":{"line":52,"column":2},"end":{"line":52,"column":3}},"loc":{"start":{"line":52,"column":19},"end":{"line":58,"column":3}},"line":52}},"branchMap":{},"s":{"0":6,"1":6,"2":1,"3":1,"4":0,"5":0,"6":0,"7":0,"8":0,"9":0,"10":0,"11":0,"12":0,"13":0,"14":0,"15":0,"16":0,"17":0,"18":0,"19":0,"20":0,"21":0,"22":0},"f":{"0":1,"1":0,"2":0,"3":0,"4":0,"5":0,"6":0},"b":{},"_coverageSchema":"1a1c01bbd47fc00a2c39e90264f33305004495a9","hash":"191a84e091e6425c00330b57acb63b1b82b8db5d"}
,"D:\\__KM_MSIB\\Project Akhir\\bekelompok1-fsw5\\app\\services\\sizeService.js": {"path":"D:\\__KM_MSIB\\Project Akhir\\bekelompok1-fsw5\\app\\services\\sizeService.js","statementMap":{"0":{"start":{"line":1,"column":23},"end":{"line":1,"column":64}},"1":{"start":{"line":3,"column":0},"end":{"line":43,"column":2}},"2":{"start":{"line":5,"column":4},"end":{"line":9,"column":5}},"3":{"start":{"line":6,"column":6},"end":{"line":6,"column":44}},"4":{"start":{"line":8,"column":6},"end":{"line":8,"column":16}},"5":{"start":{"line":13,"column":4},"end":{"line":17,"column":5}},"6":{"start":{"line":14,"column":6},"end":{"line":14,"column":43}},"7":{"start":{"line":16,"column":6},"end":{"line":16,"column":16}},"8":{"start":{"line":21,"column":4},"end":{"line":25,"column":5}},"9":{"start":{"line":22,"column":6},"end":{"line":22,"column":54}},"10":{"start":{"line":24,"column":6},"end":{"line":24,"column":16}},"11":{"start":{"line":29,"column":4},"end":{"line":33,"column":5}},"12":{"start":{"line":30,"column":6},"end":{"line":30,"column":58}},"13":{"start":{"line":32,"column":6},"end":{"line":32,"column":16}},"14":{"start":{"line":37,"column":4},"end":{"line":41,"column":5}},"15":{"start":{"line":38,"column":6},"end":{"line":38,"column":45}},"16":{"start":{"line":40,"column":6},"end":{"line":40,"column":16}}},"fnMap":{"0":{"name":"(anonymous_0)","decl":{"start":{"line":4,"column":2},"end":{"line":4,"column":3}},"loc":{"start":{"line":4,"column":15},"end":{"line":10,"column":3}},"line":4},"1":{"name":"(anonymous_1)","decl":{"start":{"line":12,"column":2},"end":{"line":12,"column":3}},"loc":{"start":{"line":12,"column":16},"end":{"line":18,"column":3}},"line":12},"2":{"name":"(anonymous_2)","decl":{"start":{"line":20,"column":2},"end":{"line":20,"column":3}},"loc":{"start":{"line":20,"column":28},"end":{"line":26,"column":3}},"line":20},"3":{"name":"(anonymous_3)","decl":{"start":{"line":28,"column":2},"end":{"line":28,"column":3}},"loc":{"start":{"line":28,"column":32},"end":{"line":34,"column":3}},"line":28},"4":{"name":"(anonymous_4)","decl":{"start":{"line":36,"column":2},"end":{"line":36,"column":3}},"loc":{"start":{"line":36,"column":19},"end":{"line":42,"column":3}},"line":36}},"branchMap":{},"s":{"0":6,"1":6,"2":0,"3":0,"4":0,"5":0,"6":0,"7":0,"8":0,"9":0,"10":0,"11":0,"12":0,"13":0,"14":0,"15":0,"16":0},"f":{"0":0,"1":0,"2":0,"3":0,"4":0},"b":{},"_coverageSchema":"1a1c01bbd47fc00a2c39e90264f33305004495a9","hash":"caa4df6d08ecf91c5a0f3aef614c625012f7265a"}
[...]
\\userMiddleware.js": {"path":"D:\\__KM_MSIB\\Project Akhir\\bekelompok1-fsw5\\middlewares\\userMiddleware.js","statementMap":{"0":{"start":{"line":1,"column":0},"end":{"line":1,"column":27}},"1":{"start":{"line":2,"column":12},"end":{"line":2,"column":35}},"2":{"start":{"line":3,"column":20},"end":{"line":3,"column":58}},"3":{"start":{"line":5,"column":0},"end":{"line":133,"column":2}},"4":{"start":{"line":7,"column":4},"end":{"line":22,"column":5}},"5":{"start":{"line":8,"column":19},"end":{"line":8,"column":63}},"6":{"start":{"line":9,"column":6},"end":{"line":15,"column":7}},"7":{"start":{"line":10,"column":8},"end":{"line":13,"column":11}},"8":{"start":{"line":14,"column":8},"end":{"line":14,"column":15}},"9":{"start":{"line":16,"column":6},"end":{"line":16,"column":13}},"10":{"start":{"line":18,"column":6},"end":{"line":21,"column":9}},"11":{"start":{"line":26,"column":4},"end":{"line":41,"column":5}},"12":{"start":{"line":27,"column":40},"end":{"line":27,"column":48}},"13":{"start":{"line":28,"column":6},"end":{"line":34,"column":7}},"14":{"start":{"line":29,"column":8},"end":{"line":32,"column":11}},"15":{"start":{"line":33,"column":8},"end":{"line":33,"column":15}},"16":{"start":{"line":35,"column":6},"end":{"line":35,"column":13}},"17":{"start":{"line":37,"column":6},"end":{"line":40,"column":9}},"18":{"start":{"line":45,"column":4},"end":{"line":71,"column":5}},"19":{"start":{"line":46,"column":26},"end":{"line":46,"column":51}},"20":{"start":{"line":47,"column":20},"end":{"line":47,"column":51}},"21":{"start":{"line":48,"column":27},"end":{"line":51,"column":7}},"22":{"start":{"line":53,"column":6},"end":{"line":53,"column":60}},"23":{"start":{"line":54,"column":6},"end":{"line":60,"column":7}},"24":{"start":{"line":55,"column":8},"end":{"line":58,"column":11}},"25":{"start":{"line":59,"column":8},"end":{"line":59,"column":15}},"26":{"start":{"line":61,"column":6},"end":{"line":61,"column":13}},"27":{"start":{"line":63,"column":6},"end":{"line":66,"column":7}},"28":{"start":{"line":64,"column":8},"end":{"line":64,"column":59}},"29":{"start":{"line":65,"column":8},"end":{"line":65,"column":15}},"30":{"start":{"line":68,"column":6},"end":{"line":70,"column":9}},"31":{"start":{"line":75,"column":4},"end":{"line":101,"column":5}},"32":{"start":{"line":76,"column":26},"end":{"line":76,"column":51}},"33":{"start":{"line":77,"column":20},"end":{"line":77,"column":51}},"34":{"start":{"line":78,"column":27},"end":{"line":81,"column":7}},"35":{"start":{"line":83,"column":6},"end":{"line":83,"column":60}},"36":{"start":{"line":84,"column":6},"end":{"line":90,"column":7}},"37":{"start":{"line":85,"column":8},"end":{"line":88,"column":11}},"38":{"start":{"line":89,"column":8},"end":{"line":89,"column":15}},"39":{"start":{"line":91,"column":6},"end":{"line":91,"column":13}},"40":{"start":{"line":93,"column":6},"end":{"line":96,"column":7}},"41":{"start":{"line":94,"column":8},"end":{"line":94,"column":59}},"42":{"start":{"line":95,"column":8},"end":{"line":95,"column":15}},"43":{"start":{"line":98,"column":6},"end":{"line":100,"column":9}},"44":{"start":{"line":105,"column":4},"end":{"line":131,"column":5}},"45":{"start":{"line":106,"column":26},"end":{"line":106,"column":51}},"46":{"start":{"line":107,"column":20},"end":{"line":107,"column":51}},"47":{"start":{"line":108,"column":27},"end":{"line":111,"column":7}},"48":{"start":{"line":113,"column":6},"end":{"line":113,"column":60}},"49":{"start":{"line":114,"column":6},"end":{"line":120,"column":7}},"50":{"start":{"line":115,"column":8},"end":{"line":118,"column":11}},"51":{"start":{"line":119,"column":8},"end":{"line":119,"column":15}},"52":{"start":{"line":121,"column":6},"end":{"line":121,"column":13}},"53":{"start":{"line":123,"column":6},"end":{"line":126,"column":7}},"54":{"start":{"line":124,"column":8},"end":{"line":124,"column":59}},"55":{"start":{"line":125,"column":8},"end":{"line":125,"column":15}},"56":{"start":{"line":128,"column":6},"end":{"line":130,"column":9}}},"fnMap":{"0":{"name":"(anonymous_0)","decl":{"start":{"line":6,"column":2},"end":{"line":6,"column":3}},"loc":{"start":{"line":6,"column":46},"end":{"line":23,"column":3}},"line":6},"1":{"name":"(anonymous_1)","decl":{"start":{"line":25,"column":2},"end":{"line":25,"column":3}},"loc":{"start":{"line":25,"column":39},"end":{"line":42,"column":3}},"line":25},"2":{"name":"(anonymous_2)","decl":{"start":{"line":44,"column":2},"end":{"line":44,"column":3}},"loc":{"start":{"line":44,"column":34},"end":{"line":72,"column":3}},"line":44},"3":{"name":"(anonymous_3)","decl":{"start":{"line":74,"column":2},"end":{"line":74,"column":3}},"loc":{"start":{"line":74,"column":33},"end":{"line":102,"column":3}},"line":74},"4":{"name":"(anonymous_4)","decl":{"start":{"line":104,"column":2},"end":{"line":104,"column":3}},"loc":{"start":{"line":104,"column":33},"end":{"line":132,"column":3}},"line":104}},"branchMap":{"0":{"loc":{"start":{"line":9,"column":6},"end":{"line":15,"column":7}},"type":"if","locations":[{"start":{"line":9,"column":6},"end":{"line":15,"column":7}},{"start":{},"end":{}}],"line":9},"1":{"loc":{"start":{"line":28,"column":6},"end":{"line":34,"column":7}},"type":"if","locations":[{"start":{"line":28,"column":6},"end":{"line":34,"column":7}},{"start":{},"end":{}}],"line":28},"2":{"loc":{"start":{"line":28,"column":10},"end":{"line":28,"column":35}},"type":"binary-expr","locations":[{"start":{"line":28,"column":10},"end":{"line":28,"column":14}},{"start":{"line":28,"column":18},"end":{"line":28,"column":23}},{"start":{"line":28,"column":27},"end":{"line":28,"column":35}}],"line":28},"3":{"loc":{"start":{"line":50,"column":8},"end":{"line":50,"column":42}},"type":"binary-expr","locations":[{"start":{"line":50,"column":8},"end":{"line":50,"column":30}},{"start":{"line":50,"column":34},"end":{"line":50,"column":42}}],"line":50},"4":{"loc":{"start":{"line":54,"column":6},"end":{"line":60,"column":7}},"type":"if","locations":[{"start":{"line":54,"column":6},"end":{"line":60,"column":7}},{"start":{},"end":{}}],"line":54},"5":{"loc":{"start":{"line":63,"column":6},"end":{"line":66,"column":7}},"type":"if","locations":[{"start":{"line":63,"column":6},"end":{"line":66,"column":7}},{"start":{},"end":{}}],"line":63},"6":{"loc":{"start":{"line":80,"column":8},"end":{"line":80,"column":42}},"type":"binary-expr","locations":[{"start":{"line":80,"column":8},"end":{"line":80,"column":30}},{"start":{"line":80,"column":34},"end":{"line":80,"column":42}}],"line":80},"7":{"loc":{"start":{"line":84,"column":6},"end":{"line":90,"column":7}},"type":"if","locations":[{"start":{"line":84,"column":6},"end":{"line":90,"column":7}},{"start":{},"end":{}}],"line":84},"8":{"loc":{"start":{"line":93,"column":6},"end":{"line":96,"column":7}},"type":"if","locations":[{"start":{"line":93,"column":6},"end":{"line":96,"column":7}},{"start":{},"end":{}}],"line":93},"9":{"loc":{"start":{"line":110,"column":8},"end":{"line":110,"column":42}},"type":"binary-expr","locations":[{"start":{"line":110,"column":8},"end":{"line":110,"column":30}},{"start":{"line":110,"column":34},"end":{"line":110,"column":42}}],"line":110},"10":{"loc":{"start":{"line":114,"column":6},"end":{"line":120,"column":7}},"type":"if","locations":[{"start":{"line":114,"column":6},"end":{"line":120,"column":7}},{"start":{},"end":{}}],"line":114},"11":{"loc":{"start":{"line":123,"column":6},"end":{"line":126,"column":7}},"type":"if","locations":[{"start":{"line":123,"column":6},"end":{"line":126,"column":7}},{"start":{},"end":{}}],"line":123}},"s":{"0":6,"1":6,"2":6,"3":6,"4":13,"5":13,"6":13,"7":2,"8":2,"9":11,"10":0,"11":1,"12":1,"13":1,"14":0,"15":0,"16":1,"17":0,"18":8,"19":8,"20":8,"21":6,"22":1,"23":1,"24":0,"25":0,"26":1,"27":7,"28":0,"29":0,"30":7,"31":0,"32":0,"33":0,"34":0,"35":0,"36":0,"37":0,"38":0,"39":0,"40":0,"41":0,"42":0,"43":0,"44":0,"45":0,"46":0,"47":0,"48":0,"49":0,"50":0,"51":0,"52":0,"53":0,"54":0,"55":0,"56":0},"f":{"0":13,"1":1,"2":8,"3":0,"4":0},"b":{"0":[2,11],"1":[0,1],"2":[1,1,1],"3":[6,0],"4":[0,1],"5":[0,7],"6":[0,0],"7":[0,0],"8":[0,0],"9":[0,0],"10":[0,0],"11":[0,0]},"_coverageSchema":"1a1c01bbd47fc00a2c39e90264f33305004495a9","hash":"3dde102fc7fbcb6e597b898f4bd31b2e45844663"}
,"D:\\__KM_MSIB\\Project Akhir\\bekelompok1-fsw5\\routes\\categoryRouter.js": {"path":"D:\\__KM_MSIB\\Project Akhir\\bekelompok1-fsw5\\routes\\categoryRouter.js","statementMap":{"0":{"start":{"line":1,"column":16},"end":{"line":1,"column":34}},"1":{"start":{"line":2,"column":15},"end":{"line":2,"column":31}},"2":{"start":{"line":3,"column":27},"end":{"line":3,"column":82}},"3":{"start":{"line":4,"column":27},"end":{"line":4,"column":71}},"4":{"start":{"line":6,"column":0},"end":{"line":6,"column":41}},"5":{"start":{"line":7,"column":0},"end":{"line":7,"column":44}},"6":{"start":{"line":8,"column":0},"end":{"line":8,"column":77}},"7":{"start":{"line":9,"column":0},"end":{"line":14,"column":2}},"8":{"start":{"line":15,"column":0},"end":{"line":15,"column":78}},"9":{"start":{"line":17,"column":0},"end":{"line":17,"column":24}}},"fnMap":{},"branchMap":{},"s":{"0":6,"1":6,"2":6,"3":6,"4":6,"5":6,"6":6,"7":6,"8":6,"9":6},"f":{},"b":{},"_coverageSchema":"1a1c01bbd47fc00a2c39e90264f33305004495a9","hash":"24c16cfa53f1ea02ffe9c40258e078558432712f"}
,"D:\\__KM_MSIB\\Project Akhir\\bekelompok1-fsw5\\routes\\index.js": {"path":"D:\\__KM_MSIB\\Project Akhir\\bekelompok1-fsw5\\routes\\index.js","statementMap":{"0":{"start":{"line":1,"column":16},"end":{"line":1,"column":34}},"1":{"start":{"line":2,"column":15},"end":{"line":2,"column":31}},"2":{"start":{"line":3,"column":13},"end":{"line":3,"column":54}},"3":{"start":{"line":4,"column":13},"end":{"line":4,"column":30}},"4":{"start":{"line":5,"column":18},"end":{"line":5,"column":47}},"5":{"start":{"line":6,"column":24},"end":{"line":6,"column":51}},"6":{"start":{"line":9,"column":19},"end":{"line":9,"column":42}},"7":{"start":{"line":10,"column":23},"end":{"line":10,"column":50}},"8":{"start":{"line":11,"column":19},"end":{"line":11,"column":42}},"9":{"start":{"line":12,"column":22},"end":{"line":12,"column":48}},"10":{"start":{"line":13,"column":23},"end":{"line":13,"column":50}},"11":{"start":{"line":14,"column":26},"end":{"line":14,"column":56}},"12":{"start":{"line":15,"column":19},"end":{"line":15,"column":42}},"13":{"start":{"line":20,"column":0},"end":{"line":20,"column":28}},"14":{"start":{"line":21,"column":0},"end":{"line":21,"column":47}},"15":{"start":{"line":22,"column":0},"end":{"line":22,"column":34}},"16":{"start":{"line":23,"column":0},"end":{"line":23,"column":45}},"17":{"start":{"line":24,"column":0},"end":{"line":24,"column":47}},"18":{"start":{"line":25,"column":0},"end":{"line":25,"column":53}},"19":{"start":{"line":26,"column":0},"end":{"line":26,"column":39}},"20":{"start":{"line":32,"column":0},"end":{"line":34,"column":3}},"21":{"start":{"line":33,"column":2},"end":{"line":33,"column":40}},"22":{"start":{"line":37,"column":0},"end":{"line":41,"column":2}},"23":{"start":{"line":43,"column":0},"end":{"line":43,"column":24}},"24":{"start":{"line":44,"column":0},"end":{"line":44,"column":25}},"25":{"start":{"line":46,"column":0},"end":{"line":46,"column":24}}},"fnMap":{"0":{"name":"(anonymous_0)","decl":{"start":{"line":32,"column":27},"end":{"line":32,"column":28}},"loc":{"start":{"line":32,"column":41},"end":{"line":34,"column":1}},"line":32}},"branchMap":{},"s":{"0":6,"1":6,"2":6,"3":6,"4":6,"5":6,"6":6,"7":6,"8":6,"9":6,"10":6,"11":6,"12":6,"13":6,"14":6,"15":6,"16":6,"17":6,"18":6,"19":6,"20":6,"21":0,"22":6,"23":6,"24":6,"25":6},"f":{"0":0},"b":{},"_coverageSchema":"1a1c01bbd47fc00a2c39e90264f33305004495a9","hash":"e8fba90a6f3942bcd70b8d1fb72aede571006600"}
,"D:\\__KM_MSIB\\Project Akhir\\bekelompok1-fsw5\\routes\\productRouter.js": {"path":"D:\\__KM_MSIB\\Project Akhir\\bekelompok1-fsw5\\routes\\productRouter.js","statementMap":{"0":{"start":{"line":1,"column":16},"end":{"line":1,"column":34}},"1":{"start":{"line":2,"column":15},"end":{"line":2,"column":31}},"2":{"start":{"line":3,"column":26},"end":{"line":3,"column":80}},"3":{"start":{"line":4,"column":23},"end":{"line":4,"column":58}},"4":{"start":{"line":5,"column":26},"end":{"line":5,"column":69}},"5":{"start":{"line":6,"column":23},"end":{"line":6,"column":63}},"6":{"start":{"line":8,"column":0},"end":{"line":8,"column":40}},"7":{"start":{"line":9,"column":0},"end":{"line":14,"column":2}},"8":{"start":{"line":15,"column":0},"end":{"line":15,"column":43}},"9":{"start":{"line":16,"column":0},"end":{"line":21,"column":2}},"10":{"start":{"line":22,"column":0},"end":{"line":29,"column":2}},"11":{"start":{"line":31,"column":0},"end":{"line":40,"column":2}},"12":{"start":{"line":42,"column":0},"end":{"line":49,"column":2}},"13":{"start":{"line":51,"column":0},"end":{"line":51,"column":24}}},"fnMap":{},"branchMap":{},"s":{"0":6,"1":6,"2":6,"3":6,"4":6,"5":6,"6":6,"7":6,"8":6,"9":6,"10":6,"11":6,"12":6,"13":6},"f":{},"b":{},"_coverageSchema":"1a1c01bbd47fc00a2c39e90264f33305004495a9","hash":"991412c5335a3a9aadcdd1961d98a48819edcef8"}
,"D:\\__KM_MSIB\\Project Akhir\\bekelompok1-fsw5\\routes\\sizeRouter.js": {"path":"D:\\__KM_MSIB\\Project Akhir\\bekelompok1-fsw5\\routes\\sizeRouter.js","statementMap":{"0":{"start":{"line":1,"column":16},"end":{"line":1,"column":34}},"1":{"start":{"line":2,"column":15},"end":{"line":2,"column":31}},"2":{"start":{"line":3,"column":23},"end":{"line":3,"column":74}},"3":{"start":{"line":4,"column":23},"end":{"line":4,"column":63}},"4":{"start":{"line":5,"column":23},"end":{"line":5,"column":63}},"5":{"start":{"line":7,"column":0},"end":{"line":7,"column":37}},"6":{"start":{"line":8,"column":0},"end":{"line":13,"column":2}},"7":{"start":{"line":14,"column":0},"end":{"line":20,"column":2}},"8":{"start":{"line":21,"column":0},"end":{"line":28,"column":2}},"9":{"start":{"line":29,"column":0},"end":{"line":35,"column":2}},"10":{"start":{"line":37,"column":0},"end":{"line":37,"column":24}}},"fnMap":{},"branchMap":{},"s":{"0":6,"1":6,"2":6,"3":6,"4":6,"5":6,"6":6,"7":6,"8":6,"9":6,"10":6},"f":{},"b":{},"_coverageSchema":"1a1c01bbd47fc00a2c39e90264f33305004495a9","hash":"7a544edcaf1ed710d8433fef657ee0a4ebbf31ff"}
,"D:\\__KM_MSIB\\Project Akhir\\bekelompok1-fsw5\\routes\\testRouter.js": {"path":"D:\\__KM_MSIB\\Project Akhir\\bekelompok1-fsw5\\routes\\testRouter.js","statementMap":{"0":{"start":{"line":1,"column":16},"end":{"line":1,"column":34}},"1":{"start":{"line":2,"column":15},"end":{"line":2,"column":31}},"2":{"start":{"line":5,"column":0},"end":{"line":16,"column":3}},"3":{"start":{"line":11,"column":2},"end":{"line":15,"column":5}},"4":{"start":{"line":18,"column":0},"end":{"line":18,"column":24}}},"fnMap":{"0":{"name":"(anonymous_0)","decl":{"start":{"line":5,"column":16},"end":{"line":5,"column":17}},"loc":{"start":{"line":5,"column":42},"end":{"line":16,"column":1}},"line":5}},"branchMap":{},"s":{"0":6,"1":6,"2":6,"3":1,"4":6},"f":{"0":1},"b":{},"_coverageSchema":"1a1c01bbd47fc00a2c39e90264f33305004495a9","hash":"205f8650f08014295780144d36e5ca9e6d4041a3"}
,"D:\\__KM_MSIB\\Project Akhir\\bekelompok1-fsw5\\routes\\transactionRouter.js": {"path":"D:\\__KM_MSIB\\Project Akhir\\bekelompok1-fsw5\\routes\\transactionRouter.js","statementMap":{"0":{"start":{"line":1,"column":16},"end":{"line":1,"column":34}},"1":{"start":{"line":2,"column":15},"end":{"line":2,"column":31}},"2":{"start":{"line":3,"column":30},"end":{"line":3,"column":88}},"3":{"start":{"line":4,"column":30},"end":{"line":4,"column":77}},"4":{"start":{"line":5,"column":23},"end":{"line":5,"column":63}},"5":{"start":{"line":7,"column":0},"end":{"line":11,"column":2}},"6":{"start":{"line":12,"column":0},"end":{"line":17,"column":2}},"7":{"start":{"line":18,"column":0},"end":{"line":23,"column":2}},"8":{"start":{"line":24,"column":0},"end":{"line":29,"column":2}},"9":{"start":{"line":30,"column":0},"end":{"line":35,"column":2}},"10":{"start":{"line":36,"column":0},"end":{"line":42,"column":2}},"11":{"start":{"line":43,"column":0},"end":{"line":48,"column":2}},"12":{"start":{"line":49,"column":0},"end":{"line":54,"column":2}},"13":{"start":{"line":56,"column":0},"end":{"line":56,"column":24}}},"fnMap":{},"branchMap":{},"s":{"0":6,"1":6,"2":6,"3":6,"4":6,"5":6,"6":6,"7":6,"8":6,"9":6,"10":6,"11":6,"12":6,"13":6},"f":{},"b":{},"_coverageSchema":"1a1c01bbd47fc00a2c39e90264f33305004495a9","hash":"d0d4f3edc457a2cbad34423978be8013712fd6da"}
,"D:\\__KM_MSIB\\Project Akhir\\bekelompok1-fsw5\\routes\\userRouter.js": {"path":"D:\\__KM_MSIB\\Project Akhir\\bekelompok1-fsw5\\routes\\userRouter.js","statementMap":{"0":{"start":{"line":1,"column":16},"end":{"line":1,"column":34}},"1":{"start":{"line":2,"column":15},"end":{"line":2,"column":31}},"2":{"start":{"line":3,"column":23},"end":{"line":3,"column":79}},"3":{"start":{"line":4,"column":23},"end":{"line":4,"column":63}},"4":{"start":{"line":5,"column":23},"end":{"line":5,"column":58}},"5":{"start":{"line":8,"column":36},"end":{"line":8,"column":105}},"6":{"start":{"line":9,"column":0},"end":{"line":9,"column":52}},"7":{"start":{"line":11,"column":0},"end":{"line":11,"column":44}},"8":{"start":{"line":12,"column":0},"end":{"line":16,"column":2}},"9":{"start":{"line":17,"column":0},"end":{"line":17,"column":73}},"10":{"start":{"line":18,"column":0},"end":{"line":24,"column":2}},"11":{"start":{"line":26,"column":0},"end":{"line":30,"column":2}},"12":{"start":{"line":33,"column":0},"end":{"line":33,"column":46}},"13":{"start":{"line":35,"column":0},"end":{"line":35,"column":24}}},"fnMap":{},"branchMap":{},"s":{"0":6,"1":6,"2":6,"3":6,"4":6,"5":6,"6":6,"7":6,"8":6,"9":6,"10":6,"11":6,"12":6,"13":6},"f":{},"b":{},"_coverageSchema":"1a1c01bbd47fc00a2c39e90264f33305004495a9","hash":"c4a3dd2988f2423d32bc6b24b133474882bece47"}
,"D:\\__KM_MSIB\\Project Akhir\\bekelompok1-fsw5\\routes\\wishlistRouter.js": {"path":"D:\\__KM_MSIB\\Project Akhir\\bekelompok1-fsw5\\routes\\wishlistRouter.js","statementMap":{"0":{"start":{"line":1,"column":16},"end":{"line":1,"column":34}},"1":{"start":{"line":2,"column":15},"end":{"line":2,"column":31}},"2":{"start":{"line":3,"column":27},"end":{"line":3,"column":82}},"3":{"start":{"line":4,"column":23},"end":{"line":4,"column":63}},"4":{"start":{"line":6,"column":0},"end":{"line":10,"column":2}},"5":{"start":{"line":11,"column":0},"end":{"line":16,"column":2}},"6":{"start":{"line":17,"column":0},"end":{"line":22,"column":2}},"7":{"start":{"line":23,"column":0},"end":{"line":28,"column":2}},"8":{"start":{"line":29,"column":0},"end":{"line":34,"column":2}},"9":{"start":{"line":36,"column":0},"end":{"line":36,"column":24}}},"fnMap":{},"branchMap":{},"s":{"0":6,"1":6,"2":6,"3":6,"4":6,"5":6,"6":6,"7":6,"8":6,"9":6},"f":{},"b":{},"_coverageSchema":"1a1c01bbd47fc00a2c39e90264f33305004495a9","hash":"a8e27196a8e1dae815946db8e5e1320f41f4fc9e"}
,"D:\\__KM_MSIB\\Project Akhir\\bekelompok1-fsw5\\server\\index.js": {"path":"D:\\__KM_MSIB\\Project Akhir\\bekelompok1-fsw5\\server\\index.js","statementMap":{"0":{"start":{"line":1,"column":16},"end":{"line":1,"column":34}},"1":{"start":{"line":2,"column":15},"end":{"line":2,"column":32}},"2":{"start":{"line":3,"column":21},"end":{"line":3,"column":45}},"3":{"start":{"line":4,"column":13},"end":{"line":4,"column":28}},"4":{"start":{"line":5,"column":15},"end":{"line":5,"column":35}},"5":{"start":{"line":7,"column":12},"end":{"line":7,"column":21}},"6":{"start":{"line":10,"column":0},"end":{"line":10,"column":23}},"7":{"start":{"line":11,"column":0},"end":{"line":11,"column":24}},"8":{"start":{"line":12,"column":0},"end":{"line":12,"column":16}},"9":{"start":{"line":15,"column":0},"end":{"line":15,"column":24}},"10":{"start":{"line":18,"column":0},"end":{"line":18,"column":16}},"11":{"start":{"line":20,"column":0},"end":{"line":20,"column":21}}},"fnMap":{},"branchMap":{},"s":{"0":6,"1":6,"2":6,"3":6,"4":6,"5":6,"6":6,"7":6,"8":6,"9":6,"10":6,"11":6},"f":{},"b":{},"_coverageSchema":"1a1c01bbd47fc00a2c39e90264f33305004495a9","hash":"77158d4b256a86b9e948e34d55d293b94613f7b0"}
}
