{"E:\\Binar Academy\\Final Project\\Shoesnarian\\bekelompok1-fsw5\\app\\controllers\\api\\v1\\categoryController.js": {"path":"E:\\Binar Academy\\Final Project\\Shoesnarian\\bekelompok1-fsw5\\app\\controllers\\api\\v1\\categoryController.js","statementMap":{"0":{"start":{"line":1,"column":24},"end":{"line":1,"column":68}},"1":{"start":{"line":3,"column":0},"end":{"line":92,"column":2}},"2":{"start":{"line":5,"column":4},"end":{"line":17,"column":5}},"3":{"start":{"line":6,"column":19},"end":{"line":6,"column":47}},"4":{"start":{"line":7,"column":6},"end":{"line":11,"column":9}},"5":{"start":{"line":13,"column":6},"end":{"line":16,"column":9}},"6":{"start":{"line":21,"column":4},"end":{"line":33,"column":5}},"7":{"start":{"line":22,"column":19},"end":{"line":22,"column":57}},"8":{"start":{"line":23,"column":6},"end":{"line":27,"column":9}},"9":{"start":{"line":29,"column":6},"end":{"line":32,"column":9}},"10":{"start":{"line":37,"column":4},"end":{"line":56,"column":5}},"11":{"start":{"line":38,"column":19},"end":{"line":38,"column":59}},"12":{"start":{"line":39,"column":6},"end":{"line":50,"column":7}},"13":{"start":{"line":40,"column":8},"end":{"line":44,"column":11}},"14":{"start":{"line":46,"column":8},"end":{"line":49,"column":11}},"15":{"start":{"line":52,"column":6},"end":{"line":55,"column":9}},"16":{"start":{"line":60,"column":4},"end":{"line":75,"column":5}},"17":{"start":{"line":61,"column":6},"end":{"line":61,"column":60}},"18":{"start":{"line":63,"column":19},"end":{"line":63,"column":59}},"19":{"start":{"line":65,"column":6},"end":{"line":69,"column":9}},"20":{"start":{"line":71,"column":6},"end":{"line":74,"column":9}},"21":{"start":{"line":79,"column":4},"end":{"line":90,"column":5}},"22":{"start":{"line":80,"column":6},"end":{"line":80,"column":50}},"23":{"start":{"line":81,"column":6},"end":{"line":84,"column":9}},"24":{"start":{"line":86,"column":6},"end":{"line":89,"column":9}}},"fnMap":{"0":{"name":"(anonymous_0)","decl":{"start":{"line":4,"column":2},"end":{"line":4,"column":3}},"loc":{"start":{"line":4,"column":23},"end":{"line":18,"column":3}},"line":4},"1":{"name":"(anonymous_1)","decl":{"start":{"line":20,"column":2},"end":{"line":20,"column":3}},"loc":{"start":{"line":20,"column":25},"end":{"line":34,"column":3}},"line":20},"2":{"name":"(anonymous_2)","decl":{"start":{"line":36,"column":2},"end":{"line":36,"column":3}},"loc":{"start":{"line":36,"column":23},"end":{"line":57,"column":3}},"line":36},"3":{"name":"(anonymous_3)","decl":{"start":{"line":59,"column":2},"end":{"line":59,"column":3}},"loc":{"start":{"line":59,"column":25},"end":{"line":76,"column":3}},"line":59},"4":{"name":"(anonymous_4)","decl":{"start":{"line":78,"column":2},"end":{"line":78,"column":3}},"loc":{"start":{"line":78,"column":26},"end":{"line":91,"column":3}},"line":78}},"branchMap":{"0":{"loc":{"start":{"line":39,"column":6},"end":{"line":50,"column":7}},"type":"if","locations":[{"start":{"line":39,"column":6},"end":{"line":50,"column":7}},{"start":{"line":45,"column":13},"end":{"line":50,"column":7}}],"line":39}},"s":{"0":1,"1":1,"2":0,"3":0,"4":0,"5":0,"6":0,"7":0,"8":0,"9":0,"10":0,"11":0,"12":0,"13":0,"14":0,"15":0,"16":0,"17":0,"18":0,"19":0,"20":0,"21":0,"22":0,"23":0,"24":0},"f":{"0":0,"1":0,"2":0,"3":0,"4":0},"b":{"0":[0,0]},"_coverageSchema":"1a1c01bbd47fc00a2c39e90264f33305004495a9","hash":"96530fc045dc0632c445e46effc6c04b66eb3de1"}
,"E:\\Binar Academy\\Final Project\\Shoesnarian\\bekelompok1-fsw5\\app\\controllers\\api\\v1\\main.js": {"path":"E:\\Binar Academy\\Final Project\\Shoesnarian\\bekelompok1-fsw5\\app\\controllers\\api\\v1\\main.js","statementMap":{"0":{"start":{"line":1,"column":0},"end":{"line":18,"column":2}},"1":{"start":{"line":3,"column":4},"end":{"line":6,"column":7}},"2":{"start":{"line":10,"column":4},"end":{"line":16,"column":7}}},"fnMap":{"0":{"name":"(anonymous_0)","decl":{"start":{"line":2,"column":2},"end":{"line":2,"column":3}},"loc":{"start":{"line":2,"column":19},"end":{"line":7,"column":3}},"line":2},"1":{"name":"(anonymous_1)","decl":{"start":{"line":9,"column":2},"end":{"line":9,"column":3}},"loc":{"start":{"line":9,"column":31},"end":{"line":17,"column":3}},"line":9}},"branchMap":{},"s":{"0":1,"1":0,"2":0},"f":{"0":0,"1":0},"b":{},"_coverageSchema":"1a1c01bbd47fc00a2c39e90264f33305004495a9","hash":"6772ca989c7daf6f8b4ca88a2245cde0d49f6626"}
,"E:\\Binar Academy\\Final Project\\Shoesnarian\\bekelompok1-fsw5\\app\\controllers\\api\\v1\\productController.js": {"path":"E:\\Binar Academy\\Final Project\\Shoesnarian\\bekelompok1-fsw5\\app\\controllers\\api\\v1\\productController.js","statementMap":{"0":{"start":{"line":1,"column":23},"end":{"line":1,"column":66}},"1":{"start":{"line":2,"column":22},"end":{"line":2,"column":37}},"2":{"start":{"line":3,"column":19},"end":{"line":3,"column":59}},"3":{"start":{"line":4,"column":25},"end":{"line":4,"column":62}},"4":{"start":{"line":5,"column":26},"end":{"line":5,"column":64}},"5":{"start":{"line":7,"column":0},"end":{"line":212,"column":2}},"6":{"start":{"line":9,"column":4},"end":{"line":21,"column":5}},"7":{"start":{"line":10,"column":19},"end":{"line":10,"column":46}},"8":{"start":{"line":11,"column":6},"end":{"line":15,"column":9}},"9":{"start":{"line":17,"column":6},"end":{"line":20,"column":9}},"10":{"start":{"line":25,"column":4},"end":{"line":38,"column":5}},"11":{"start":{"line":26,"column":19},"end":{"line":26,"column":65}},"12":{"start":{"line":27,"column":6},"end":{"line":27,"column":24}},"13":{"start":{"line":28,"column":6},"end":{"line":32,"column":9}},"14":{"start":{"line":34,"column":6},"end":{"line":37,"column":9}},"15":{"start":{"line":42,"column":4},"end":{"line":77,"column":5}},"16":{"start":{"line":43,"column":63},"end":{"line":43,"column":71}},"17":{"start":{"line":44,"column":26},"end":{"line":44,"column":37}},"18":{"start":{"line":45,"column":20},"end":{"line":45,"column":22}},"19":{"start":{"line":46,"column":25},"end":{"line":46,"column":27}},"20":{"start":{"line":47,"column":19},"end":{"line":47,"column":21}},"21":{"start":{"line":49,"column":6},"end":{"line":54,"column":7}},"22":{"start":{"line":49,"column":19},"end":{"line":49,"column":20}},"23":{"start":{"line":50,"column":8},"end":{"line":50,"column":64}},"24":{"start":{"line":51,"column":8},"end":{"line":51,"column":75}},"25":{"start":{"line":52,"column":23},"end":{"line":52,"column":54}},"26":{"start":{"line":53,"column":8},"end":{"line":53,"column":38}},"27":{"start":{"line":56,"column":6},"end":{"line":71,"column":11}},"28":{"start":{"line":67,"column":10},"end":{"line":70,"column":13}},"29":{"start":{"line":73,"column":6},"end":{"line":76,"column":9}},"30":{"start":{"line":81,"column":4},"end":{"line":100,"column":5}},"31":{"start":{"line":82,"column":19},"end":{"line":82,"column":58}},"32":{"start":{"line":83,"column":6},"end":{"line":94,"column":7}},"33":{"start":{"line":84,"column":8},"end":{"line":88,"column":11}},"34":{"start":{"line":90,"column":8},"end":{"line":93,"column":11}},"35":{"start":{"line":96,"column":6},"end":{"line":99,"column":9}},"36":{"start":{"line":104,"column":4},"end":{"line":126,"column":5}},"37":{"start":{"line":105,"column":19},"end":{"line":108,"column":7}},"38":{"start":{"line":109,"column":6},"end":{"line":120,"column":7}},"39":{"start":{"line":110,"column":8},"end":{"line":114,"column":11}},"40":{"start":{"line":116,"column":8},"end":{"line":119,"column":11}},"41":{"start":{"line":122,"column":6},"end":{"line":125,"column":9}},"42":{"start":{"line":130,"column":4},"end":{"line":189,"column":5}},"43":{"start":{"line":131,"column":23},"end":{"line":131,"column":40}},"44":{"start":{"line":132,"column":25},"end":{"line":132,"column":27}},"45":{"start":{"line":133,"column":19},"end":{"line":133,"column":21}},"46":{"start":{"line":134,"column":23},"end":{"line":134,"column":25}},"47":{"start":{"line":136,"column":23},"end":{"line":138,"column":7}},"48":{"start":{"line":139,"column":22},"end":{"line":139,"column":35}},"49":{"start":{"line":141,"column":26},"end":{"line":141,"column":61}},"50":{"start":{"line":144,"column":6},"end":{"line":154,"column":7}},"51":{"start":{"line":145,"column":8},"end":{"line":153,"column":9}},"52":{"start":{"line":147,"column":10},"end":{"line":149,"column":11}},"53":{"start":{"line":147,"column":23},"end":{"line":147,"column":24}},"54":{"start":{"line":148,"column":12},"end":{"line":148,"column":43}},"55":{"start":{"line":152,"column":10},"end":{"line":152,"column":38}},"56":{"start":{"line":156,"column":20},"end":{"line":156,"column":34}},"57":{"start":{"line":157,"column":6},"end":{"line":166,"column":7}},"58":{"start":{"line":158,"column":8},"end":{"line":165,"column":9}},"59":{"start":{"line":159,"column":10},"end":{"line":164,"column":11}},"60":{"start":{"line":159,"column":23},"end":{"line":159,"column":24}},"61":{"start":{"line":160,"column":12},"end":{"line":160,"column":68}},"62":{"start":{"line":161,"column":12},"end":{"line":161,"column":79}},"63":{"start":{"line":162,"column":27},"end":{"line":162,"column":58}},"64":{"start":{"line":163,"column":12},"end":{"line":163,"column":45}},"65":{"start":{"line":167,"column":6},"end":{"line":175,"column":7}},"66":{"start":{"line":168,"column":8},"end":{"line":174,"column":9}},"67":{"start":{"line":169,"column":10},"end":{"line":171,"column":11}},"68":{"start":{"line":169,"column":23},"end":{"line":169,"column":24}},"69":{"start":{"line":170,"column":12},"end":{"line":170,"column":36}},"70":{"start":{"line":173,"column":10},"end":{"line":173,"column":31}},"71":{"start":{"line":176,"column":6},"end":{"line":176,"column":54}},"72":{"start":{"line":177,"column":6},"end":{"line":177,"column":30}},"73":{"start":{"line":178,"column":6},"end":{"line":178,"column":57}},"74":{"start":{"line":179,"column":6},"end":{"line":183,"column":9}},"75":{"start":{"line":185,"column":6},"end":{"line":188,"column":9}},"76":{"start":{"line":199,"column":4},"end":{"line":210,"column":5}},"77":{"start":{"line":200,"column":6},"end":{"line":200,"column":49}},"78":{"start":{"line":201,"column":6},"end":{"line":204,"column":9}},"79":{"start":{"line":206,"column":6},"end":{"line":209,"column":9}}},"fnMap":{"0":{"name":"(anonymous_0)","decl":{"start":{"line":8,"column":2},"end":{"line":8,"column":3}},"loc":{"start":{"line":8,"column":23},"end":{"line":22,"column":3}},"line":8},"1":{"name":"(anonymous_1)","decl":{"start":{"line":24,"column":2},"end":{"line":24,"column":3}},"loc":{"start":{"line":24,"column":31},"end":{"line":39,"column":3}},"line":24},"2":{"name":"(anonymous_2)","decl":{"start":{"line":41,"column":2},"end":{"line":41,"column":3}},"loc":{"start":{"line":41,"column":25},"end":{"line":78,"column":3}},"line":41},"3":{"name":"(anonymous_3)","decl":{"start":{"line":66,"column":14},"end":{"line":66,"column":15}},"loc":{"start":{"line":66,"column":27},"end":{"line":71,"column":9}},"line":66},"4":{"name":"(anonymous_4)","decl":{"start":{"line":80,"column":2},"end":{"line":80,"column":3}},"loc":{"start":{"line":80,"column":23},"end":{"line":101,"column":3}},"line":80},"5":{"name":"(anonymous_5)","decl":{"start":{"line":103,"column":2},"end":{"line":103,"column":3}},"loc":{"start":{"line":103,"column":31},"end":{"line":127,"column":3}},"line":103},"6":{"name":"(anonymous_6)","decl":{"start":{"line":129,"column":2},"end":{"line":129,"column":3}},"loc":{"start":{"line":129,"column":25},"end":{"line":190,"column":3}},"line":129},"7":{"name":"(anonymous_7)","decl":{"start":{"line":198,"column":2},"end":{"line":198,"column":3}},"loc":{"start":{"line":198,"column":26},"end":{"line":211,"column":3}},"line":198}},"branchMap":{"0":{"loc":{"start":{"line":83,"column":6},"end":{"line":94,"column":7}},"type":"if","locations":[{"start":{"line":83,"column":6},"end":{"line":94,"column":7}},{"start":{"line":89,"column":13},"end":{"line":94,"column":7}}],"line":83},"1":{"loc":{"start":{"line":109,"column":6},"end":{"line":120,"column":7}},"type":"if","locations":[{"start":{"line":109,"column":6},"end":{"line":120,"column":7}},{"start":{"line":115,"column":13},"end":{"line":120,"column":7}}],"line":109},"2":{"loc":{"start":{"line":144,"column":6},"end":{"line":154,"column":7}},"type":"if","locations":[{"start":{"line":144,"column":6},"end":{"line":154,"column":7}},{"start":{},"end":{}}],"line":144},"3":{"loc":{"start":{"line":145,"column":8},"end":{"line":153,"column":9}},"type":"if","locations":[{"start":{"line":145,"column":8},"end":{"line":153,"column":9}},{"start":{"line":150,"column":15},"end":{"line":153,"column":9}}],"line":145},"4":{"loc":{"start":{"line":157,"column":6},"end":{"line":166,"column":7}},"type":"if","locations":[{"start":{"line":157,"column":6},"end":{"line":166,"column":7}},{"start":{},"end":{}}],"line":157},"5":{"loc":{"start":{"line":158,"column":8},"end":{"line":165,"column":9}},"type":"if","locations":[{"start":{"line":158,"column":8},"end":{"line":165,"column":9}},{"start":{},"end":{}}],"line":158},"6":{"loc":{"start":{"line":167,"column":6},"end":{"line":175,"column":7}},"type":"if","locations":[{"start":{"line":167,"column":6},"end":{"line":175,"column":7}},{"start":{},"end":{}}],"line":167},"7":{"loc":{"start":{"line":168,"column":8},"end":{"line":174,"column":9}},"type":"if","locations":[{"start":{"line":168,"column":8},"end":{"line":174,"column":9}},{"start":{"line":172,"column":15},"end":{"line":174,"column":9}}],"line":168}},"s":{"0":1,"1":1,"2":1,"3":1,"4":1,"5":1,"6":0,"7":0,"8":0,"9":0,"10":0,"11":0,"12":0,"13":0,"14":0,"15":0,"16":0,"17":0,"18":0,"19":0,"20":0,"21":0,"22":0,"23":0,"24":0,"25":0,"26":0,"27":0,"28":0,"29":0,"30":0,"31":0,"32":0,"33":0,"34":0,"35":0,"36":0,"37":0,"38":0,"39":0,"40":0,"41":0,"42":0,"43":0,"44":0,"45":0,"46":0,"47":0,"48":0,"49":0,"50":0,"51":0,"52":0,"53":0,"54":0,"55":0,"56":0,"57":0,"58":0,"59":0,"60":0,"61":0,"62":0,"63":0,"64":0,"65":0,"66":0,"67":0,"68":0,"69":0,"70":0,"71":0,"72":0,"73":0,"74":0,"75":0,"76":0,"77":0,"78":0,"79":0},"f":{"0":0,"1":0,"2":0,"3":0,"4":0,"5":0,"6":0,"7":0},"b":{"0":[0,0],"1":[0,0],"2":[0,0],"3":[0,0],"4":[0,0],"5":[0,0],"6":[0,0],"7":[0,0]},"_coverageSchema":"1a1c01bbd47fc00a2c39e90264f33305004495a9","hash":"9cd1e5b80307b24de78b8954cb76c6f0422883bc"}
,"E:\\Binar Academy\\Final Project\\Shoesnarian\\bekelompok1-fsw5\\app\\controllers\\api\\v1\\sizeController.js": {"path":"E:\\Binar Academy\\Final Project\\Shoesnarian\\bekelompok1-fsw5\\app\\controllers\\api\\v1\\sizeController.js","statementMap":{"0":{"start":{"line":1,"column":20},"end":{"line":1,"column":60}},"1":{"start":{"line":3,"column":0},"end":{"line":103,"column":2}},"2":{"start":{"line":5,"column":4},"end":{"line":17,"column":5}},"3":{"start":{"line":6,"column":19},"end":{"line":6,"column":43}},"4":{"start":{"line":7,"column":6},"end":{"line":11,"column":9}},"5":{"start":{"line":13,"column":6},"end":{"line":16,"column":9}},"6":{"start":{"line":21,"column":4},"end":{"line":44,"column":5}},"7":{"start":{"line":23,"column":17},"end":{"line":27,"column":8}},"8":{"start":{"line":32,"column":26},"end":{"line":32,"column":56}},"9":{"start":{"line":34,"column":6},"end":{"line":38,"column":9}},"10":{"start":{"line":40,"column":6},"end":{"line":43,"column":9}},"11":{"start":{"line":48,"column":4},"end":{"line":67,"column":5}},"12":{"start":{"line":49,"column":19},"end":{"line":49,"column":55}},"13":{"start":{"line":50,"column":6},"end":{"line":61,"column":7}},"14":{"start":{"line":51,"column":8},"end":{"line":55,"column":11}},"15":{"start":{"line":57,"column":8},"end":{"line":60,"column":11}},"16":{"start":{"line":63,"column":6},"end":{"line":66,"column":9}},"17":{"start":{"line":71,"column":4},"end":{"line":86,"column":5}},"18":{"start":{"line":72,"column":6},"end":{"line":72,"column":56}},"19":{"start":{"line":74,"column":19},"end":{"line":74,"column":55}},"20":{"start":{"line":76,"column":6},"end":{"line":80,"column":9}},"21":{"start":{"line":82,"column":6},"end":{"line":85,"column":9}},"22":{"start":{"line":90,"column":4},"end":{"line":101,"column":5}},"23":{"start":{"line":91,"column":6},"end":{"line":91,"column":46}},"24":{"start":{"line":92,"column":6},"end":{"line":95,"column":9}},"25":{"start":{"line":97,"column":6},"end":{"line":100,"column":9}}},"fnMap":{"0":{"name":"(anonymous_0)","decl":{"start":{"line":4,"column":2},"end":{"line":4,"column":3}},"loc":{"start":{"line":4,"column":23},"end":{"line":18,"column":3}},"line":4},"1":{"name":"(anonymous_1)","decl":{"start":{"line":20,"column":2},"end":{"line":20,"column":3}},"loc":{"start":{"line":20,"column":25},"end":{"line":45,"column":3}},"line":20},"2":{"name":"(anonymous_2)","decl":{"start":{"line":47,"column":2},"end":{"line":47,"column":3}},"loc":{"start":{"line":47,"column":23},"end":{"line":68,"column":3}},"line":47},"3":{"name":"(anonymous_3)","decl":{"start":{"line":70,"column":2},"end":{"line":70,"column":3}},"loc":{"start":{"line":70,"column":25},"end":{"line":87,"column":3}},"line":70},"4":{"name":"(anonymous_4)","decl":{"start":{"line":89,"column":2},"end":{"line":89,"column":3}},"loc":{"start":{"line":89,"column":26},"end":{"line":102,"column":3}},"line":89}},"branchMap":{"0":{"loc":{"start":{"line":50,"column":6},"end":{"line":61,"column":7}},"type":"if","locations":[{"start":{"line":50,"column":6},"end":{"line":61,"column":7}},{"start":{"line":56,"column":13},"end":{"line":61,"column":7}}],"line":50}},"s":{"0":1,"1":1,"2":0,"3":0,"4":0,"5":0,"6":0,"7":0,"8":0,"9":0,"10":0,"11":0,"12":0,"13":0,"14":0,"15":0,"16":0,"17":0,"18":0,"19":0,"20":0,"21":0,"22":0,"23":0,"24":0,"25":0},"f":{"0":0,"1":0,"2":0,"3":0,"4":0},"b":{"0":[0,0]},"_coverageSchema":"1a1c01bbd47fc00a2c39e90264f33305004495a9","hash":"3e4ff2a98559a636232c7704bd8870e681c02483"}
,"E:\\Binar Academy\\Final Project\\Shoesnarian\\bekelompok1-fsw5\\app\\controllers\\api\\v1\\transactionController.js": {"path":"E:\\Binar Academy\\Final Project\\Shoesnarian\\bekelompok1-fsw5\\app\\controllers\\api\\v1\\transactionController.js","statementMap":{"0":{"start":{"line":1,"column":27},"end":{"line":1,"column":74}},"1":{"start":{"line":2,"column":20},"end":{"line":2,"column":60}},"2":{"start":{"line":4,"column":0},"end":{"line":193,"column":2}},"3":{"start":{"line":6,"column":4},"end":{"line":18,"column":5}},"4":{"start":{"line":7,"column":19},"end":{"line":7,"column":50}},"5":{"start":{"line":8,"column":6},"end":{"line":12,"column":9}},"6":{"start":{"line":14,"column":6},"end":{"line":17,"column":9}},"7":{"start":{"line":22,"column":4},"end":{"line":41,"column":5}},"8":{"start":{"line":23,"column":19},"end":{"line":23,"column":70}},"9":{"start":{"line":24,"column":6},"end":{"line":35,"column":7}},"10":{"start":{"line":25,"column":8},"end":{"line":29,"column":11}},"11":{"start":{"line":31,"column":8},"end":{"line":34,"column":11}},"12":{"start":{"line":37,"column":6},"end":{"line":40,"column":9}},"13":{"start":{"line":45,"column":4},"end":{"line":64,"column":5}},"14":{"start":{"line":46,"column":19},"end":{"line":46,"column":71}},"15":{"start":{"line":47,"column":6},"end":{"line":58,"column":7}},"16":{"start":{"line":48,"column":8},"end":{"line":52,"column":11}},"17":{"start":{"line":54,"column":8},"end":{"line":57,"column":11}},"18":{"start":{"line":60,"column":6},"end":{"line":63,"column":9}},"19":{"start":{"line":68,"column":4},"end":{"line":90,"column":5}},"20":{"start":{"line":69,"column":19},"end":{"line":72,"column":7}},"21":{"start":{"line":73,"column":6},"end":{"line":84,"column":7}},"22":{"start":{"line":74,"column":8},"end":{"line":78,"column":11}},"23":{"start":{"line":80,"column":8},"end":{"line":83,"column":11}},"24":{"start":{"line":86,"column":6},"end":{"line":89,"column":9}},"25":{"start":{"line":94,"column":4},"end":{"line":116,"column":5}},"26":{"start":{"line":95,"column":19},"end":{"line":98,"column":7}},"27":{"start":{"line":99,"column":6},"end":{"line":110,"column":7}},"28":{"start":{"line":100,"column":8},"end":{"line":104,"column":11}},"29":{"start":{"line":106,"column":8},"end":{"line":109,"column":11}},"30":{"start":{"line":112,"column":6},"end":{"line":115,"column":9}},"31":{"start":{"line":120,"column":4},"end":{"line":139,"column":5}},"32":{"start":{"line":121,"column":19},"end":{"line":128,"column":8}},"33":{"start":{"line":129,"column":6},"end":{"line":133,"column":9}},"34":{"start":{"line":135,"column":6},"end":{"line":138,"column":9}},"35":{"start":{"line":143,"column":4},"end":{"line":176,"column":5}},"36":{"start":{"line":144,"column":6},"end":{"line":146,"column":9}},"37":{"start":{"line":148,"column":26},"end":{"line":148,"column":69}},"38":{"start":{"line":150,"column":17},"end":{"line":150,"column":67}},"39":{"start":{"line":152,"column":18},"end":{"line":152,"column":28}},"40":{"start":{"line":153,"column":21},"end":{"line":153,"column":30}},"41":{"start":{"line":155,"column":6},"end":{"line":161,"column":7}},"42":{"start":{"line":156,"column":8},"end":{"line":160,"column":11}},"43":{"start":{"line":162,"column":8},"end":{"line":164,"column":11}},"44":{"start":{"line":165,"column":8},"end":{"line":169,"column":11}},"45":{"start":{"line":172,"column":6},"end":{"line":175,"column":9}},"46":{"start":{"line":180,"column":4},"end":{"line":191,"column":5}},"47":{"start":{"line":181,"column":6},"end":{"line":181,"column":53}},"48":{"start":{"line":182,"column":6},"end":{"line":185,"column":9}},"49":{"start":{"line":187,"column":6},"end":{"line":190,"column":9}}},"fnMap":{"0":{"name":"(anonymous_0)","decl":{"start":{"line":5,"column":2},"end":{"line":5,"column":3}},"loc":{"start":{"line":5,"column":23},"end":{"line":19,"column":3}},"line":5},"1":{"name":"(anonymous_1)","decl":{"start":{"line":21,"column":2},"end":{"line":21,"column":3}},"loc":{"start":{"line":21,"column":30},"end":{"line":42,"column":3}},"line":21},"2":{"name":"(anonymous_2)","decl":{"start":{"line":44,"column":2},"end":{"line":44,"column":3}},"loc":{"start":{"line":44,"column":31},"end":{"line":65,"column":3}},"line":44},"3":{"name":"(anonymous_3)","decl":{"start":{"line":67,"column":2},"end":{"line":67,"column":3}},"loc":{"start":{"line":67,"column":30},"end":{"line":91,"column":3}},"line":67},"4":{"name":"(anonymous_4)","decl":{"start":{"line":93,"column":2},"end":{"line":93,"column":3}},"loc":{"start":{"line":93,"column":31},"end":{"line":117,"column":3}},"line":93},"5":{"name":"(anonymous_5)","decl":{"start":{"line":119,"column":2},"end":{"line":119,"column":3}},"loc":{"start":{"line":119,"column":25},"end":{"line":140,"column":3}},"line":119},"6":{"name":"(anonymous_6)","decl":{"start":{"line":142,"column":2},"end":{"line":142,"column":3}},"loc":{"start":{"line":142,"column":25},"end":{"line":177,"column":3}},"line":142},"7":{"name":"(anonymous_7)","decl":{"start":{"line":179,"column":2},"end":{"line":179,"column":3}},"loc":{"start":{"line":179,"column":26},"end":{"line":192,"column":3}},"line":179}},"branchMap":{"0":{"loc":{"start":{"line":24,"column":6},"end":{"line":35,"column":7}},"type":"if","locations":[{"start":{"line":24,"column":6},"end":{"line":35,"column":7}},{"start":{"line":30,"column":13},"end":{"line":35,"column":7}}],"line":24},"1":{"loc":{"start":{"line":47,"column":6},"end":{"line":58,"column":7}},"type":"if","locations":[{"start":{"line":47,"column":6},"end":{"line":58,"column":7}},{"start":{"line":53,"column":13},"end":{"line":58,"column":7}}],"line":47},"2":{"loc":{"start":{"line":73,"column":6},"end":{"line":84,"column":7}},"type":"if","locations":[{"start":{"line":73,"column":6},"end":{"line":84,"column":7}},{"start":{"line":79,"column":13},"end":{"line":84,"column":7}}],"line":73},"3":{"loc":{"start":{"line":99,"column":6},"end":{"line":110,"column":7}},"type":"if","locations":[{"start":{"line":99,"column":6},"end":{"line":110,"column":7}},{"start":{"line":105,"column":13},"end":{"line":110,"column":7}}],"line":99},"4":{"loc":{"start":{"line":155,"column":6},"end":{"line":161,"column":7}},"type":"if","locations":[{"start":{"line":155,"column":6},"end":{"line":161,"column":7}},{"start":{},"end":{}}],"line":155}},"s":{"0":1,"1":1,"2":1,"3":0,"4":0,"5":0,"6":0,"7":0,"8":0,"9":0,"10":0,"11":0,"12":0,"13":0,"14":0,"15":0,"16":0,"17":0,"18":0,"19":0,"20":0,"21":0,"22":0,"23":0,"24":0,"25":0,"26":0,"27":0,"28":0,"29":0,"30":0,"31":0,"32":0,"33":0,"34":0,"35":0,"36":0,"37":0,"38":0,"39":0,"40":0,"41":0,"42":0,"43":0,"44":0,"45":0,"46":0,"47":0,"48":0,"49":0},"f":{"0":0,"1":0,"2":0,"3":0,"4":0,"5":0,"6":0,"7":0},"b":{"0":[0,0],"1":[0,0],"2":[0,0],"3":[0,0],"4":[0,0]},"_coverageSchema":"1a1c01bbd47fc00a2c39e90264f33305004495a9","hash":"9d3f8ff0dc1fff64d286f2449cc85f11b4b6a152"}
,"E:\\Binar Academy\\Final Project\\Shoesnarian\\bekelompok1-fsw5\\app\\controllers\\api\\v1\\wishlistController.js": {"path":"E:\\Binar Academy\\Final Project\\Shoesnarian\\bekelompok1-fsw5\\app\\controllers\\api\\v1\\wishlistController.js","statementMap":{"0":{"start":{"line":1,"column":16},"end":{"line":1,"column":50}},"1":{"start":{"line":2,"column":24},"end":{"line":2,"column":68}},"2":{"start":{"line":4,"column":0},"end":{"line":103,"column":2}},"3":{"start":{"line":6,"column":4},"end":{"line":18,"column":5}},"4":{"start":{"line":7,"column":19},"end":{"line":7,"column":47}},"5":{"start":{"line":8,"column":6},"end":{"line":12,"column":9}},"6":{"start":{"line":14,"column":6},"end":{"line":17,"column":9}},"7":{"start":{"line":22,"column":4},"end":{"line":41,"column":5}},"8":{"start":{"line":23,"column":19},"end":{"line":23,"column":74}},"9":{"start":{"line":24,"column":6},"end":{"line":35,"column":7}},"10":{"start":{"line":25,"column":8},"end":{"line":29,"column":11}},"11":{"start":{"line":31,"column":8},"end":{"line":34,"column":11}},"12":{"start":{"line":37,"column":6},"end":{"line":40,"column":9}},"13":{"start":{"line":45,"column":4},"end":{"line":64,"column":5}},"14":{"start":{"line":46,"column":19},"end":{"line":46,"column":75}},"15":{"start":{"line":47,"column":6},"end":{"line":58,"column":7}},"16":{"start":{"line":48,"column":8},"end":{"line":52,"column":11}},"17":{"start":{"line":54,"column":8},"end":{"line":57,"column":11}},"18":{"start":{"line":60,"column":6},"end":{"line":63,"column":9}},"19":{"start":{"line":68,"column":4},"end":{"line":86,"column":5}},"20":{"start":{"line":69,"column":26},"end":{"line":69,"column":37}},"21":{"start":{"line":70,"column":19},"end":{"line":75,"column":8}},"22":{"start":{"line":76,"column":6},"end":{"line":80,"column":9}},"23":{"start":{"line":82,"column":6},"end":{"line":85,"column":9}},"24":{"start":{"line":90,"column":4},"end":{"line":101,"column":5}},"25":{"start":{"line":91,"column":6},"end":{"line":91,"column":50}},"26":{"start":{"line":92,"column":6},"end":{"line":95,"column":9}},"27":{"start":{"line":97,"column":6},"end":{"line":100,"column":9}}},"fnMap":{"0":{"name":"(anonymous_0)","decl":{"start":{"line":5,"column":2},"end":{"line":5,"column":3}},"loc":{"start":{"line":5,"column":23},"end":{"line":19,"column":3}},"line":5},"1":{"name":"(anonymous_1)","decl":{"start":{"line":21,"column":2},"end":{"line":21,"column":3}},"loc":{"start":{"line":21,"column":33},"end":{"line":42,"column":3}},"line":21},"2":{"name":"(anonymous_2)","decl":{"start":{"line":44,"column":2},"end":{"line":44,"column":3}},"loc":{"start":{"line":44,"column":34},"end":{"line":65,"column":3}},"line":44},"3":{"name":"(anonymous_3)","decl":{"start":{"line":67,"column":2},"end":{"line":67,"column":3}},"loc":{"start":{"line":67,"column":25},"end":{"line":87,"column":3}},"line":67},"4":{"name":"(anonymous_4)","decl":{"start":{"line":89,"column":2},"end":{"line":89,"column":3}},"loc":{"start":{"line":89,"column":26},"end":{"line":102,"column":3}},"line":89}},"branchMap":{"0":{"loc":{"start":{"line":24,"column":6},"end":{"line":35,"column":7}},"type":"if","locations":[{"start":{"line":24,"column":6},"end":{"line":35,"column":7}},{"start":{"line":30,"column":13},"end":{"line":35,"column":7}}],"line":24},"1":{"loc":{"start":{"line":47,"column":6},"end":{"line":58,"column":7}},"type":"if","locations":[{"start":{"line":47,"column":6},"end":{"line":58,"column":7}},{"start":{"line":53,"column":13},"end":{"line":58,"column":7}}],"line":47}},"s":{"0":1,"1":1,"2":1,"3":0,"4":0,"5":0,"6":0,"7":0,"8":0,"9":0,"10":0,"11":0,"12":0,"13":0,"14":0,"15":0,"16":0,"17":0,"18":0,"19":0,"20":0,"21":0,"22":0,"23":0,"24":0,"25":0,"26":0,"27":0},"f":{"0":0,"1":0,"2":0,"3":0,"4":0},"b":{"0":[0,0],"1":[0,0]},"_coverageSchema":"1a1c01bbd47fc00a2c39e90264f33305004495a9","hash":"5fbba3a87d1ff1ca2330329fcce5a8d386d55041"}
,"E:\\Binar Academy\\Final Project\\Shoesnarian\\bekelompok1-fsw5\\app\\controllers\\api\\v1\\auth\\handleGoogleLoginOrRegister.js": {"path":"E:\\Binar Academy\\Final Project\\Shoesnarian\\bekelompok1-fsw5\\app\\controllers\\api\\v1\\auth\\handleGoogleLoginOrRegister.js","statementMap":{"0":{"start":{"line":1,"column":14},"end":{"line":1,"column":30}},"1":{"start":{"line":2,"column":12},"end":{"line":2,"column":35}},"2":{"start":{"line":3,"column":17},"end":{"line":3,"column":46}},"3":{"start":{"line":4,"column":23},"end":{"line":4,"column":34}},"4":{"start":{"line":7,"column":18},"end":{"line":11,"column":3}},"5":{"start":{"line":13,"column":2},"end":{"line":13,"column":39}},"6":{"start":{"line":17,"column":27},"end":{"line":17,"column":35}},"7":{"start":{"line":19,"column":2},"end":{"line":41,"column":3}},"8":{"start":{"line":20,"column":21},"end":{"line":22,"column":5}},"9":{"start":{"line":23,"column":33},"end":{"line":23,"column":46}},"10":{"start":{"line":25,"column":15},"end":{"line":25,"column":63}},"11":{"start":{"line":26,"column":4},"end":{"line":33,"column":9}},"12":{"start":{"line":27,"column":6},"end":{"line":33,"column":9}},"13":{"start":{"line":34,"column":4},"end":{"line":34,"column":25}},"14":{"start":{"line":36,"column":18},"end":{"line":36,"column":35}},"15":{"start":{"line":37,"column":4},"end":{"line":37,"column":36}},"16":{"start":{"line":39,"column":4},"end":{"line":39,"column":29}},"17":{"start":{"line":40,"column":4},"end":{"line":40,"column":78}},"18":{"start":{"line":44,"column":0},"end":{"line":44,"column":45}}},"fnMap":{"0":{"name":"createToken","decl":{"start":{"line":6,"column":9},"end":{"line":6,"column":20}},"loc":{"start":{"line":6,"column":27},"end":{"line":14,"column":1}},"line":6},"1":{"name":"handleGoogleLoginOrRegister","decl":{"start":{"line":16,"column":15},"end":{"line":16,"column":42}},"loc":{"start":{"line":16,"column":53},"end":{"line":42,"column":1}},"line":16}},"branchMap":{"0":{"loc":{"start":{"line":26,"column":4},"end":{"line":33,"column":9}},"type":"if","locations":[{"start":{"line":26,"column":4},"end":{"line":33,"column":9}},{"start":{},"end":{}}],"line":26}},"s":{"0":1,"1":1,"2":1,"3":1,"4":0,"5":0,"6":0,"7":0,"8":0,"9":0,"10":0,"11":0,"12":0,"13":0,"14":0,"15":0,"16":0,"17":0,"18":1},"f":{"0":0,"1":0},"b":{"0":[0,0]},"_coverageSchema":"1a1c01bbd47fc00a2c39e90264f33305004495a9","hash":"c86e7b97b102e9edd9a4c5c1a21c2397fba4e3b3"}
,"E:\\Binar Academy\\Final Project\\Shoesnarian\\bekelompok1-fsw5\\app\\controllers\\api\\v1\\auth\\userController.js": {"path":"E:\\Binar Academy\\Final Project\\Shoesnarian\\bekelompok1-fsw5\\app\\controllers\\api\\v1\\auth\\userController.js","statementMap":{"0":{"start":{"line":1,"column":0},"end":{"line":1,"column":27}},"1":{"start":{"line":2,"column":20},"end":{"line":2,"column":63}},"2":{"start":{"line":3,"column":15},"end":{"line":3,"column":32}},"3":{"start":{"line":4,"column":12},"end":{"line":4,"column":35}},"4":{"start":{"line":5,"column":23},"end":{"line":5,"column":34}},"5":{"start":{"line":6,"column":22},"end":{"line":6,"column":37}},"6":{"start":{"line":7,"column":19},"end":{"line":7,"column":62}},"7":{"start":{"line":8,"column":25},"end":{"line":8,"column":62}},"8":{"start":{"line":9,"column":26},"end":{"line":9,"column":64}},"9":{"start":{"line":12,"column":2},"end":{"line":16,"column":3}},"10":{"start":{"line":13,"column":4},"end":{"line":13,"column":41}},"11":{"start":{"line":15,"column":4},"end":{"line":15,"column":37}},"12":{"start":{"line":19,"column":0},"end":{"line":235,"column":2}},"13":{"start":{"line":21,"column":4},"end":{"line":61,"column":5}},"14":{"start":{"line":22,"column":44},"end":{"line":22,"column":52}},"15":{"start":{"line":24,"column":6},"end":{"line":30,"column":7}},"16":{"start":{"line":25,"column":8},"end":{"line":28,"column":11}},"17":{"start":{"line":29,"column":8},"end":{"line":29,"column":15}},"18":{"start":{"line":33,"column":6},"end":{"line":39,"column":7}},"19":{"start":{"line":34,"column":8},"end":{"line":37,"column":11}},"20":{"start":{"line":38,"column":8},"end":{"line":38,"column":15}},"21":{"start":{"line":41,"column":22},"end":{"line":47,"column":8}},"22":{"start":{"line":49,"column":25},"end":{"line":49,"column":62}},"23":{"start":{"line":51,"column":6},"end":{"line":55,"column":9}},"24":{"start":{"line":57,"column":6},"end":{"line":60,"column":9}},"25":{"start":{"line":65,"column":4},"end":{"line":105,"column":5}},"26":{"start":{"line":66,"column":19},"end":{"line":66,"column":63}},"27":{"start":{"line":67,"column":6},"end":{"line":73,"column":7}},"28":{"start":{"line":68,"column":8},"end":{"line":71,"column":11}},"29":{"start":{"line":72,"column":8},"end":{"line":72,"column":15}},"30":{"start":{"line":75,"column":22},"end":{"line":75,"column":76}},"31":{"start":{"line":76,"column":6},"end":{"line":82,"column":7}},"32":{"start":{"line":77,"column":8},"end":{"line":80,"column":11}},"33":{"start":{"line":81,"column":8},"end":{"line":81,"column":15}},"34":{"start":{"line":84,"column":20},"end":{"line":94,"column":7}},"35":{"start":{"line":95,"column":6},"end":{"line":99,"column":9}},"36":{"start":{"line":101,"column":6},"end":{"line":104,"column":9}},"37":{"start":{"line":109,"column":4},"end":{"line":122,"column":5}},"38":{"start":{"line":110,"column":26},"end":{"line":110,"column":37}},"39":{"start":{"line":111,"column":19},"end":{"line":111,"column":57}},"40":{"start":{"line":112,"column":6},"end":{"line":116,"column":9}},"41":{"start":{"line":118,"column":6},"end":{"line":121,"column":9}},"42":{"start":{"line":126,"column":4},"end":{"line":173,"column":5}},"43":{"start":{"line":127,"column":6},"end":{"line":127,"column":36}},"44":{"start":{"line":128,"column":26},"end":{"line":128,"column":51}},"45":{"start":{"line":129,"column":20},"end":{"line":129,"column":51}},"46":{"start":{"line":130,"column":27},"end":{"line":130,"column":45}},"47":{"start":{"line":131,"column":19},"end":{"line":133,"column":7}},"48":{"start":{"line":134,"column":6},"end":{"line":134,"column":27}},"49":{"start":{"line":136,"column":6},"end":{"line":162,"column":7}},"50":{"start":{"line":137,"column":8},"end":{"line":137,"column":34}},"51":{"start":{"line":138,"column":8},"end":{"line":138,"column":36}},"52":{"start":{"line":139,"column":8},"end":{"line":139,"column":34}},"53":{"start":{"line":140,"column":8},"end":{"line":140,"column":40}},"54":{"start":{"line":141,"column":8},"end":{"line":141,"column":36}},"55":{"start":{"line":148,"column":8},"end":{"line":148,"column":49}},"56":{"start":{"line":150,"column":27},"end":{"line":150,"column":61}},"57":{"start":{"line":151,"column":21},"end":{"line":151,"column":69}},"58":{"start":{"line":152,"column":23},"end":{"line":152,"column":51}},"59":{"start":{"line":153,"column":20},"end":{"line":153,"column":37}},"60":{"start":{"line":156,"column":8},"end":{"line":156,"column":34}},"61":{"start":{"line":157,"column":8},"end":{"line":157,"column":36}},"62":{"start":{"line":158,"column":8},"end":{"line":158,"column":34}},"63":{"start":{"line":159,"column":8},"end":{"line":159,"column":40}},"64":{"start":{"line":160,"column":8},"end":{"line":160,"column":36}},"65":{"start":{"line":161,"column":8},"end":{"line":161,"column":25}},"66":{"start":{"line":163,"column":6},"end":{"line":163,"column":46}},"67":{"start":{"line":164,"column":6},"end":{"line":164,"column":27}},"68":{"start":{"line":166,"column":6},"end":{"line":170,"column":9}},"69":{"start":{"line":172,"column":6},"end":{"line":172,"column":40}},"70":{"start":{"line":177,"column":4},"end":{"line":218,"column":5}},"71":{"start":{"line":178,"column":29},"end":{"line":178,"column":43}},"72":{"start":{"line":179,"column":26},"end":{"line":179,"column":37}},"73":{"start":{"line":180,"column":19},"end":{"line":180,"column":63}},"74":{"start":{"line":182,"column":22},"end":{"line":182,"column":79}},"75":{"start":{"line":183,"column":6},"end":{"line":189,"column":7}},"76":{"start":{"line":184,"column":8},"end":{"line":187,"column":11}},"77":{"start":{"line":188,"column":8},"end":{"line":188,"column":15}},"78":{"start":{"line":191,"column":6},"end":{"line":197,"column":7}},"79":{"start":{"line":192,"column":8},"end":{"line":195,"column":11}},"80":{"start":{"line":196,"column":8},"end":{"line":196,"column":15}},"81":{"start":{"line":199,"column":6},"end":{"line":205,"column":7}},"82":{"start":{"line":200,"column":8},"end":{"line":203,"column":11}},"83":{"start":{"line":204,"column":8},"end":{"line":204,"column":15}},"84":{"start":{"line":207,"column":6},"end":{"line":207,"column":65}},"85":{"start":{"line":209,"column":6},"end":{"line":212,"column":9}},"86":{"start":{"line":214,"column":6},"end":{"line":217,"column":9}},"87":{"start":{"line":222,"column":4},"end":{"line":233,"column":5}},"88":{"start":{"line":223,"column":6},"end":{"line":223,"column":47}},"89":{"start":{"line":224,"column":6},"end":{"line":227,"column":9}},"90":{"start":{"line":229,"column":6},"end":{"line":232,"column":9}}},"fnMap":{"0":{"name":"verifyToken","decl":{"start":{"line":11,"column":9},"end":{"line":11,"column":20}},"loc":{"start":{"line":11,"column":28},"end":{"line":17,"column":1}},"line":11},"1":{"name":"(anonymous_1)","decl":{"start":{"line":20,"column":2},"end":{"line":20,"column":3}},"loc":{"start":{"line":20,"column":27},"end":{"line":62,"column":3}},"line":20},"2":{"name":"(anonymous_2)","decl":{"start":{"line":64,"column":2},"end":{"line":64,"column":3}},"loc":{"start":{"line":64,"column":24},"end":{"line":106,"column":3}},"line":64},"3":{"name":"(anonymous_3)","decl":{"start":{"line":108,"column":2},"end":{"line":108,"column":3}},"loc":{"start":{"line":108,"column":26},"end":{"line":123,"column":3}},"line":108},"4":{"name":"(anonymous_4)","decl":{"start":{"line":125,"column":2},"end":{"line":125,"column":3}},"loc":{"start":{"line":125,"column":32},"end":{"line":174,"column":3}},"line":125},"5":{"name":"(anonymous_5)","decl":{"start":{"line":176,"column":2},"end":{"line":176,"column":3}},"loc":{"start":{"line":176,"column":33},"end":{"line":219,"column":3}},"line":176},"6":{"name":"(anonymous_6)","decl":{"start":{"line":221,"column":2},"end":{"line":221,"column":3}},"loc":{"start":{"line":221,"column":25},"end":{"line":234,"column":3}},"line":221}},"branchMap":{"0":{"loc":{"start":{"line":24,"column":6},"end":{"line":30,"column":7}},"type":"if","locations":[{"start":{"line":24,"column":6},"end":{"line":30,"column":7}},{"start":{},"end":{}}],"line":24},"1":{"loc":{"start":{"line":33,"column":6},"end":{"line":39,"column":7}},"type":"if","locations":[{"start":{"line":33,"column":6},"end":{"line":39,"column":7}},{"start":{},"end":{}}],"line":33},"2":{"loc":{"start":{"line":67,"column":6},"end":{"line":73,"column":7}},"type":"if","locations":[{"start":{"line":67,"column":6},"end":{"line":73,"column":7}},{"start":{},"end":{}}],"line":67},"3":{"loc":{"start":{"line":76,"column":6},"end":{"line":82,"column":7}},"type":"if","locations":[{"start":{"line":76,"column":6},"end":{"line":82,"column":7}},{"start":{},"end":{}}],"line":76},"4":{"loc":{"start":{"line":136,"column":6},"end":{"line":162,"column":7}},"type":"if","locations":[{"start":{"line":136,"column":6},"end":{"line":162,"column":7}},{"start":{"line":142,"column":13},"end":{"line":162,"column":7}}],"line":136},"5":{"loc":{"start":{"line":136,"column":10},"end":{"line":136,"column":53}},"type":"binary-expr","locations":[{"start":{"line":136,"column":10},"end":{"line":136,"column":32}},{"start":{"line":136,"column":36},"end":{"line":136,"column":53}}],"line":136},"6":{"loc":{"start":{"line":183,"column":6},"end":{"line":189,"column":7}},"type":"if","locations":[{"start":{"line":183,"column":6},"end":{"line":189,"column":7}},{"start":{},"end":{}}],"line":183},"7":{"loc":{"start":{"line":191,"column":6},"end":{"line":197,"column":7}},"type":"if","locations":[{"start":{"line":191,"column":6},"end":{"line":197,"column":7}},{"start":{},"end":{}}],"line":191},"8":{"loc":{"start":{"line":199,"column":6},"end":{"line":205,"column":7}},"type":"if","locations":[{"start":{"line":199,"column":6},"end":{"line":205,"column":7}},{"start":{},"end":{}}],"line":199}},"s":{"0":1,"1":1,"2":1,"3":1,"4":1,"5":1,"6":1,"7":1,"8":1,"9":0,"10":0,"11":0,"12":1,"13":2,"14":2,"15":2,"16":0,"17":0,"18":2,"19":0,"20":0,"21":2,"22":2,"23":2,"24":0,"25":3,"26":3,"27":3,"28":1,"29":1,"30":2,"31":2,"32":0,"33":0,"34":2,"35":2,"36":0,"37":1,"38":1,"39":1,"40":1,"41":0,"42":0,"43":0,"44":0,"45":0,"46":0,"47":0,"48":0,"49":0,"50":0,"51":0,"52":0,"53":0,"54":0,"55":0,"56":0,"57":0,"58":0,"59":0,"60":0,"61":0,"62":0,"63":0,"64":0,"65":0,"66":0,"67":0,"68":0,"69":0,"70":0,"71":0,"72":0,"73":0,"74":0,"75":0,"76":0,"77":0,"78":0,"79":0,"80":0,"81":0,"82":0,"83":0,"84":0,"85":0,"86":0,"87":2,"88":2,"89":2,"90":0},"f":{"0":0,"1":2,"2":3,"3":1,"4":0,"5":0,"6":2},"b":{"0":[0,2],"1":[0,2],"2":[1,2],"3":[0,2],"4":[0,0],"5":[0,0],"6":[0,0],"7":[0,0],"8":[0,0]},"_coverageSchema":"1a1c01bbd47fc00a2c39e90264f33305004495a9","hash":"b264e46ce5b38ce296da155c3491dda4e5e03e07"}
,"E:\\Binar Academy\\Final Project\\Shoesnarian\\bekelompok1-fsw5\\app\\models\\category.js": {"path":"E:\\Binar Academy\\Final Project\\Shoesnarian\\bekelompok1-fsw5\\app\\models\\category.js","statementMap":{"0":{"start":{"line":2,"column":18},"end":{"line":2,"column":38}},"1":{"start":{"line":3,"column":0},"end":{"line":19,"column":2}},"2":{"start":{"line":6,"column":6},"end":{"line":6,"column":65}},"3":{"start":{"line":9,"column":2},"end":{"line":17,"column":4}},"4":{"start":{"line":18,"column":2},"end":{"line":18,"column":18}}},"fnMap":{"0":{"name":"(anonymous_0)","decl":{"start":{"line":3,"column":17},"end":{"line":3,"column":18}},"loc":{"start":{"line":3,"column":43},"end":{"line":19,"column":1}},"line":3},"1":{"name":"(anonymous_1)","decl":{"start":{"line":5,"column":4},"end":{"line":5,"column":5}},"loc":{"start":{"line":5,"column":29},"end":{"line":7,"column":5}},"line":5}},"branchMap":{},"s":{"0":1,"1":1,"2":1,"3":1,"4":1},"f":{"0":1,"1":1},"b":{},"_coverageSchema":"1a1c01bbd47fc00a2c39e90264f33305004495a9","hash":"f9317c6bdbf23b5e6e6baf1c3cb4b15c2aded027"}
,"E:\\Binar Academy\\Final Project\\Shoesnarian\\bekelompok1-fsw5\\app\\models\\index.js": {"path":"E:\\Binar Academy\\Final Project\\Shoesnarian\\bekelompok1-fsw5\\app\\models\\index.js","statementMap":{"0":{"start":{"line":3,"column":11},"end":{"line":3,"column":24}},"1":{"start":{"line":4,"column":13},"end":{"line":4,"column":28}},"2":{"start":{"line":5,"column":18},"end":{"line":5,"column":38}},"3":{"start":{"line":6,"column":17},"end":{"line":6,"column":42}},"4":{"start":{"line":7,"column":12},"end":{"line":7,"column":49}},"5":{"start":{"line":8,"column":15},"end":{"line":8,"column":68}},"6":{"start":{"line":9,"column":11},"end":{"line":9,"column":13}},"7":{"start":{"line":12,"column":0},"end":{"line":21,"column":1}},"8":{"start":{"line":13,"column":2},"end":{"line":13,"column":74}},"9":{"start":{"line":15,"column":2},"end":{"line":20,"column":4}},"10":{"start":{"line":23,"column":0},"end":{"line":35,"column":5}},"11":{"start":{"line":25,"column":4},"end":{"line":27,"column":6}},"12":{"start":{"line":30,"column":18},"end":{"line":33,"column":5}},"13":{"start":{"line":34,"column":4},"end":{"line":34,"column":27}},"14":{"start":{"line":37,"column":0},"end":{"line":41,"column":3}},"15":{"start":{"line":38,"column":2},"end":{"line":40,"column":3}},"16":{"start":{"line":39,"column":4},"end":{"line":39,"column":32}},"17":{"start":{"line":43,"column":0},"end":{"line":43,"column":25}},"18":{"start":{"line":44,"column":0},"end":{"line":44,"column":25}},"19":{"start":{"line":46,"column":0},"end":{"line":46,"column":20}}},"fnMap":{"0":{"name":"(anonymous_0)","decl":{"start":{"line":24,"column":10},"end":{"line":24,"column":11}},"loc":{"start":{"line":24,"column":20},"end":{"line":28,"column":3}},"line":24},"1":{"name":"(anonymous_1)","decl":{"start":{"line":29,"column":11},"end":{"line":29,"column":12}},"loc":{"start":{"line":29,"column":21},"end":{"line":35,"column":3}},"line":29},"2":{"name":"(anonymous_2)","decl":{"start":{"line":37,"column":24},"end":{"line":37,"column":25}},"loc":{"start":{"line":37,"column":39},"end":{"line":41,"column":1}},"line":37}},"branchMap":{"0":{"loc":{"start":{"line":7,"column":12},"end":{"line":7,"column":49}},"type":"binary-expr","locations":[{"start":{"line":7,"column":12},"end":{"line":7,"column":32}},{"start":{"line":7,"column":36},"end":{"line":7,"column":49}}],"line":7},"1":{"loc":{"start":{"line":12,"column":0},"end":{"line":21,"column":1}},"type":"if","locations":[{"start":{"line":12,"column":0},"end":{"line":21,"column":1}},{"start":{"line":14,"column":7},"end":{"line":21,"column":1}}],"line":12},"2":{"loc":{"start":{"line":26,"column":6},"end":{"line":26,"column":78}},"type":"binary-expr","locations":[{"start":{"line":26,"column":6},"end":{"line":26,"column":29}},{"start":{"line":26,"column":33},"end":{"line":26,"column":50}},{"start":{"line":26,"column":54},"end":{"line":26,"column":78}}],"line":26},"3":{"loc":{"start":{"line":38,"column":2},"end":{"line":40,"column":3}},"type":"if","locations":[{"start":{"line":38,"column":2},"end":{"line":40,"column":3}},{"start":{},"end":{}}],"line":38}},"s":{"0":1,"1":1,"2":1,"3":1,"4":1,"5":1,"6":1,"7":1,"8":0,"9":1,"10":1,"11":8,"12":7,"13":7,"14":1,"15":7,"16":7,"17":1,"18":1,"19":1},"f":{"0":8,"1":7,"2":7},"b":{"0":[1,0],"1":[0,1],"2":[8,8,7],"3":[7,0]},"_coverageSchema":"1a1c01bbd47fc00a2c39e90264f33305004495a9","hash":"d6e7e9e7e43472ccb9b57612c9cd8ffd741187bc"}
,"E:\\Binar Academy\\Final Project\\Shoesnarian\\bekelompok1-fsw5\\app\\models\\product.js": {"path":"E:\\Binar Academy\\Final Project\\Shoesnarian\\bekelompok1-fsw5\\app\\models\\product.js","statementMap":{"0":{"start":{"line":2,"column":18},"end":{"line":2,"column":38}},"1":{"start":{"line":3,"column":0},"end":{"line":41,"column":2}},"2":{"start":{"line":6,"column":6},"end":{"line":6,"column":64}},"3":{"start":{"line":7,"column":6},"end":{"line":7,"column":68}},"4":{"start":{"line":9,"column":6},"end":{"line":13,"column":9}},"5":{"start":{"line":15,"column":6},"end":{"line":19,"column":9}},"6":{"start":{"line":22,"column":2},"end":{"line":39,"column":4}},"7":{"start":{"line":40,"column":2},"end":{"line":40,"column":17}}},"fnMap":{"0":{"name":"(anonymous_0)","decl":{"start":{"line":3,"column":17},"end":{"line":3,"column":18}},"loc":{"start":{"line":3,"column":43},"end":{"line":41,"column":1}},"line":3},"1":{"name":"(anonymous_1)","decl":{"start":{"line":5,"column":4},"end":{"line":5,"column":5}},"loc":{"start":{"line":5,"column":29},"end":{"line":20,"column":5}},"line":5}},"branchMap":{},"s":{"0":1,"1":1,"2":1,"3":1,"4":1,"5":1,"6":1,"7":1},"f":{"0":1,"1":1},"b":{},"_coverageSchema":"1a1c01bbd47fc00a2c39e90264f33305004495a9","hash":"f494c225ff3d2b712b2bec13ee5dfd074a6c2434"}
,"E:\\Binar Academy\\Final Project\\Shoesnarian\\bekelompok1-fsw5\\app\\models\\productsize.js": {"path":"E:\\Binar Academy\\Final Project\\Shoesnarian\\bekelompok1-fsw5\\app\\models\\productsize.js","statementMap":{"0":{"start":{"line":2,"column":18},"end":{"line":2,"column":38}},"1":{"start":{"line":3,"column":0},"end":{"line":31,"column":2}},"2":{"start":{"line":6,"column":6},"end":{"line":6,"column":71}},"3":{"start":{"line":7,"column":6},"end":{"line":11,"column":9}},"4":{"start":{"line":12,"column":6},"end":{"line":16,"column":9}},"5":{"start":{"line":19,"column":2},"end":{"line":29,"column":4}},"6":{"start":{"line":30,"column":2},"end":{"line":30,"column":21}}},"fnMap":{"0":{"name":"(anonymous_0)","decl":{"start":{"line":3,"column":17},"end":{"line":3,"column":18}},"loc":{"start":{"line":3,"column":43},"end":{"line":31,"column":1}},"line":3},"1":{"name":"(anonymous_1)","decl":{"start":{"line":5,"column":4},"end":{"line":5,"column":5}},"loc":{"start":{"line":5,"column":29},"end":{"line":17,"column":5}},"line":5}},"branchMap":{},"s":{"0":1,"1":1,"2":1,"3":1,"4":1,"5":1,"6":1},"f":{"0":1,"1":1},"b":{},"_coverageSchema":"1a1c01bbd47fc00a2c39e90264f33305004495a9","hash":"1ad59d96559845f2fc7d6696145005f710c0c2ee"}
,"E:\\Binar Academy\\Final Project\\Shoesnarian\\bekelompok1-fsw5\\app\\models\\size.js": {"path":"E:\\Binar Academy\\Final Project\\Shoesnarian\\bekelompok1-fsw5\\app\\models\\size.js","statementMap":{"0":{"start":{"line":2,"column":18},"end":{"line":2,"column":38}},"1":{"start":{"line":3,"column":0},"end":{"line":19,"column":2}},"2":{"start":{"line":6,"column":6},"end":{"line":6,"column":65}},"3":{"start":{"line":9,"column":2},"end":{"line":17,"column":4}},"4":{"start":{"line":18,"column":2},"end":{"line":18,"column":14}}},"fnMap":{"0":{"name":"(anonymous_0)","decl":{"start":{"line":3,"column":17},"end":{"line":3,"column":18}},"loc":{"start":{"line":3,"column":43},"end":{"line":19,"column":1}},"line":3},"1":{"name":"(anonymous_1)","decl":{"start":{"line":5,"column":4},"end":{"line":5,"column":5}},"loc":{"start":{"line":5,"column":29},"end":{"line":7,"column":5}},"line":5}},"branchMap":{},"s":{"0":1,"1":1,"2":1,"3":1,"4":1},"f":{"0":1,"1":1},"b":{},"_coverageSchema":"1a1c01bbd47fc00a2c39e90264f33305004495a9","hash":"931c3ca5df62cab2716ab2741a15594474fc4f2f"}
,"E:\\Binar Academy\\Final Project\\Shoesnarian\\bekelompok1-fsw5\\app\\models\\transaction.js": {"path":"E:\\Binar Academy\\Final Project\\Shoesnarian\\bekelompok1-fsw5\\app\\models\\transaction.js","statementMap":{"0":{"start":{"line":2,"column":18},"end":{"line":2,"column":38}},"1":{"start":{"line":3,"column":0},"end":{"line":35,"column":2}},"2":{"start":{"line":6,"column":6},"end":{"line":10,"column":9}},"3":{"start":{"line":11,"column":6},"end":{"line":15,"column":9}},"4":{"start":{"line":18,"column":2},"end":{"line":33,"column":4}},"5":{"start":{"line":34,"column":2},"end":{"line":34,"column":21}}},"fnMap":{"0":{"name":"(anonymous_0)","decl":{"start":{"line":3,"column":17},"end":{"line":3,"column":18}},"loc":{"start":{"line":3,"column":43},"end":{"line":35,"column":1}},"line":3},"1":{"name":"(anonymous_1)","decl":{"start":{"line":5,"column":4},"end":{"line":5,"column":5}},"loc":{"start":{"line":5,"column":29},"end":{"line":16,"column":5}},"line":5}},"branchMap":{},"s":{"0":1,"1":1,"2":1,"3":1,"4":1,"5":1},"f":{"0":1,"1":1},"b":{},"_coverageSchema":"1a1c01bbd47fc00a2c39e90264f33305004495a9","hash":"6513988bff2bd5e0bf54a8a035f6b6b994a6d74c"}
,"E:\\Binar Academy\\Final Project\\Shoesnarian\\bekelompok1-fsw5\\app\\models\\user.js": {"path":"E:\\Binar Academy\\Final Project\\Shoesnarian\\bekelompok1-fsw5\\app\\models\\user.js","statementMap":{"0":{"start":{"line":2,"column":18},"end":{"line":2,"column":38}},"1":{"start":{"line":3,"column":15},"end":{"line":3,"column":32}},"2":{"start":{"line":4,"column":0},"end":{"line":55,"column":2}},"3":{"start":{"line":7,"column":6},"end":{"line":7,"column":60}},"4":{"start":{"line":8,"column":6},"end":{"line":8,"column":61}},"5":{"start":{"line":9,"column":6},"end":{"line":9,"column":64}},"6":{"start":{"line":12,"column":2},"end":{"line":53,"column":4}},"7":{"start":{"line":37,"column":10},"end":{"line":40,"column":11}},"8":{"start":{"line":38,"column":25},"end":{"line":38,"column":54}},"9":{"start":{"line":39,"column":12},"end":{"line":39,"column":65}},"10":{"start":{"line":42,"column":21},"end":{"line":42,"column":51}},"11":{"start":{"line":43,"column":10},"end":{"line":43,"column":106}},"12":{"start":{"line":46,"column":10},"end":{"line":49,"column":11}},"13":{"start":{"line":47,"column":25},"end":{"line":47,"column":54}},"14":{"start":{"line":48,"column":12},"end":{"line":48,"column":65}},"15":{"start":{"line":54,"column":2},"end":{"line":54,"column":14}}},"fnMap":{"0":{"name":"(anonymous_0)","decl":{"start":{"line":4,"column":17},"end":{"line":4,"column":18}},"loc":{"start":{"line":4,"column":43},"end":{"line":55,"column":1}},"line":4},"1":{"name":"(anonymous_1)","decl":{"start":{"line":6,"column":4},"end":{"line":6,"column":5}},"loc":{"start":{"line":6,"column":29},"end":{"line":10,"column":5}},"line":6},"2":{"name":"(anonymous_2)","decl":{"start":{"line":36,"column":22},"end":{"line":36,"column":23}},"loc":{"start":{"line":36,"column":38},"end":{"line":44,"column":9}},"line":36},"3":{"name":"(anonymous_3)","decl":{"start":{"line":45,"column":22},"end":{"line":45,"column":23}},"loc":{"start":{"line":45,"column":38},"end":{"line":50,"column":9}},"line":45}},"branchMap":{"0":{"loc":{"start":{"line":37,"column":10},"end":{"line":40,"column":11}},"type":"if","locations":[{"start":{"line":37,"column":10},"end":{"line":40,"column":11}},{"start":{},"end":{}}],"line":37},"1":{"loc":{"start":{"line":46,"column":10},"end":{"line":49,"column":11}},"type":"if","locations":[{"start":{"line":46,"column":10},"end":{"line":49,"column":11}},{"start":{},"end":{}}],"line":46}},"s":{"0":1,"1":1,"2":1,"3":1,"4":1,"5":1,"6":1,"7":2,"8":2,"9":2,"10":2,"11":2,"12":0,"13":0,"14":0,"15":1},"f":{"0":1,"1":1,"2":2,"3":0},"b":{"0":[2,0],"1":[0,0]},"_coverageSchema":"1a1c01bbd47fc00a2c39e90264f33305004495a9","hash":"0ffae1a23c812bc1cc4966fd1f1bc79d51faf061"}
,"E:\\Binar Academy\\Final Project\\Shoesnarian\\bekelompok1-fsw5\\app\\models\\wishlist.js": {"path":"E:\\Binar Academy\\Final Project\\Shoesnarian\\bekelompok1-fsw5\\app\\models\\wishlist.js","statementMap":{"0":{"start":{"line":2,"column":18},"end":{"line":2,"column":38}},"1":{"start":{"line":3,"column":0},"end":{"line":30,"column":2}},"2":{"start":{"line":6,"column":6},"end":{"line":10,"column":9}},"3":{"start":{"line":12,"column":6},"end":{"line":16,"column":9}},"4":{"start":{"line":19,"column":2},"end":{"line":28,"column":4}},"5":{"start":{"line":29,"column":2},"end":{"line":29,"column":18}}},"fnMap":{"0":{"name":"(anonymous_0)","decl":{"start":{"line":3,"column":17},"end":{"line":3,"column":18}},"loc":{"start":{"line":3,"column":43},"end":{"line":30,"column":1}},"line":3},"1":{"name":"(anonymous_1)","decl":{"start":{"line":5,"column":4},"end":{"line":5,"column":5}},"loc":{"start":{"line":5,"column":29},"end":{"line":17,"column":5}},"line":5}},"branchMap":{},"s":{"0":1,"1":1,"2":1,"3":1,"4":1,"5":1},"f":{"0":1,"1":1},"b":{},"_coverageSchema":"1a1c01bbd47fc00a2c39e90264f33305004495a9","hash":"c37910f5867d87532eaed4cdd8cc95afd6419398"}
,"E:\\Binar Academy\\Final Project\\Shoesnarian\\bekelompok1-fsw5\\app\\repositories\\categoryRepository.js": {"path":"E:\\Binar Academy\\Final Project\\Shoesnarian\\bekelompok1-fsw5\\app\\repositories\\categoryRepository.js","statementMap":{"0":{"start":{"line":1,"column":21},"end":{"line":1,"column":41}},"1":{"start":{"line":3,"column":0},"end":{"line":35,"column":2}},"2":{"start":{"line":5,"column":4},"end":{"line":5,"column":30}},"3":{"start":{"line":9,"column":4},"end":{"line":13,"column":7}},"4":{"start":{"line":17,"column":4},"end":{"line":17,"column":39}},"5":{"start":{"line":21,"column":4},"end":{"line":25,"column":7}},"6":{"start":{"line":29,"column":4},"end":{"line":33,"column":7}}},"fnMap":{"0":{"name":"(anonymous_0)","decl":{"start":{"line":4,"column":2},"end":{"line":4,"column":3}},"loc":{"start":{"line":4,"column":12},"end":{"line":6,"column":3}},"line":4},"1":{"name":"(anonymous_1)","decl":{"start":{"line":8,"column":2},"end":{"line":8,"column":3}},"loc":{"start":{"line":8,"column":11},"end":{"line":14,"column":3}},"line":8},"2":{"name":"(anonymous_2)","decl":{"start":{"line":16,"column":2},"end":{"line":16,"column":3}},"loc":{"start":{"line":16,"column":21},"end":{"line":18,"column":3}},"line":16},"3":{"name":"(anonymous_3)","decl":{"start":{"line":20,"column":2},"end":{"line":20,"column":3}},"loc":{"start":{"line":20,"column":25},"end":{"line":26,"column":3}},"line":20},"4":{"name":"(anonymous_4)","decl":{"start":{"line":28,"column":2},"end":{"line":28,"column":3}},"loc":{"start":{"line":28,"column":13},"end":{"line":34,"column":3}},"line":28}},"branchMap":{},"s":{"0":1,"1":1,"2":0,"3":0,"4":0,"5":0,"6":0},"f":{"0":0,"1":0,"2":0,"3":0,"4":0},"b":{},"_coverageSchema":"1a1c01bbd47fc00a2c39e90264f33305004495a9","hash":"ce97b29c0bf4149e93b14f0bdf174ef79ac3fae0"}
,"E:\\Binar Academy\\Final Project\\Shoesnarian\\bekelompok1-fsw5\\app\\repositories\\productRepository.js": {"path":"E:\\Binar Academy\\Final Project\\Shoesnarian\\bekelompok1-fsw5\\app\\repositories\\productRepository.js","statementMap":{"0":{"start":{"line":1,"column":42},"end":{"line":1,"column":62}},"1":{"start":{"line":3,"column":0},"end":{"line":185,"column":2}},"2":{"start":{"line":5,"column":4},"end":{"line":23,"column":5}},"3":{"start":{"line":6,"column":19},"end":{"line":15,"column":8}},"4":{"start":{"line":17,"column":6},"end":{"line":19,"column":7}},"5":{"start":{"line":18,"column":8},"end":{"line":18,"column":20}},"6":{"start":{"line":20,"column":6},"end":{"line":20,"column":24}},"7":{"start":{"line":22,"column":6},"end":{"line":22,"column":19}},"8":{"start":{"line":27,"column":4},"end":{"line":60,"column":5}},"9":{"start":{"line":28,"column":19},"end":{"line":53,"column":8}},"10":{"start":{"line":55,"column":6},"end":{"line":57,"column":7}},"11":{"start":{"line":56,"column":8},"end":{"line":56,"column":20}},"12":{"start":{"line":59,"column":6},"end":{"line":59,"column":19}},"13":{"start":{"line":64,"column":4},"end":{"line":102,"column":5}},"14":{"start":{"line":65,"column":6},"end":{"line":99,"column":9}},"15":{"start":{"line":101,"column":6},"end":{"line":101,"column":19}},"16":{"start":{"line":106,"column":4},"end":{"line":122,"column":5}},"17":{"start":{"line":107,"column":6},"end":{"line":119,"column":9}},"18":{"start":{"line":121,"column":6},"end":{"line":121,"column":19}},"19":{"start":{"line":126,"column":4},"end":{"line":163,"column":5}},"20":{"start":{"line":127,"column":19},"end":{"line":156,"column":8}},"21":{"start":{"line":158,"column":6},"end":{"line":160,"column":7}},"22":{"start":{"line":159,"column":8},"end":{"line":159,"column":20}},"23":{"start":{"line":162,"column":6},"end":{"line":162,"column":19}},"24":{"start":{"line":167,"column":4},"end":{"line":167,"column":38}},"25":{"start":{"line":171,"column":4},"end":{"line":175,"column":7}},"26":{"start":{"line":179,"column":4},"end":{"line":183,"column":7}}},"fnMap":{"0":{"name":"(anonymous_0)","decl":{"start":{"line":4,"column":2},"end":{"line":4,"column":3}},"loc":{"start":{"line":4,"column":12},"end":{"line":24,"column":3}},"line":4},"1":{"name":"(anonymous_1)","decl":{"start":{"line":26,"column":2},"end":{"line":26,"column":3}},"loc":{"start":{"line":26,"column":15},"end":{"line":61,"column":3}},"line":26},"2":{"name":"(anonymous_2)","decl":{"start":{"line":63,"column":2},"end":{"line":63,"column":3}},"loc":{"start":{"line":63,"column":31},"end":{"line":103,"column":3}},"line":63},"3":{"name":"(anonymous_3)","decl":{"start":{"line":105,"column":2},"end":{"line":105,"column":3}},"loc":{"start":{"line":105,"column":25},"end":{"line":123,"column":3}},"line":105},"4":{"name":"(anonymous_4)","decl":{"start":{"line":125,"column":2},"end":{"line":125,"column":3}},"loc":{"start":{"line":125,"column":11},"end":{"line":164,"column":3}},"line":125},"5":{"name":"(anonymous_5)","decl":{"start":{"line":166,"column":2},"end":{"line":166,"column":3}},"loc":{"start":{"line":166,"column":21},"end":{"line":168,"column":3}},"line":166},"6":{"name":"(anonymous_6)","decl":{"start":{"line":170,"column":2},"end":{"line":170,"column":3}},"loc":{"start":{"line":170,"column":25},"end":{"line":176,"column":3}},"line":170},"7":{"name":"(anonymous_7)","decl":{"start":{"line":178,"column":2},"end":{"line":178,"column":3}},"loc":{"start":{"line":178,"column":13},"end":{"line":184,"column":3}},"line":178}},"branchMap":{"0":{"loc":{"start":{"line":17,"column":6},"end":{"line":19,"column":7}},"type":"if","locations":[{"start":{"line":17,"column":6},"end":{"line":19,"column":7}},{"start":{},"end":{}}],"line":17},"1":{"loc":{"start":{"line":55,"column":6},"end":{"line":57,"column":7}},"type":"if","locations":[{"start":{"line":55,"column":6},"end":{"line":57,"column":7}},{"start":{},"end":{}}],"line":55},"2":{"loc":{"start":{"line":158,"column":6},"end":{"line":160,"column":7}},"type":"if","locations":[{"start":{"line":158,"column":6},"end":{"line":160,"column":7}},{"start":{},"end":{}}],"line":158}},"s":{"0":1,"1":1,"2":0,"3":0,"4":0,"5":0,"6":0,"7":0,"8":0,"9":0,"10":0,"11":0,"12":0,"13":0,"14":0,"15":0,"16":0,"17":0,"18":0,"19":0,"20":0,"21":0,"22":0,"23":0,"24":0,"25":0,"26":0},"f":{"0":0,"1":0,"2":0,"3":0,"4":0,"5":0,"6":0,"7":0},"b":{"0":[0,0],"1":[0,0],"2":[0,0]},"_coverageSchema":"1a1c01bbd47fc00a2c39e90264f33305004495a9","hash":"e3c38c2b58890dc0aa1d65d2029c149469b61acc"}
,"E:\\Binar Academy\\Final Project\\Shoesnarian\\bekelompok1-fsw5\\app\\repositories\\sizeRepository.js": {"path":"E:\\Binar Academy\\Final Project\\Shoesnarian\\bekelompok1-fsw5\\app\\repositories\\sizeRepository.js","statementMap":{"0":{"start":{"line":1,"column":40},"end":{"line":1,"column":60}},"1":{"start":{"line":3,"column":0},"end":{"line":60,"column":2}},"2":{"start":{"line":5,"column":4},"end":{"line":18,"column":7}},"3":{"start":{"line":22,"column":4},"end":{"line":38,"column":7}},"4":{"start":{"line":42,"column":4},"end":{"line":42,"column":42}},"5":{"start":{"line":46,"column":4},"end":{"line":50,"column":7}},"6":{"start":{"line":54,"column":4},"end":{"line":58,"column":7}}},"fnMap":{"0":{"name":"(anonymous_0)","decl":{"start":{"line":4,"column":2},"end":{"line":4,"column":3}},"loc":{"start":{"line":4,"column":12},"end":{"line":19,"column":3}},"line":4},"1":{"name":"(anonymous_1)","decl":{"start":{"line":21,"column":2},"end":{"line":21,"column":3}},"loc":{"start":{"line":21,"column":11},"end":{"line":39,"column":3}},"line":21},"2":{"name":"(anonymous_2)","decl":{"start":{"line":41,"column":2},"end":{"line":41,"column":3}},"loc":{"start":{"line":41,"column":21},"end":{"line":43,"column":3}},"line":41},"3":{"name":"(anonymous_3)","decl":{"start":{"line":45,"column":2},"end":{"line":45,"column":3}},"loc":{"start":{"line":45,"column":25},"end":{"line":51,"column":3}},"line":45},"4":{"name":"(anonymous_4)","decl":{"start":{"line":53,"column":2},"end":{"line":53,"column":3}},"loc":{"start":{"line":53,"column":13},"end":{"line":59,"column":3}},"line":53}},"branchMap":{},"s":{"0":1,"1":1,"2":0,"3":0,"4":0,"5":0,"6":0},"f":{"0":0,"1":0,"2":0,"3":0,"4":0},"b":{},"_coverageSchema":"1a1c01bbd47fc00a2c39e90264f33305004495a9","hash":"71e4f4b4a6f4db3a810913e8f467fb920e028f2d"}
,"E:\\Binar Academy\\Final Project\\Shoesnarian\\bekelompok1-fsw5\\app\\repositories\\transactionRepository.js": {"path":"E:\\Binar Academy\\Final Project\\Shoesnarian\\bekelompok1-fsw5\\app\\repositories\\transactionRepository.js","statementMap":{"0":{"start":{"line":1,"column":68},"end":{"line":1,"column":88}},"1":{"start":{"line":3,"column":0},"end":{"line":296,"column":2}},"2":{"start":{"line":5,"column":4},"end":{"line":5,"column":33}},"3":{"start":{"line":9,"column":4},"end":{"line":13,"column":7}},"4":{"start":{"line":17,"column":4},"end":{"line":71,"column":5}},"5":{"start":{"line":18,"column":19},"end":{"line":64,"column":8}},"6":{"start":{"line":66,"column":6},"end":{"line":68,"column":7}},"7":{"start":{"line":67,"column":8},"end":{"line":67,"column":20}},"8":{"start":{"line":70,"column":6},"end":{"line":70,"column":19}},"9":{"start":{"line":75,"column":4},"end":{"line":134,"column":5}},"10":{"start":{"line":76,"column":19},"end":{"line":127,"column":8}},"11":{"start":{"line":129,"column":6},"end":{"line":131,"column":7}},"12":{"start":{"line":130,"column":8},"end":{"line":130,"column":20}},"13":{"start":{"line":133,"column":6},"end":{"line":133,"column":19}},"14":{"start":{"line":138,"column":4},"end":{"line":195,"column":5}},"15":{"start":{"line":139,"column":19},"end":{"line":188,"column":8}},"16":{"start":{"line":190,"column":6},"end":{"line":192,"column":7}},"17":{"start":{"line":191,"column":8},"end":{"line":191,"column":20}},"18":{"start":{"line":194,"column":6},"end":{"line":194,"column":19}},"19":{"start":{"line":199,"column":4},"end":{"line":256,"column":5}},"20":{"start":{"line":200,"column":19},"end":{"line":249,"column":8}},"21":{"start":{"line":251,"column":6},"end":{"line":253,"column":7}},"22":{"start":{"line":252,"column":8},"end":{"line":252,"column":20}},"23":{"start":{"line":255,"column":6},"end":{"line":255,"column":19}},"24":{"start":{"line":260,"column":4},"end":{"line":274,"column":5}},"25":{"start":{"line":261,"column":19},"end":{"line":267,"column":8}},"26":{"start":{"line":269,"column":6},"end":{"line":271,"column":7}},"27":{"start":{"line":270,"column":8},"end":{"line":270,"column":20}},"28":{"start":{"line":273,"column":6},"end":{"line":273,"column":19}},"29":{"start":{"line":278,"column":4},"end":{"line":278,"column":42}},"30":{"start":{"line":282,"column":4},"end":{"line":286,"column":7}},"31":{"start":{"line":290,"column":4},"end":{"line":294,"column":7}}},"fnMap":{"0":{"name":"(anonymous_0)","decl":{"start":{"line":4,"column":2},"end":{"line":4,"column":3}},"loc":{"start":{"line":4,"column":12},"end":{"line":6,"column":3}},"line":4},"1":{"name":"(anonymous_1)","decl":{"start":{"line":8,"column":2},"end":{"line":8,"column":3}},"loc":{"start":{"line":8,"column":11},"end":{"line":14,"column":3}},"line":8},"2":{"name":"(anonymous_2)","decl":{"start":{"line":16,"column":2},"end":{"line":16,"column":3}},"loc":{"start":{"line":16,"column":18},"end":{"line":72,"column":3}},"line":16},"3":{"name":"(anonymous_3)","decl":{"start":{"line":74,"column":2},"end":{"line":74,"column":3}},"loc":{"start":{"line":74,"column":19},"end":{"line":135,"column":3}},"line":74},"4":{"name":"(anonymous_4)","decl":{"start":{"line":137,"column":2},"end":{"line":137,"column":3}},"loc":{"start":{"line":137,"column":31},"end":{"line":196,"column":3}},"line":137},"5":{"name":"(anonymous_5)","decl":{"start":{"line":198,"column":2},"end":{"line":198,"column":3}},"loc":{"start":{"line":198,"column":32},"end":{"line":257,"column":3}},"line":198},"6":{"name":"(anonymous_6)","decl":{"start":{"line":259,"column":2},"end":{"line":259,"column":3}},"loc":{"start":{"line":259,"column":43},"end":{"line":275,"column":3}},"line":259},"7":{"name":"(anonymous_7)","decl":{"start":{"line":277,"column":2},"end":{"line":277,"column":3}},"loc":{"start":{"line":277,"column":21},"end":{"line":279,"column":3}},"line":277},"8":{"name":"(anonymous_8)","decl":{"start":{"line":281,"column":2},"end":{"line":281,"column":3}},"loc":{"start":{"line":281,"column":25},"end":{"line":287,"column":3}},"line":281},"9":{"name":"(anonymous_9)","decl":{"start":{"line":289,"column":2},"end":{"line":289,"column":3}},"loc":{"start":{"line":289,"column":13},"end":{"line":295,"column":3}},"line":289}},"branchMap":{"0":{"loc":{"start":{"line":66,"column":6},"end":{"line":68,"column":7}},"type":"if","locations":[{"start":{"line":66,"column":6},"end":{"line":68,"column":7}},{"start":{},"end":{}}],"line":66},"1":{"loc":{"start":{"line":129,"column":6},"end":{"line":131,"column":7}},"type":"if","locations":[{"start":{"line":129,"column":6},"end":{"line":131,"column":7}},{"start":{},"end":{}}],"line":129},"2":{"loc":{"start":{"line":190,"column":6},"end":{"line":192,"column":7}},"type":"if","locations":[{"start":{"line":190,"column":6},"end":{"line":192,"column":7}},{"start":{},"end":{}}],"line":190},"3":{"loc":{"start":{"line":251,"column":6},"end":{"line":253,"column":7}},"type":"if","locations":[{"start":{"line":251,"column":6},"end":{"line":253,"column":7}},{"start":{},"end":{}}],"line":251},"4":{"loc":{"start":{"line":269,"column":6},"end":{"line":271,"column":7}},"type":"if","locations":[{"start":{"line":269,"column":6},"end":{"line":271,"column":7}},{"start":{},"end":{}}],"line":269}},"s":{"0":1,"1":1,"2":0,"3":0,"4":0,"5":0,"6":0,"7":0,"8":0,"9":0,"10":0,"11":0,"12":0,"13":0,"14":0,"15":0,"16":0,"17":0,"18":0,"19":0,"20":0,"21":0,"22":0,"23":0,"24":0,"25":0,"26":0,"27":0,"28":0,"29":0,"30":0,"31":0},"f":{"0":0,"1":0,"2":0,"3":0,"4":0,"5":0,"6":0,"7":0,"8":0,"9":0},"b":{"0":[0,0],"1":[0,0],"2":[0,0],"3":[0,0],"4":[0,0]},"_coverageSchema":"1a1c01bbd47fc00a2c39e90264f33305004495a9","hash":"f31a30ec1cb16cdd8051c8e281297bc65a3874e2"}
,"E:\\Binar Academy\\Final Project\\Shoesnarian\\bekelompok1-fsw5\\app\\repositories\\userRepository.js": {"path":"E:\\Binar Academy\\Final Project\\Shoesnarian\\bekelompok1-fsw5\\app\\repositories\\userRepository.js","statementMap":{"0":{"start":{"line":1,"column":17},"end":{"line":1,"column":37}},"1":{"start":{"line":3,"column":0},"end":{"line":45,"column":2}},"2":{"start":{"line":5,"column":4},"end":{"line":5,"column":26}},"3":{"start":{"line":9,"column":4},"end":{"line":14,"column":7}},"4":{"start":{"line":18,"column":4},"end":{"line":22,"column":7}},"5":{"start":{"line":26,"column":4},"end":{"line":26,"column":35}},"6":{"start":{"line":30,"column":4},"end":{"line":35,"column":7}},"7":{"start":{"line":39,"column":4},"end":{"line":43,"column":7}}},"fnMap":{"0":{"name":"(anonymous_0)","decl":{"start":{"line":4,"column":2},"end":{"line":4,"column":3}},"loc":{"start":{"line":4,"column":12},"end":{"line":6,"column":3}},"line":4},"1":{"name":"(anonymous_1)","decl":{"start":{"line":8,"column":2},"end":{"line":8,"column":3}},"loc":{"start":{"line":8,"column":15},"end":{"line":15,"column":3}},"line":8},"2":{"name":"(anonymous_2)","decl":{"start":{"line":17,"column":2},"end":{"line":17,"column":3}},"loc":{"start":{"line":17,"column":21},"end":{"line":23,"column":3}},"line":17},"3":{"name":"(anonymous_3)","decl":{"start":{"line":25,"column":2},"end":{"line":25,"column":3}},"loc":{"start":{"line":25,"column":21},"end":{"line":27,"column":3}},"line":25},"4":{"name":"(anonymous_4)","decl":{"start":{"line":29,"column":2},"end":{"line":29,"column":3}},"loc":{"start":{"line":29,"column":25},"end":{"line":36,"column":3}},"line":29},"5":{"name":"(anonymous_5)","decl":{"start":{"line":38,"column":2},"end":{"line":38,"column":3}},"loc":{"start":{"line":38,"column":16},"end":{"line":44,"column":3}},"line":38}},"branchMap":{},"s":{"0":1,"1":1,"2":0,"3":4,"4":15,"5":2,"6":0,"7":2},"f":{"0":0,"1":4,"2":15,"3":2,"4":0,"5":2},"b":{},"_coverageSchema":"1a1c01bbd47fc00a2c39e90264f33305004495a9","hash":"03ef8a1f1c0e1b51ff33c4ec585f759a03c05019"}
,"E:\\Binar Academy\\Final Project\\Shoesnarian\\bekelompok1-fsw5\\app\\repositories\\wishlistRepository.js": {"path":"E:\\Binar Academy\\Final Project\\Shoesnarian\\bekelompok1-fsw5\\app\\repositories\\wishlistRepository.js","statementMap":{"0":{"start":{"line":1,"column":46},"end":{"line":1,"column":66}},"1":{"start":{"line":3,"column":0},"end":{"line":118,"column":2}},"2":{"start":{"line":5,"column":4},"end":{"line":5,"column":30}},"3":{"start":{"line":9,"column":4},"end":{"line":47,"column":5}},"4":{"start":{"line":10,"column":19},"end":{"line":40,"column":8}},"5":{"start":{"line":42,"column":6},"end":{"line":44,"column":7}},"6":{"start":{"line":43,"column":8},"end":{"line":43,"column":20}},"7":{"start":{"line":46,"column":6},"end":{"line":46,"column":19}},"8":{"start":{"line":51,"column":4},"end":{"line":87,"column":5}},"9":{"start":{"line":52,"column":19},"end":{"line":80,"column":8}},"10":{"start":{"line":82,"column":6},"end":{"line":84,"column":7}},"11":{"start":{"line":83,"column":8},"end":{"line":83,"column":20}},"12":{"start":{"line":86,"column":6},"end":{"line":86,"column":19}},"13":{"start":{"line":91,"column":4},"end":{"line":104,"column":5}},"14":{"start":{"line":92,"column":19},"end":{"line":97,"column":8}},"15":{"start":{"line":99,"column":6},"end":{"line":101,"column":7}},"16":{"start":{"line":100,"column":8},"end":{"line":100,"column":20}},"17":{"start":{"line":103,"column":6},"end":{"line":103,"column":19}},"18":{"start":{"line":108,"column":4},"end":{"line":108,"column":39}},"19":{"start":{"line":112,"column":4},"end":{"line":116,"column":7}}},"fnMap":{"0":{"name":"(anonymous_0)","decl":{"start":{"line":4,"column":2},"end":{"line":4,"column":3}},"loc":{"start":{"line":4,"column":12},"end":{"line":6,"column":3}},"line":4},"1":{"name":"(anonymous_1)","decl":{"start":{"line":8,"column":2},"end":{"line":8,"column":3}},"loc":{"start":{"line":8,"column":28},"end":{"line":48,"column":3}},"line":8},"2":{"name":"(anonymous_2)","decl":{"start":{"line":50,"column":2},"end":{"line":50,"column":3}},"loc":{"start":{"line":50,"column":29},"end":{"line":88,"column":3}},"line":50},"3":{"name":"(anonymous_3)","decl":{"start":{"line":90,"column":2},"end":{"line":90,"column":3}},"loc":{"start":{"line":90,"column":39},"end":{"line":105,"column":3}},"line":90},"4":{"name":"(anonymous_4)","decl":{"start":{"line":107,"column":2},"end":{"line":107,"column":3}},"loc":{"start":{"line":107,"column":21},"end":{"line":109,"column":3}},"line":107},"5":{"name":"(anonymous_5)","decl":{"start":{"line":111,"column":2},"end":{"line":111,"column":3}},"loc":{"start":{"line":111,"column":13},"end":{"line":117,"column":3}},"line":111}},"branchMap":{"0":{"loc":{"start":{"line":42,"column":6},"end":{"line":44,"column":7}},"type":"if","locations":[{"start":{"line":42,"column":6},"end":{"line":44,"column":7}},{"start":{},"end":{}}],"line":42},"1":{"loc":{"start":{"line":82,"column":6},"end":{"line":84,"column":7}},"type":"if","locations":[{"start":{"line":82,"column":6},"end":{"line":84,"column":7}},{"start":{},"end":{}}],"line":82},"2":{"loc":{"start":{"line":99,"column":6},"end":{"line":101,"column":7}},"type":"if","locations":[{"start":{"line":99,"column":6},"end":{"line":101,"column":7}},{"start":{},"end":{}}],"line":99}},"s":{"0":1,"1":1,"2":0,"3":0,"4":0,"5":0,"6":0,"7":0,"8":0,"9":0,"10":0,"11":0,"12":0,"13":0,"14":0,"15":0,"16":0,"17":0,"18":0,"19":0},"f":{"0":0,"1":0,"2":0,"3":0,"4":0,"5":0},"b":{"0":[0,0],"1":[0,0],"2":[0,0]},"_coverageSchema":"1a1c01bbd47fc00a2c39e90264f33305004495a9","hash":"56317923773d7b1a94e52c1ccda4a439e093d715"}
,"E:\\Binar Academy\\Final Project\\Shoesnarian\\bekelompok1-fsw5\\app\\services\\categoryService.js": {"path":"E:\\Binar Academy\\Final Project\\Shoesnarian\\bekelompok1-fsw5\\app\\services\\categoryService.js","statementMap":{"0":{"start":{"line":1,"column":27},"end":{"line":1,"column":72}},"1":{"start":{"line":3,"column":0},"end":{"line":43,"column":2}},"2":{"start":{"line":5,"column":4},"end":{"line":9,"column":5}},"3":{"start":{"line":6,"column":6},"end":{"line":6,"column":48}},"4":{"start":{"line":8,"column":6},"end":{"line":8,"column":16}},"5":{"start":{"line":13,"column":4},"end":{"line":17,"column":5}},"6":{"start":{"line":14,"column":6},"end":{"line":14,"column":47}},"7":{"start":{"line":16,"column":6},"end":{"line":16,"column":16}},"8":{"start":{"line":21,"column":4},"end":{"line":25,"column":5}},"9":{"start":{"line":22,"column":6},"end":{"line":22,"column":58}},"10":{"start":{"line":24,"column":6},"end":{"line":24,"column":16}},"11":{"start":{"line":29,"column":4},"end":{"line":33,"column":5}},"12":{"start":{"line":30,"column":6},"end":{"line":30,"column":62}},"13":{"start":{"line":32,"column":6},"end":{"line":32,"column":16}},"14":{"start":{"line":37,"column":4},"end":{"line":41,"column":5}},"15":{"start":{"line":38,"column":6},"end":{"line":38,"column":49}},"16":{"start":{"line":40,"column":6},"end":{"line":40,"column":16}}},"fnMap":{"0":{"name":"(anonymous_0)","decl":{"start":{"line":4,"column":2},"end":{"line":4,"column":3}},"loc":{"start":{"line":4,"column":15},"end":{"line":10,"column":3}},"line":4},"1":{"name":"(anonymous_1)","decl":{"start":{"line":12,"column":2},"end":{"line":12,"column":3}},"loc":{"start":{"line":12,"column":16},"end":{"line":18,"column":3}},"line":12},"2":{"name":"(anonymous_2)","decl":{"start":{"line":20,"column":2},"end":{"line":20,"column":3}},"loc":{"start":{"line":20,"column":28},"end":{"line":26,"column":3}},"line":20},"3":{"name":"(anonymous_3)","decl":{"start":{"line":28,"column":2},"end":{"line":28,"column":3}},"loc":{"start":{"line":28,"column":32},"end":{"line":34,"column":3}},"line":28},"4":{"name":"(anonymous_4)","decl":{"start":{"line":36,"column":2},"end":{"line":36,"column":3}},"loc":{"start":{"line":36,"column":19},"end":{"line":42,"column":3}},"line":36}},"branchMap":{},"s":{"0":1,"1":1,"2":0,"3":0,"4":0,"5":0,"6":0,"7":0,"8":0,"9":0,"10":0,"11":0,"12":0,"13":0,"14":0,"15":0,"16":0},"f":{"0":0,"1":0,"2":0,"3":0,"4":0},"b":{},"_coverageSchema":"1a1c01bbd47fc00a2c39e90264f33305004495a9","hash":"000d8dce976de4009b39e361ce32904b905b84a7"}
,"E:\\Binar Academy\\Final Project\\Shoesnarian\\bekelompok1-fsw5\\app\\services\\productService.js": {"path":"E:\\Binar Academy\\Final Project\\Shoesnarian\\bekelompok1-fsw5\\app\\services\\productService.js","statementMap":{"0":{"start":{"line":1,"column":26},"end":{"line":1,"column":70}},"1":{"start":{"line":3,"column":0},"end":{"line":59,"column":2}},"2":{"start":{"line":5,"column":4},"end":{"line":9,"column":5}},"3":{"start":{"line":6,"column":6},"end":{"line":6,"column":47}},"4":{"start":{"line":8,"column":6},"end":{"line":8,"column":16}},"5":{"start":{"line":13,"column":4},"end":{"line":17,"column":5}},"6":{"start":{"line":14,"column":6},"end":{"line":14,"column":60}},"7":{"start":{"line":16,"column":6},"end":{"line":16,"column":16}},"8":{"start":{"line":21,"column":4},"end":{"line":25,"column":5}},"9":{"start":{"line":22,"column":6},"end":{"line":22,"column":50}},"10":{"start":{"line":24,"column":6},"end":{"line":24,"column":16}},"11":{"start":{"line":29,"column":4},"end":{"line":33,"column":5}},"12":{"start":{"line":30,"column":6},"end":{"line":30,"column":66}},"13":{"start":{"line":32,"column":6},"end":{"line":32,"column":16}},"14":{"start":{"line":37,"column":4},"end":{"line":41,"column":5}},"15":{"start":{"line":38,"column":6},"end":{"line":38,"column":57}},"16":{"start":{"line":40,"column":6},"end":{"line":40,"column":16}},"17":{"start":{"line":45,"column":4},"end":{"line":49,"column":5}},"18":{"start":{"line":46,"column":6},"end":{"line":46,"column":61}},"19":{"start":{"line":48,"column":6},"end":{"line":48,"column":16}},"20":{"start":{"line":53,"column":4},"end":{"line":57,"column":5}},"21":{"start":{"line":54,"column":6},"end":{"line":54,"column":48}},"22":{"start":{"line":56,"column":6},"end":{"line":56,"column":16}}},"fnMap":{"0":{"name":"(anonymous_0)","decl":{"start":{"line":4,"column":2},"end":{"line":4,"column":3}},"loc":{"start":{"line":4,"column":15},"end":{"line":10,"column":3}},"line":4},"1":{"name":"(anonymous_1)","decl":{"start":{"line":12,"column":2},"end":{"line":12,"column":3}},"loc":{"start":{"line":12,"column":31},"end":{"line":18,"column":3}},"line":12},"2":{"name":"(anonymous_2)","decl":{"start":{"line":20,"column":2},"end":{"line":20,"column":3}},"loc":{"start":{"line":20,"column":16},"end":{"line":26,"column":3}},"line":20},"3":{"name":"(anonymous_3)","decl":{"start":{"line":28,"column":2},"end":{"line":28,"column":3}},"loc":{"start":{"line":28,"column":36},"end":{"line":34,"column":3}},"line":28},"4":{"name":"(anonymous_4)","decl":{"start":{"line":36,"column":2},"end":{"line":36,"column":3}},"loc":{"start":{"line":36,"column":28},"end":{"line":42,"column":3}},"line":36},"5":{"name":"(anonymous_5)","decl":{"start":{"line":44,"column":2},"end":{"line":44,"column":3}},"loc":{"start":{"line":44,"column":32},"end":{"line":50,"column":3}},"line":44},"6":{"name":"(anonymous_6)","decl":{"start":{"line":52,"column":2},"end":{"line":52,"column":3}},"loc":{"start":{"line":52,"column":19},"end":{"line":58,"column":3}},"line":52}},"branchMap":{},"s":{"0":1,"1":1,"2":0,"3":0,"4":0,"5":0,"6":0,"7":0,"8":0,"9":0,"10":0,"11":0,"12":0,"13":0,"14":0,"15":0,"16":0,"17":0,"18":0,"19":0,"20":0,"21":0,"22":0},"f":{"0":0,"1":0,"2":0,"3":0,"4":0,"5":0,"6":0},"b":{},"_coverageSchema":"1a1c01bbd47fc00a2c39e90264f33305004495a9","hash":"d9f68893b0dd3ee32d3639cf5add804b3ad285c8"}
[...]
"line":60,"column":9}},"25":{"start":{"line":65,"column":4},"end":{"line":91,"column":5}},"26":{"start":{"line":66,"column":26},"end":{"line":66,"column":51}},"27":{"start":{"line":67,"column":20},"end":{"line":67,"column":51}},"28":{"start":{"line":68,"column":27},"end":{"line":71,"column":7}},"29":{"start":{"line":73,"column":6},"end":{"line":73,"column":60}},"30":{"start":{"line":74,"column":6},"end":{"line":80,"column":7}},"31":{"start":{"line":75,"column":8},"end":{"line":78,"column":11}},"32":{"start":{"line":79,"column":8},"end":{"line":79,"column":15}},"33":{"start":{"line":81,"column":6},"end":{"line":81,"column":13}},"34":{"start":{"line":83,"column":6},"end":{"line":86,"column":7}},"35":{"start":{"line":84,"column":8},"end":{"line":84,"column":59}},"36":{"start":{"line":85,"column":8},"end":{"line":85,"column":15}},"37":{"start":{"line":88,"column":6},"end":{"line":90,"column":9}},"38":{"start":{"line":95,"column":4},"end":{"line":121,"column":5}},"39":{"start":{"line":96,"column":26},"end":{"line":96,"column":51}},"40":{"start":{"line":97,"column":20},"end":{"line":97,"column":51}},"41":{"start":{"line":98,"column":27},"end":{"line":101,"column":7}},"42":{"start":{"line":103,"column":6},"end":{"line":103,"column":60}},"43":{"start":{"line":104,"column":6},"end":{"line":110,"column":7}},"44":{"start":{"line":105,"column":8},"end":{"line":108,"column":11}},"45":{"start":{"line":109,"column":8},"end":{"line":109,"column":15}},"46":{"start":{"line":111,"column":6},"end":{"line":111,"column":13}},"47":{"start":{"line":113,"column":6},"end":{"line":116,"column":7}},"48":{"start":{"line":114,"column":8},"end":{"line":114,"column":59}},"49":{"start":{"line":115,"column":8},"end":{"line":115,"column":15}},"50":{"start":{"line":118,"column":6},"end":{"line":120,"column":9}},"51":{"start":{"line":125,"column":4},"end":{"line":151,"column":5}},"52":{"start":{"line":126,"column":26},"end":{"line":126,"column":51}},"53":{"start":{"line":127,"column":20},"end":{"line":127,"column":51}},"54":{"start":{"line":128,"column":27},"end":{"line":131,"column":7}},"55":{"start":{"line":133,"column":6},"end":{"line":133,"column":60}},"56":{"start":{"line":134,"column":6},"end":{"line":140,"column":7}},"57":{"start":{"line":135,"column":8},"end":{"line":138,"column":11}},"58":{"start":{"line":139,"column":8},"end":{"line":139,"column":15}},"59":{"start":{"line":141,"column":6},"end":{"line":141,"column":13}},"60":{"start":{"line":143,"column":6},"end":{"line":146,"column":7}},"61":{"start":{"line":144,"column":8},"end":{"line":144,"column":59}},"62":{"start":{"line":145,"column":8},"end":{"line":145,"column":15}},"63":{"start":{"line":148,"column":6},"end":{"line":150,"column":9}}},"fnMap":{"0":{"name":"(anonymous_0)","decl":{"start":{"line":6,"column":2},"end":{"line":6,"column":3}},"loc":{"start":{"line":6,"column":46},"end":{"line":23,"column":3}},"line":6},"1":{"name":"(anonymous_1)","decl":{"start":{"line":25,"column":2},"end":{"line":25,"column":3}},"loc":{"start":{"line":25,"column":39},"end":{"line":42,"column":3}},"line":25},"2":{"name":"(anonymous_2)","decl":{"start":{"line":44,"column":2},"end":{"line":44,"column":3}},"loc":{"start":{"line":44,"column":45},"end":{"line":62,"column":3}},"line":44},"3":{"name":"(anonymous_3)","decl":{"start":{"line":64,"column":2},"end":{"line":64,"column":3}},"loc":{"start":{"line":64,"column":34},"end":{"line":92,"column":3}},"line":64},"4":{"name":"(anonymous_4)","decl":{"start":{"line":94,"column":2},"end":{"line":94,"column":3}},"loc":{"start":{"line":94,"column":33},"end":{"line":122,"column":3}},"line":94},"5":{"name":"(anonymous_5)","decl":{"start":{"line":124,"column":2},"end":{"line":124,"column":3}},"loc":{"start":{"line":124,"column":33},"end":{"line":152,"column":3}},"line":124}},"branchMap":{"0":{"loc":{"start":{"line":9,"column":6},"end":{"line":15,"column":7}},"type":"if","locations":[{"start":{"line":9,"column":6},"end":{"line":15,"column":7}},{"start":{},"end":{}}],"line":9},"1":{"loc":{"start":{"line":28,"column":6},"end":{"line":34,"column":7}},"type":"if","locations":[{"start":{"line":28,"column":6},"end":{"line":34,"column":7}},{"start":{},"end":{}}],"line":28},"2":{"loc":{"start":{"line":28,"column":10},"end":{"line":28,"column":35}},"type":"binary-expr","locations":[{"start":{"line":28,"column":10},"end":{"line":28,"column":14}},{"start":{"line":28,"column":18},"end":{"line":28,"column":23}},{"start":{"line":28,"column":27},"end":{"line":28,"column":35}}],"line":28},"3":{"loc":{"start":{"line":47,"column":6},"end":{"line":54,"column":7}},"type":"if","locations":[{"start":{"line":47,"column":6},"end":{"line":54,"column":7}},{"start":{},"end":{}}],"line":47},"4":{"loc":{"start":{"line":47,"column":10},"end":{"line":48,"column":56}},"type":"binary-expr","locations":[{"start":{"line":47,"column":10},"end":{"line":47,"column":23}},{"start":{"line":47,"column":27},"end":{"line":47,"column":43}},{"start":{"line":47,"column":47},"end":{"line":47,"column":61}},{"start":{"line":48,"column":11},"end":{"line":48,"column":22}},{"start":{"line":48,"column":26},"end":{"line":48,"column":40}},{"start":{"line":48,"column":44},"end":{"line":48,"column":56}}],"line":47},"5":{"loc":{"start":{"line":70,"column":8},"end":{"line":70,"column":42}},"type":"binary-expr","locations":[{"start":{"line":70,"column":8},"end":{"line":70,"column":30}},{"start":{"line":70,"column":34},"end":{"line":70,"column":42}}],"line":70},"6":{"loc":{"start":{"line":74,"column":6},"end":{"line":80,"column":7}},"type":"if","locations":[{"start":{"line":74,"column":6},"end":{"line":80,"column":7}},{"start":{},"end":{}}],"line":74},"7":{"loc":{"start":{"line":83,"column":6},"end":{"line":86,"column":7}},"type":"if","locations":[{"start":{"line":83,"column":6},"end":{"line":86,"column":7}},{"start":{},"end":{}}],"line":83},"8":{"loc":{"start":{"line":100,"column":8},"end":{"line":100,"column":42}},"type":"binary-expr","locations":[{"start":{"line":100,"column":8},"end":{"line":100,"column":30}},{"start":{"line":100,"column":34},"end":{"line":100,"column":42}}],"line":100},"9":{"loc":{"start":{"line":104,"column":6},"end":{"line":110,"column":7}},"type":"if","locations":[{"start":{"line":104,"column":6},"end":{"line":110,"column":7}},{"start":{},"end":{}}],"line":104},"10":{"loc":{"start":{"line":113,"column":6},"end":{"line":116,"column":7}},"type":"if","locations":[{"start":{"line":113,"column":6},"end":{"line":116,"column":7}},{"start":{},"end":{}}],"line":113},"11":{"loc":{"start":{"line":130,"column":8},"end":{"line":130,"column":42}},"type":"binary-expr","locations":[{"start":{"line":130,"column":8},"end":{"line":130,"column":30}},{"start":{"line":130,"column":34},"end":{"line":130,"column":42}}],"line":130},"12":{"loc":{"start":{"line":134,"column":6},"end":{"line":140,"column":7}},"type":"if","locations":[{"start":{"line":134,"column":6},"end":{"line":140,"column":7}},{"start":{},"end":{}}],"line":134},"13":{"loc":{"start":{"line":143,"column":6},"end":{"line":146,"column":7}},"type":"if","locations":[{"start":{"line":143,"column":6},"end":{"line":146,"column":7}},{"start":{},"end":{}}],"line":143}},"s":{"0":1,"1":1,"2":1,"3":1,"4":12,"5":12,"6":12,"7":10,"8":10,"9":2,"10":0,"11":0,"12":0,"13":0,"14":0,"15":0,"16":0,"17":0,"18":0,"19":0,"20":0,"21":0,"22":0,"23":0,"24":0,"25":2,"26":2,"27":2,"28":1,"29":1,"30":1,"31":0,"32":0,"33":1,"34":1,"35":0,"36":0,"37":1,"38":0,"39":0,"40":0,"41":0,"42":0,"43":0,"44":0,"45":0,"46":0,"47":0,"48":0,"49":0,"50":0,"51":0,"52":0,"53":0,"54":0,"55":0,"56":0,"57":0,"58":0,"59":0,"60":0,"61":0,"62":0,"63":0},"f":{"0":12,"1":0,"2":0,"3":2,"4":0,"5":0},"b":{"0":[10,2],"1":[0,0],"2":[0,0,0],"3":[0,0],"4":[0,0,0,0,0,0],"5":[1,0],"6":[0,1],"7":[0,1],"8":[0,0],"9":[0,0],"10":[0,0],"11":[0,0],"12":[0,0],"13":[0,0]},"_coverageSchema":"1a1c01bbd47fc00a2c39e90264f33305004495a9","hash":"54a43418cf362616150c3d5206f7ead0861e4109"}
,"E:\\Binar Academy\\Final Project\\Shoesnarian\\bekelompok1-fsw5\\routes\\categoryRouter.js": {"path":"E:\\Binar Academy\\Final Project\\Shoesnarian\\bekelompok1-fsw5\\routes\\categoryRouter.js","statementMap":{"0":{"start":{"line":1,"column":16},"end":{"line":1,"column":34}},"1":{"start":{"line":2,"column":15},"end":{"line":2,"column":31}},"2":{"start":{"line":3,"column":27},"end":{"line":3,"column":82}},"3":{"start":{"line":4,"column":27},"end":{"line":4,"column":71}},"4":{"start":{"line":6,"column":0},"end":{"line":6,"column":41}},"5":{"start":{"line":7,"column":0},"end":{"line":7,"column":44}},"6":{"start":{"line":8,"column":0},"end":{"line":8,"column":77}},"7":{"start":{"line":9,"column":0},"end":{"line":14,"column":2}},"8":{"start":{"line":15,"column":0},"end":{"line":15,"column":78}},"9":{"start":{"line":17,"column":0},"end":{"line":17,"column":24}}},"fnMap":{},"branchMap":{},"s":{"0":1,"1":1,"2":1,"3":1,"4":1,"5":1,"6":1,"7":1,"8":1,"9":1},"f":{},"b":{},"_coverageSchema":"1a1c01bbd47fc00a2c39e90264f33305004495a9","hash":"76a5a063656d31390b0141c23cd9e45a744cdd80"}
,"E:\\Binar Academy\\Final Project\\Shoesnarian\\bekelompok1-fsw5\\routes\\index.js": {"path":"E:\\Binar Academy\\Final Project\\Shoesnarian\\bekelompok1-fsw5\\routes\\index.js","statementMap":{"0":{"start":{"line":1,"column":16},"end":{"line":1,"column":34}},"1":{"start":{"line":2,"column":15},"end":{"line":2,"column":31}},"2":{"start":{"line":3,"column":13},"end":{"line":3,"column":54}},"3":{"start":{"line":4,"column":13},"end":{"line":4,"column":30}},"4":{"start":{"line":5,"column":18},"end":{"line":5,"column":47}},"5":{"start":{"line":6,"column":24},"end":{"line":6,"column":51}},"6":{"start":{"line":9,"column":19},"end":{"line":9,"column":42}},"7":{"start":{"line":10,"column":23},"end":{"line":10,"column":50}},"8":{"start":{"line":11,"column":19},"end":{"line":11,"column":42}},"9":{"start":{"line":12,"column":22},"end":{"line":12,"column":48}},"10":{"start":{"line":13,"column":23},"end":{"line":13,"column":50}},"11":{"start":{"line":14,"column":26},"end":{"line":14,"column":56}},"12":{"start":{"line":15,"column":19},"end":{"line":15,"column":42}},"13":{"start":{"line":20,"column":0},"end":{"line":20,"column":28}},"14":{"start":{"line":21,"column":0},"end":{"line":21,"column":47}},"15":{"start":{"line":22,"column":0},"end":{"line":22,"column":34}},"16":{"start":{"line":23,"column":0},"end":{"line":23,"column":45}},"17":{"start":{"line":24,"column":0},"end":{"line":24,"column":47}},"18":{"start":{"line":25,"column":0},"end":{"line":25,"column":53}},"19":{"start":{"line":26,"column":0},"end":{"line":26,"column":39}},"20":{"start":{"line":32,"column":0},"end":{"line":34,"column":3}},"21":{"start":{"line":33,"column":2},"end":{"line":33,"column":40}},"22":{"start":{"line":37,"column":0},"end":{"line":41,"column":2}},"23":{"start":{"line":43,"column":0},"end":{"line":43,"column":24}},"24":{"start":{"line":44,"column":0},"end":{"line":44,"column":25}},"25":{"start":{"line":46,"column":0},"end":{"line":46,"column":24}}},"fnMap":{"0":{"name":"(anonymous_0)","decl":{"start":{"line":32,"column":27},"end":{"line":32,"column":28}},"loc":{"start":{"line":32,"column":41},"end":{"line":34,"column":1}},"line":32}},"branchMap":{},"s":{"0":1,"1":1,"2":1,"3":1,"4":1,"5":1,"6":1,"7":1,"8":1,"9":1,"10":1,"11":1,"12":1,"13":1,"14":1,"15":1,"16":1,"17":1,"18":1,"19":1,"20":1,"21":0,"22":1,"23":1,"24":1,"25":1},"f":{"0":0},"b":{},"_coverageSchema":"1a1c01bbd47fc00a2c39e90264f33305004495a9","hash":"38ef42a77e31c44b639a6c527d2baac066122c82"}
,"E:\\Binar Academy\\Final Project\\Shoesnarian\\bekelompok1-fsw5\\routes\\productRouter.js": {"path":"E:\\Binar Academy\\Final Project\\Shoesnarian\\bekelompok1-fsw5\\routes\\productRouter.js","statementMap":{"0":{"start":{"line":1,"column":16},"end":{"line":1,"column":34}},"1":{"start":{"line":2,"column":15},"end":{"line":2,"column":31}},"2":{"start":{"line":3,"column":26},"end":{"line":3,"column":80}},"3":{"start":{"line":4,"column":23},"end":{"line":4,"column":58}},"4":{"start":{"line":5,"column":26},"end":{"line":5,"column":69}},"5":{"start":{"line":6,"column":23},"end":{"line":6,"column":63}},"6":{"start":{"line":8,"column":0},"end":{"line":8,"column":40}},"7":{"start":{"line":9,"column":0},"end":{"line":14,"column":2}},"8":{"start":{"line":15,"column":0},"end":{"line":15,"column":43}},"9":{"start":{"line":16,"column":0},"end":{"line":21,"column":2}},"10":{"start":{"line":22,"column":0},"end":{"line":30,"column":2}},"11":{"start":{"line":32,"column":0},"end":{"line":41,"column":2}},"12":{"start":{"line":43,"column":0},"end":{"line":50,"column":2}},"13":{"start":{"line":52,"column":0},"end":{"line":52,"column":24}}},"fnMap":{},"branchMap":{},"s":{"0":1,"1":1,"2":1,"3":1,"4":1,"5":1,"6":1,"7":1,"8":1,"9":1,"10":1,"11":1,"12":1,"13":1},"f":{},"b":{},"_coverageSchema":"1a1c01bbd47fc00a2c39e90264f33305004495a9","hash":"dfcd221a654045511f48e0f601aa9d9fea9b9a43"}
,"E:\\Binar Academy\\Final Project\\Shoesnarian\\bekelompok1-fsw5\\routes\\sizeRouter.js": {"path":"E:\\Binar Academy\\Final Project\\Shoesnarian\\bekelompok1-fsw5\\routes\\sizeRouter.js","statementMap":{"0":{"start":{"line":1,"column":16},"end":{"line":1,"column":34}},"1":{"start":{"line":2,"column":15},"end":{"line":2,"column":31}},"2":{"start":{"line":3,"column":23},"end":{"line":3,"column":74}},"3":{"start":{"line":4,"column":23},"end":{"line":4,"column":63}},"4":{"start":{"line":5,"column":23},"end":{"line":5,"column":63}},"5":{"start":{"line":7,"column":0},"end":{"line":7,"column":37}},"6":{"start":{"line":8,"column":0},"end":{"line":13,"column":2}},"7":{"start":{"line":14,"column":0},"end":{"line":20,"column":2}},"8":{"start":{"line":21,"column":0},"end":{"line":28,"column":2}},"9":{"start":{"line":29,"column":0},"end":{"line":35,"column":2}},"10":{"start":{"line":37,"column":0},"end":{"line":37,"column":24}}},"fnMap":{},"branchMap":{},"s":{"0":1,"1":1,"2":1,"3":1,"4":1,"5":1,"6":1,"7":1,"8":1,"9":1,"10":1},"f":{},"b":{},"_coverageSchema":"1a1c01bbd47fc00a2c39e90264f33305004495a9","hash":"8fb39b4f3cf371e10e1a71d425a031ee60dc40d7"}
,"E:\\Binar Academy\\Final Project\\Shoesnarian\\bekelompok1-fsw5\\routes\\testRouter.js": {"path":"E:\\Binar Academy\\Final Project\\Shoesnarian\\bekelompok1-fsw5\\routes\\testRouter.js","statementMap":{"0":{"start":{"line":1,"column":16},"end":{"line":1,"column":34}},"1":{"start":{"line":2,"column":15},"end":{"line":2,"column":31}},"2":{"start":{"line":5,"column":0},"end":{"line":16,"column":3}},"3":{"start":{"line":11,"column":2},"end":{"line":15,"column":5}},"4":{"start":{"line":18,"column":0},"end":{"line":18,"column":24}}},"fnMap":{"0":{"name":"(anonymous_0)","decl":{"start":{"line":5,"column":16},"end":{"line":5,"column":17}},"loc":{"start":{"line":5,"column":42},"end":{"line":16,"column":1}},"line":5}},"branchMap":{},"s":{"0":1,"1":1,"2":1,"3":0,"4":1},"f":{"0":0},"b":{},"_coverageSchema":"1a1c01bbd47fc00a2c39e90264f33305004495a9","hash":"243ad15597675f76a1740371909c2f9fb3790c94"}
,"E:\\Binar Academy\\Final Project\\Shoesnarian\\bekelompok1-fsw5\\routes\\transactionRouter.js": {"path":"E:\\Binar Academy\\Final Project\\Shoesnarian\\bekelompok1-fsw5\\routes\\transactionRouter.js","statementMap":{"0":{"start":{"line":1,"column":16},"end":{"line":1,"column":34}},"1":{"start":{"line":2,"column":15},"end":{"line":2,"column":31}},"2":{"start":{"line":3,"column":30},"end":{"line":3,"column":88}},"3":{"start":{"line":4,"column":30},"end":{"line":4,"column":77}},"4":{"start":{"line":5,"column":23},"end":{"line":5,"column":63}},"5":{"start":{"line":7,"column":0},"end":{"line":11,"column":2}},"6":{"start":{"line":12,"column":0},"end":{"line":17,"column":2}},"7":{"start":{"line":18,"column":0},"end":{"line":23,"column":2}},"8":{"start":{"line":24,"column":0},"end":{"line":29,"column":2}},"9":{"start":{"line":30,"column":0},"end":{"line":35,"column":2}},"10":{"start":{"line":36,"column":0},"end":{"line":43,"column":2}},"11":{"start":{"line":44,"column":0},"end":{"line":49,"column":2}},"12":{"start":{"line":50,"column":0},"end":{"line":55,"column":2}},"13":{"start":{"line":57,"column":0},"end":{"line":57,"column":24}}},"fnMap":{},"branchMap":{},"s":{"0":1,"1":1,"2":1,"3":1,"4":1,"5":1,"6":1,"7":1,"8":1,"9":1,"10":1,"11":1,"12":1,"13":1},"f":{},"b":{},"_coverageSchema":"1a1c01bbd47fc00a2c39e90264f33305004495a9","hash":"f51b8766ca114c2cd69f77fef3fe3d9bdc2ff2ad"}
,"E:\\Binar Academy\\Final Project\\Shoesnarian\\bekelompok1-fsw5\\routes\\userRouter.js": {"path":"E:\\Binar Academy\\Final Project\\Shoesnarian\\bekelompok1-fsw5\\routes\\userRouter.js","statementMap":{"0":{"start":{"line":1,"column":16},"end":{"line":1,"column":34}},"1":{"start":{"line":2,"column":15},"end":{"line":2,"column":31}},"2":{"start":{"line":3,"column":23},"end":{"line":3,"column":79}},"3":{"start":{"line":4,"column":23},"end":{"line":4,"column":63}},"4":{"start":{"line":5,"column":23},"end":{"line":5,"column":58}},"5":{"start":{"line":8,"column":36},"end":{"line":8,"column":105}},"6":{"start":{"line":9,"column":0},"end":{"line":9,"column":52}},"7":{"start":{"line":11,"column":0},"end":{"line":11,"column":44}},"8":{"start":{"line":12,"column":0},"end":{"line":16,"column":2}},"9":{"start":{"line":17,"column":0},"end":{"line":17,"column":73}},"10":{"start":{"line":18,"column":0},"end":{"line":24,"column":2}},"11":{"start":{"line":26,"column":0},"end":{"line":30,"column":2}},"12":{"start":{"line":33,"column":0},"end":{"line":33,"column":46}},"13":{"start":{"line":35,"column":0},"end":{"line":35,"column":24}}},"fnMap":{},"branchMap":{},"s":{"0":1,"1":1,"2":1,"3":1,"4":1,"5":1,"6":1,"7":1,"8":1,"9":1,"10":1,"11":1,"12":1,"13":1},"f":{},"b":{},"_coverageSchema":"1a1c01bbd47fc00a2c39e90264f33305004495a9","hash":"77c14c8574e243b3c2ad30e2088256736d80a818"}
,"E:\\Binar Academy\\Final Project\\Shoesnarian\\bekelompok1-fsw5\\routes\\wishlistRouter.js": {"path":"E:\\Binar Academy\\Final Project\\Shoesnarian\\bekelompok1-fsw5\\routes\\wishlistRouter.js","statementMap":{"0":{"start":{"line":1,"column":16},"end":{"line":1,"column":34}},"1":{"start":{"line":2,"column":15},"end":{"line":2,"column":31}},"2":{"start":{"line":3,"column":27},"end":{"line":3,"column":82}},"3":{"start":{"line":4,"column":23},"end":{"line":4,"column":63}},"4":{"start":{"line":6,"column":0},"end":{"line":10,"column":2}},"5":{"start":{"line":11,"column":0},"end":{"line":16,"column":2}},"6":{"start":{"line":17,"column":0},"end":{"line":22,"column":2}},"7":{"start":{"line":23,"column":0},"end":{"line":28,"column":2}},"8":{"start":{"line":29,"column":0},"end":{"line":34,"column":2}},"9":{"start":{"line":36,"column":0},"end":{"line":36,"column":24}}},"fnMap":{},"branchMap":{},"s":{"0":1,"1":1,"2":1,"3":1,"4":1,"5":1,"6":1,"7":1,"8":1,"9":1},"f":{},"b":{},"_coverageSchema":"1a1c01bbd47fc00a2c39e90264f33305004495a9","hash":"4a500aeb06b75cfe62c851f3df16f7db976c18b6"}
,"E:\\Binar Academy\\Final Project\\Shoesnarian\\bekelompok1-fsw5\\server\\index.js": {"path":"E:\\Binar Academy\\Final Project\\Shoesnarian\\bekelompok1-fsw5\\server\\index.js","statementMap":{"0":{"start":{"line":1,"column":16},"end":{"line":1,"column":34}},"1":{"start":{"line":2,"column":15},"end":{"line":2,"column":32}},"2":{"start":{"line":3,"column":21},"end":{"line":3,"column":45}},"3":{"start":{"line":4,"column":13},"end":{"line":4,"column":28}},"4":{"start":{"line":5,"column":15},"end":{"line":5,"column":35}},"5":{"start":{"line":7,"column":12},"end":{"line":7,"column":21}},"6":{"start":{"line":10,"column":0},"end":{"line":10,"column":23}},"7":{"start":{"line":11,"column":0},"end":{"line":11,"column":24}},"8":{"start":{"line":12,"column":0},"end":{"line":12,"column":16}},"9":{"start":{"line":15,"column":0},"end":{"line":15,"column":24}},"10":{"start":{"line":18,"column":0},"end":{"line":18,"column":16}},"11":{"start":{"line":20,"column":0},"end":{"line":20,"column":21}}},"fnMap":{},"branchMap":{},"s":{"0":1,"1":1,"2":1,"3":1,"4":1,"5":1,"6":1,"7":1,"8":1,"9":1,"10":1,"11":1},"f":{},"b":{},"_coverageSchema":"1a1c01bbd47fc00a2c39e90264f33305004495a9","hash":"1f481048a37bc3658c13ca3ff905a73b314e3dba"}
}
