TN:
SF:app\controllers\api\v1\categoryController.js
FN:4,(anonymous_0)
FN:20,(anonymous_1)
FN:36,(anonymous_2)
FN:59,(anonymous_3)
FN:78,(anonymous_4)
FNF:5
FNH:0
FNDA:0,(anonymous_0)
FNDA:0,(anonymous_1)
FNDA:0,(anonymous_2)
FNDA:0,(anonymous_3)
FNDA:0,(anonymous_4)
DA:1,6
DA:3,6
DA:5,0
DA:6,0
DA:7,0
DA:13,0
DA:21,0
DA:22,0
DA:23,0
DA:29,0
DA:37,0
DA:38,0
DA:39,0
DA:40,0
DA:46,0
DA:52,0
DA:60,0
DA:61,0
DA:63,0
DA:65,0
DA:71,0
DA:79,0
DA:80,0
DA:81,0
DA:86,0
LF:25
LH:2
BRDA:39,0,0,0
BRDA:39,0,1,0
BRF:2
BRH:0
end_of_record
TN:
SF:app\controllers\api\v1\main.js
FN:2,(anonymous_0)
FN:9,(anonymous_1)
FNF:2
FNH:1
FNDA:1,(anonymous_0)
FNDA:0,(anonymous_1)
DA:1,6
DA:3,1
DA:10,0
LF:3
LH:2
BRF:0
BRH:0
end_of_record
TN:
SF:app\controllers\api\v1\productController.js
FN:8,(anonymous_0)
FN:24,(anonymous_1)
FN:41,(anonymous_2)
FN:65,(anonymous_3)
FN:79,(anonymous_4)
FN:102,(anonymous_5)
FN:128,(anonymous_6)
FN:184,(anonymous_7)
FNF:8
FNH:1
FNDA:1,(anonymous_0)
FNDA:0,(anonymous_1)
FNDA:0,(anonymous_2)
FNDA:0,(anonymous_3)
FNDA:0,(anonymous_4)
FNDA:0,(anonymous_5)
FNDA:0,(anonymous_6)
FNDA:0,(anonymous_7)
DA:1,6
DA:2,6
DA:3,6
DA:4,6
DA:5,6
DA:7,6
DA:9,1
DA:10,1
DA:11,1
DA:17,0
DA:25,0
DA:26,0
DA:27,0
DA:28,0
DA:34,0
DA:42,0
DA:43,0
DA:44,0
DA:45,0
DA:46,0
DA:47,0
DA:49,0
DA:50,0
DA:51,0
DA:52,0
DA:53,0
DA:56,0
DA:66,0
DA:72,0
DA:80,0
DA:81,0
DA:82,0
DA:83,0
DA:89,0
DA:95,0
DA:103,0
DA:104,0
DA:108,0
DA:109,0
DA:115,0
DA:121,0
DA:129,0
DA:130,0
DA:131,0
DA:132,0
DA:133,0
DA:134,0
DA:135,0
DA:138,0
DA:140,0
DA:143,0
DA:144,0
DA:146,0
DA:147,0
DA:151,0
DA:155,0
DA:156,0
DA:157,0
DA:158,0
DA:159,0
DA:160,0
DA:163,0
DA:164,0
DA:165,0
DA:171,0
DA:185,0
DA:186,0
DA:187,0
DA:192,0
LF:69
LH:9
BRDA:82,0,0,0
BRDA:82,0,1,0
BRDA:108,1,0,0
BRDA:108,1,1,0
BRDA:143,2,0,0
BRDA:143,2,1,0
BRDA:144,3,0,0
BRDA:144,3,1,0
BRDA:155,4,0,0
BRDA:155,4,1,0
BRF:10
BRH:0
end_of_record
TN:
SF:app\controllers\api\v1\sizeController.js
FN:4,(anonymous_0)
FN:20,(anonymous_1)
FN:47,(anonymous_2)
FN:70,(anonymous_3)
FN:89,(anonymous_4)
FNF:5
FNH:0
FNDA:0,(anonymous_0)
FNDA:0,(anonymous_1)
FNDA:0,(anonymous_2)
FNDA:0,(anonymous_3)
FNDA:0,(anonymous_4)
DA:1,6
DA:3,6
DA:5,0
DA:6,0
DA:7,0
DA:13,0
DA:21,0
DA:23,0
DA:32,0
DA:34,0
DA:40,0
DA:48,0
DA:49,0
DA:50,0
DA:51,0
DA:57,0
DA:63,0
DA:71,0
DA:72,0
DA:74,0
DA:76,0
DA:82,0
DA:90,0
DA:91,0
DA:92,0
DA:97,0
LF:26
LH:2
BRDA:50,0,0,0
BRDA:50,0,1,0
BRF:2
BRH:0
end_of_record
TN:
SF:app\controllers\api\v1\transactionController.js
FN:4,(anonymous_0)
FN:20,(anonymous_1)
FN:43,(anonymous_2)
FN:66,(anonymous_3)
FN:92,(anonymous_4)
FN:118,(anonymous_5)
FN:141,(anonymous_6)
FN:162,(anonymous_7)
FNF:8
FNH:0
FNDA:0,(anonymous_0)
FNDA:0,(anonymous_1)
FNDA:0,(anonymous_2)
FNDA:0,(anonymous_3)
FNDA:0,(anonymous_4)
FNDA:0,(anonymous_5)
FNDA:0,(anonymous_6)
FNDA:0,(anonymous_7)
DA:1,6
DA:3,6
DA:5,0
DA:6,0
DA:7,0
DA:13,0
DA:21,0
DA:22,0
DA:23,0
DA:24,0
DA:30,0
DA:36,0
DA:44,0
DA:45,0
DA:46,0
DA:47,0
DA:53,0
DA:59,0
DA:67,0
DA:68,0
DA:72,0
DA:73,0
DA:79,0
DA:85,0
DA:93,0
DA:94,0
DA:98,0
DA:99,0
DA:105,0
DA:111,0
DA:119,0
DA:120,0
DA:128,0
DA:134,0
DA:142,0
DA:143,0
DA:147,0
DA:149,0
DA:155,0
DA:163,0
DA:164,0
DA:165,0
DA:170,0
LF:43
LH:2
BRDA:23,0,0,0
BRDA:23,0,1,0
BRDA:46,1,0,0
BRDA:46,1,1,0
BRDA:72,2,0,0
BRDA:72,2,1,0
BRDA:98,3,0,0
BRDA:98,3,1,0
BRF:8
BRH:0
end_of_record
TN:
SF:app\controllers\api\v1\wishlistController.js
FN:5,(anonymous_0)
FN:21,(anonymous_1)
FN:44,(anonymous_2)
FN:67,(anonymous_3)
FN:89,(anonymous_4)
FNF:5
FNH:0
FNDA:0,(anonymous_0)
FNDA:0,(anonymous_1)
FNDA:0,(anonymous_2)
FNDA:0,(anonymous_3)
FNDA:0,(anonymous_4)
DA:1,6
DA:2,6
DA:4,6
DA:6,0
DA:7,0
DA:8,0
DA:14,0
DA:22,0
DA:23,0
DA:24,0
DA:25,0
DA:31,0
DA:37,0
DA:45,0
DA:46,0
DA:47,0
DA:48,0
DA:54,0
DA:60,0
DA:68,0
DA:69,0
DA:70,0
DA:76,0
DA:82,0
DA:90,0
DA:91,0
DA:92,0
DA:97,0
LF:28
LH:3
BRDA:24,0,0,0
BRDA:24,0,1,0
BRDA:47,1,0,0
BRDA:47,1,1,0
BRF:4
BRH:0
end_of_record
TN:
SF:app\controllers\api\v1\auth\handleGoogleLoginOrRegister.js
FN:6,createToken
FN:16,handleGoogleLoginOrRegister
FNF:2
FNH:0
FNDA:0,createToken
FNDA:0,handleGoogleLoginOrRegister
DA:1,6
DA:2,6
DA:3,6
DA:4,6
DA:7,0
DA:13,0
DA:17,0
DA:19,0
DA:20,0
DA:23,0
DA:25,0
DA:26,0
DA:27,0
DA:34,0
DA:36,0
DA:37,0
DA:39,0
DA:40,0
DA:44,6
LF:19
LH:5
BRDA:26,0,0,0
BRDA:26,0,1,0
BRF:2
BRH:0
end_of_record
TN:
SF:app\controllers\api\v1\auth\userController.js
FN:11,verifyToken
FN:20,(anonymous_1)
FN:64,(anonymous_2)
FN:108,(anonymous_3)
FN:125,(anonymous_4)
FN:176,(anonymous_5)
FN:221,(anonymous_6)
FNF:7
FNH:5
FNDA:1,verifyToken
FNDA:11,(anonymous_1)
FNDA:10,(anonymous_2)
FNDA:0,(anonymous_3)
FNDA:1,(anonymous_4)
FNDA:0,(anonymous_5)
FNDA:9,(anonymous_6)
DA:1,6
DA:2,6
DA:3,6
DA:4,6
DA:5,6
DA:6,6
DA:7,6
DA:8,6
DA:9,6
DA:12,1
DA:13,1
DA:15,0
DA:19,6
DA:21,11
DA:22,11
DA:24,11
DA:25,1
DA:29,1
DA:33,10
DA:34,1
DA:38,1
DA:41,9
DA:49,7
DA:51,7
DA:57,2
DA:65,10
DA:66,10
DA:67,10
DA:68,7
DA:72,7
DA:75,3
DA:76,3
DA:77,1
DA:81,1
DA:84,2
DA:95,2
DA:101,0
DA:109,0
DA:110,0
DA:111,0
DA:112,0
DA:118,0
DA:126,1
DA:127,1
DA:128,1
DA:129,1
DA:130,1
DA:131,1
DA:134,1
DA:136,1
DA:137,1
DA:138,1
DA:139,1
DA:140,1
DA:141,1
DA:144,0
DA:145,0
DA:146,0
DA:148,0
DA:150,0
DA:151,0
DA:152,0
DA:153,0
DA:156,0
DA:157,0
DA:158,0
DA:159,0
DA:160,0
DA:161,0
DA:163,1
DA:164,1
DA:166,1
DA:172,0
DA:177,0
DA:178,0
DA:179,0
DA:180,0
DA:182,0
DA:183,0
DA:184,0
DA:188,0
DA:191,0
DA:192,0
DA:196,0
DA:199,0
DA:200,0
DA:204,0
DA:207,0
DA:209,0
DA:214,0
DA:222,9
DA:223,9
DA:224,9
DA:229,0
LF:94
LH:54
BRDA:24,0,0,1
BRDA:24,0,1,10
BRDA:33,1,0,1
BRDA:33,1,1,9
BRDA:67,2,0,7
BRDA:67,2,1,3
BRDA:76,3,0,1
BRDA:76,3,1,2
BRDA:136,4,0,1
BRDA:136,4,1,0
BRDA:136,5,0,1
BRDA:136,5,1,0
BRDA:144,6,0,0
BRDA:144,6,1,0
BRDA:183,7,0,0
BRDA:183,7,1,0
BRDA:191,8,0,0
BRDA:191,8,1,0
BRDA:199,9,0,0
BRDA:199,9,1,0
BRF:20
BRH:10
end_of_record
TN:
SF:app\models\category.js
FN:3,(anonymous_0)
FN:5,(anonymous_1)
FNF:2
FNH:2
FNDA:6,(anonymous_0)
FNDA:6,(anonymous_1)
DA:2,6
DA:3,6
DA:6,6
DA:9,6
DA:18,6
LF:5
LH:5
BRF:0
BRH:0
end_of_record
TN:
SF:app\models\index.js
FN:24,(anonymous_0)
FN:29,(anonymous_1)
FN:37,(anonymous_2)
FNF:3
FNH:3
FNDA:48,(anonymous_0)
FNDA:42,(anonymous_1)
FNDA:42,(anonymous_2)
DA:3,6
DA:4,6
DA:5,6
DA:6,6
DA:7,6
DA:8,6
DA:9,6
DA:12,6
DA:13,0
DA:15,6
DA:23,6
DA:25,48
DA:30,42
DA:34,42
DA:37,6
DA:38,42
DA:39,42
DA:43,6
DA:44,6
DA:46,6
LF:20
LH:19
BRDA:7,0,0,6
BRDA:7,0,1,0
BRDA:12,1,0,0
BRDA:12,1,1,6
BRDA:26,2,0,48
BRDA:26,2,1,48
BRDA:26,2,2,42
BRDA:38,3,0,42
BRDA:38,3,1,0
BRF:9
BRH:6
end_of_record
TN:
SF:app\models\product.js
FN:3,(anonymous_0)
FN:5,(anonymous_1)
FNF:2
FNH:2
FNDA:6,(anonymous_0)
FNDA:6,(anonymous_1)
DA:2,6
DA:3,6
DA:6,6
DA:7,6
DA:9,6
DA:15,6
DA:22,6
DA:40,6
LF:8
LH:8
BRF:0
BRH:0
end_of_record
TN:
SF:app\models\productsize.js
FN:3,(anonymous_0)
FN:5,(anonymous_1)
FNF:2
FNH:2
FNDA:6,(anonymous_0)
FNDA:6,(anonymous_1)
DA:2,6
DA:3,6
DA:6,6
DA:7,6
DA:12,6
DA:19,6
DA:30,6
LF:7
LH:7
BRF:0
BRH:0
end_of_record
TN:
SF:app\models\size.js
FN:3,(anonymous_0)
FN:5,(anonymous_1)
FNF:2
FNH:2
FNDA:6,(anonymous_0)
FNDA:6,(anonymous_1)
DA:2,6
DA:3,6
DA:6,6
DA:9,6
DA:18,6
LF:5
LH:5
BRF:0
BRH:0
end_of_record
TN:
SF:app\models\transaction.js
FN:3,(anonymous_0)
FN:5,(anonymous_1)
FNF:2
FNH:2
FNDA:6,(anonymous_0)
FNDA:6,(anonymous_1)
DA:2,6
DA:3,6
DA:6,6
DA:11,6
DA:18,6
DA:34,6
LF:6
LH:6
BRF:0
BRH:0
end_of_record
TN:
SF:app\models\user.js
FN:4,(anonymous_0)
FN:6,(anonymous_1)
FN:36,(anonymous_2)
FN:45,(anonymous_3)
FNF:4
FNH:4
FNDA:6,(anonymous_0)
FNDA:6,(anonymous_1)
FNDA:9,(anonymous_2)
FNDA:1,(anonymous_3)
DA:2,6
DA:3,6
DA:4,6
DA:7,6
DA:8,6
DA:9,6
DA:12,6
DA:37,9
DA:38,9
DA:39,9
DA:42,9
DA:43,9
DA:46,1
DA:47,0
DA:48,0
DA:54,6
LF:16
LH:14
BRDA:37,0,0,9
BRDA:37,0,1,0
BRDA:46,1,0,0
BRDA:46,1,1,1
BRF:4
BRH:2
end_of_record
TN:
SF:app\models\wishlist.js
FN:3,(anonymous_0)
FN:5,(anonymous_1)
FNF:2
FNH:2
FNDA:6,(anonymous_0)
FNDA:6,(anonymous_1)
DA:2,6
DA:3,6
DA:6,6
DA:12,6
DA:19,6
DA:29,6
LF:6
LH:6
BRF:0
BRH:0
end_of_record
TN:
SF:app\repositories\categoryRepository.js
FN:4,(anonymous_0)
FN:8,(anonymous_1)
FN:16,(anonymous_2)
FN:20,(anonymous_3)
FN:28,(anonymous_4)
FNF:5
FNH:0
FNDA:0,(anonymous_0)
FNDA:0,(anonymous_1)
FNDA:0,(anonymous_2)
FNDA:0,(anonymous_3)
FNDA:0,(anonymous_4)
DA:1,6
DA:3,6
DA:5,0
DA:9,0
DA:17,0
DA:21,0
DA:29,0
LF:7
LH:2
BRF:0
BRH:0
end_of_record
TN:
SF:app\repositories\productRepository.js
FN:4,(anonymous_0)
FN:31,(anonymous_1)
FN:74,(anonymous_2)
FN:101,(anonymous_3)
FN:126,(anonymous_4)
FN:159,(anonymous_5)
FN:163,(anonymous_6)
FN:171,(anonymous_7)
FNF:8
FNH:1
FNDA:1,(anonymous_0)
FNDA:0,(anonymous_1)
FNDA:0,(anonymous_2)
FNDA:0,(anonymous_3)
FNDA:0,(anonymous_4)
FNDA:0,(anonymous_5)
FNDA:0,(anonymous_6)
FNDA:0,(anonymous_7)
DA:1,6
DA:3,6
DA:5,1
DA:6,1
DA:22,1
DA:23,1
DA:25,0
DA:27,0
DA:32,0
DA:33,0
DA:66,0
DA:67,0
DA:70,0
DA:75,0
DA:76,0
DA:97,0
DA:102,0
DA:103,0
DA:122,0
DA:127,0
DA:128,0
DA:151,0
DA:152,0
DA:155,0
DA:160,0
DA:164,0
DA:172,0
LF:27
LH:6
BRDA:22,0,0,1
BRDA:22,0,1,0
BRDA:66,1,0,0
BRDA:66,1,1,0
BRDA:151,2,0,0
BRDA:151,2,1,0
BRF:6
BRH:1
end_of_record
TN:
SF:app\repositories\sizeRepository.js
FN:4,(anonymous_0)
FN:21,(anonymous_1)
FN:41,(anonymous_2)
FN:45,(anonymous_3)
FN:53,(anonymous_4)
FNF:5
FNH:0
FNDA:0,(anonymous_0)
FNDA:0,(anonymous_1)
FNDA:0,(anonymous_2)
FNDA:0,(anonymous_3)
FNDA:0,(anonymous_4)
DA:1,6
DA:3,6
DA:5,0
DA:22,0
DA:42,0
DA:46,0
DA:54,0
LF:7
LH:2
BRF:0
BRH:0
end_of_record
TN:
SF:app\repositories\transactionRepository.js
FN:4,(anonymous_0)
FN:8,(anonymous_1)
FN:16,(anonymous_2)
FN:74,(anonymous_3)
FN:137,(anonymous_4)
FN:198,(anonymous_5)
FN:259,(anonymous_6)
FN:277,(anonymous_7)
FN:281,(anonymous_8)
FN:289,(anonymous_9)
FNF:10
FNH:0
FNDA:0,(anonymous_0)
FNDA:0,(anonymous_1)
FNDA:0,(anonymous_2)
FNDA:0,(anonymous_3)
FNDA:0,(anonymous_4)
FNDA:0,(anonymous_5)
FNDA:0,(anonymous_6)
FNDA:0,(anonymous_7)
FNDA:0,(anonymous_8)
FNDA:0,(anonymous_9)
DA:1,6
DA:3,6
DA:5,0
DA:9,0
DA:17,0
DA:18,0
DA:66,0
DA:67,0
DA:70,0
DA:75,0
DA:76,0
DA:129,0
DA:130,0
DA:133,0
DA:138,0
DA:139,0
DA:190,0
DA:191,0
DA:194,0
DA:199,0
DA:200,0
DA:251,0
DA:252,0
DA:255,0
DA:260,0
DA:261,0
DA:269,0
DA:270,0
DA:273,0
DA:278,0
DA:282,0
DA:290,0
LF:32
LH:2
BRDA:66,0,0,0
BRDA:66,0,1,0
BRDA:129,1,0,0
BRDA:129,1,1,0
BRDA:190,2,0,0
BRDA:190,2,1,0
BRDA:251,3,0,0
BRDA:251,3,1,0
BRDA:269,4,0,0
BRDA:269,4,1,0
BRF:10
BRH:0
end_of_record
TN:
SF:app\repositories\userRepository.js
FN:4,(anonymous_0)
FN:8,(anonymous_1)
FN:17,(anonymous_2)
FN:25,(anonymous_3)
FN:29,(anonymous_4)
FN:38,(anonymous_5)
FNF:6
FNH:5
FNDA:0,(anonymous_0)
FNDA:8,(anonymous_1)
FNDA:24,(anonymous_2)
FNDA:9,(anonymous_3)
FNDA:1,(anonymous_4)
FNDA:9,(anonymous_5)
DA:1,6
DA:3,6
DA:5,0
DA:9,8
DA:18,24
DA:26,9
DA:30,1
DA:39,9
LF:8
LH:7
BRF:0
BRH:0
end_of_record
TN:
SF:app\repositories\wishlistRepository.js
FN:4,(anonymous_0)
FN:8,(anonymous_1)
FN:57,(anonymous_2)
FN:101,(anonymous_3)
FN:118,(anonymous_4)
FN:122,(anonymous_5)
FNF:6
FNH:0
FNDA:0,(anonymous_0)
FNDA:0,(anonymous_1)
FNDA:0,(anonymous_2)
FNDA:0,(anonymous_3)
FNDA:0,(anonymous_4)
FNDA:0,(anonymous_5)
DA:1,6
DA:3,6
DA:5,0
DA:9,0
DA:10,0
DA:49,0
DA:50,0
DA:53,0
DA:58,0
DA:59,0
DA:93,0
DA:94,0
DA:97,0
DA:102,0
DA:103,0
DA:110,0
DA:111,0
DA:114,0
DA:119,0
DA:123,0
LF:20
LH:2
BRDA:49,0,0,0
BRDA:49,0,1,0
BRDA:93,1,0,0
BRDA:93,1,1,0
BRDA:110,2,0,0
BRDA:110,2,1,0
BRF:6
BRH:0
end_of_record
TN:
SF:app\services\categoryService.js
FN:4,(anonymous_0)
FN:12,(anonymous_1)
FN:20,(anonymous_2)
FN:28,(anonymous_3)
FN:36,(anonymous_4)
FNF:5
FNH:0
FNDA:0,(anonymous_0)
FNDA:0,(anonymous_1)
FNDA:0,(anonymous_2)
FNDA:0,(anonymous_3)
FNDA:0,(anonymous_4)
DA:1,6
DA:3,6
DA:5,0
DA:6,0
DA:8,0
DA:13,0
DA:14,0
DA:16,0
DA:21,0
DA:22,0
DA:24,0
DA:29,0
DA:30,0
DA:32,0
DA:37,0
DA:38,0
DA:40,0
LF:17
LH:2
BRF:0
BRH:0
end_of_record
TN:
SF:app\services\productService.js
FN:4,(anonymous_0)
FN:12,(anonymous_1)
FN:20,(anonymous_2)
FN:28,(anonymous_3)
FN:36,(anonymous_4)
FN:44,(anonymous_5)
FN:52,(anonymous_6)
FNF:7
FNH:1
FNDA:1,(anonymous_0)
FNDA:0,(anonymous_1)
FNDA:0,(anonymous_2)
FNDA:0,(anonymous_3)
FNDA:0,(anonymous_4)
FNDA:0,(anonymous_5)
FNDA:0,(anonymous_6)
DA:1,6
DA:3,6
DA:5,1
DA:6,1
DA:8,0
DA:13,0
DA:14,0
DA:16,0
DA:21,0
DA:22,0
DA:24,0
DA:29,0
DA:30,0
DA:32,0
DA:37,0
DA:38,0
DA:40,0
DA:45,0
DA:46,0
DA:48,0
DA:53,0
DA:54,0
DA:56,0
LF:23
LH:4
BRF:0
BRH:0
end_of_record
TN:
SF:app\services\sizeService.js
FN:4,(anonymous_0)
FN:12,(anonymous_1)
FN:20,(anonymous_2)
FN:28,(anonymous_3)
FN:36,(anonymous_4)
FNF:5
FNH:0
FNDA:0,(anonymous_0)
FNDA:0,(anonymous_1)
FNDA:0,(anonymous_2)
FNDA:0,(anonymous_3)
FNDA:0,(anonymous_4)
DA:1,6
DA:3,6
DA:5,0
DA:6,0
DA:8,0
DA:13,0
DA:14,0
DA:16,0
DA:21,0
DA:22,0
DA:24,0
DA:29,0
DA:30,0
DA:32,0
DA:37,0
DA:38,0
DA:40,0
LF:17
LH:2
BRF:0
BRH:0
end_of_record
TN:
SF:app\services\transactionService.js
FN:4,(anonymous_0)
FN:12,(anonymous_1)
FN:20,(anonymous_2)
FN:28,(anonymous_3)
FN:36,(anonymous_4)
FN:44,(anonymous_5)
FN:52,(anonymous_6)
FN:60,(anonymous_7)
FN:68,(anonymous_8)
FN:76,(anonymous_9)
FNF:10
FNH:0
FNDA:0,(anonymous_0)
FNDA:0,(anonymous_1)
FNDA:0,(anonymous_2)
FNDA:0,(anonymous_3)
FNDA:0,(anonymous_4)
FNDA:0,(anonymous_5)
FNDA:0,(anonymous_6)
FNDA:0,(anonymous_7)
FNDA:0,(anonymous_8)
FNDA:0,(anonymous_9)
DA:1,6
DA:3,6
DA:5,0
DA:6,0
DA:8,0
DA:13,0
DA:14,0
DA:16,0
DA:21,0
DA:22,0
DA:24,0
DA:29,0
DA:30,0
DA:32,0
DA:37,0
DA:38,0
DA:40,0
DA:45,0
DA:46,0
DA:48,0
DA:53,0
DA:54,0
DA:56,0
DA:61,0
DA:62,0
DA:64,0
DA:69,0
DA:70,0
DA:72,0
DA:77,0
DA:78,0
DA:80,0
LF:32
LH:2
BRF:0
BRH:0
end_of_record
TN:
SF:app\services\userService.js
FN:5,(anonymous_0)
FN:13,(anonymous_1)
FN:21,(anonymous_2)
FN:29,(anonymous_3)
FN:37,(anonymous_4)
FN:44,(anonymous_5)
FN:52,(anonymous_6)
FNF:7
FNH:5
FNDA:0,(anonymous_0)
FNDA:8,(anonymous_1)
FNDA:24,(anonymous_2)
FNDA:9,(anonymous_3)
FNDA:0,(anonymous_4)
FNDA:1,(anonymous_5)
FNDA:9,(anonymous_6)
DA:1,6
DA:2,6
DA:4,6
DA:6,0
DA:7,0
DA:9,0
DA:14,8
DA:15,8
DA:17,0
DA:22,24
DA:23,24
DA:25,0
DA:30,9
DA:31,9
DA:33,2
DA:38,0
DA:39,0
DA:41,0
DA:45,1
DA:46,1
DA:48,0
DA:53,9
DA:54,9
DA:56,0
LF:24
LH:14
BRF:0
BRH:0
end_of_record
TN:
SF:app\services\wishlistService.js
FN:4,(anonymous_0)
FN:12,(anonymous_1)
FN:23,(anonymous_2)
FN:34,(anonymous_3)
FN:42,(anonymous_4)
FN:50,(anonymous_5)
FNF:6
FNH:0
FNDA:0,(anonymous_0)
FNDA:0,(anonymous_1)
FNDA:0,(anonymous_2)
FNDA:0,(anonymous_3)
FNDA:0,(anonymous_4)
FNDA:0,(anonymous_5)
DA:1,6
DA:3,6
DA:5,0
DA:6,0
DA:8,0
DA:13,0
DA:14,0
DA:15,0
DA:16,0
DA:19,0
DA:24,0
DA:25,0
DA:26,0
DA:27,0
DA:30,0
DA:35,0
DA:36,0
DA:38,0
DA:43,0
DA:44,0
DA:46,0
DA:51,0
DA:52,0
DA:54,0
LF:24
LH:2
BRDA:15,0,0,0
BRDA:15,0,1,0
BRDA:26,1,0,0
BRDA:26,1,1,0
BRF:4
BRH:0
end_of_record
TN:
SF:config\cloudinary.js
FNF:0
FNH:0
DA:2,6
DA:4,6
DA:11,6
LF:3
LH:3
BRF:0
BRH:0
end_of_record
TN:
SF:config\database.js
FNF:0
FNH:0
DA:1,6
DA:3,6
LF:2
LH:2
BRF:0
BRH:0
end_of_record
TN:
SF:config\uploadOnMemory.js
FNF:0
FNH:0
DA:2,6
DA:3,6
DA:6,6
DA:9,6
LF:4
LH:4
BRF:0
BRH:0
end_of_record
TN:
SF:middlewares\categoryMiddleware.js
FN:4,(anonymous_0)
FN:23,(anonymous_1)
FNF:2
FNH:0
FNDA:0,(anonymous_0)
FNDA:0,(anonymous_1)
DA:1,6
DA:3,6
DA:5,0
DA:6,0
DA:7,0
DA:8,0
DA:12,0
DA:14,0
DA:16,0
DA:24,0
DA:25,0
DA:26,0
DA:27,0
DA:29,0
DA:35,0
LF:15
LH:2
BRDA:7,0,0,0
BRDA:7,0,1,0
BRDA:7,1,0,0
BRDA:7,1,1,0
BRDA:26,2,0,0
BRDA:26,2,1,0
BRF:6
BRH:0
end_of_record
TN:
SF:middlewares\productMiddleware.js
FN:4,(anonymous_0)
FN:23,(anonymous_1)
FN:42,(anonymous_2)
FN:63,(anonymous_3)
FNF:4
FNH:0
FNDA:0,(anonymous_0)
FNDA:0,(anonymous_1)
FNDA:0,(anonymous_2)
FNDA:0,(anonymous_3)
DA:1,6
DA:3,6
DA:5,0
DA:6,0
DA:7,0
DA:8,0
DA:13,0
DA:16,0
DA:24,0
DA:25,0
DA:26,0
DA:27,0
DA:29,0
DA:35,0
DA:43,0
DA:44,0
DA:45,0
DA:46,0
DA:47,0
DA:48,0
DA:50,0
DA:56,0
DA:64,0
DA:65,0
DA:66,0
DA:67,0
DA:69,0
DA:75,0
LF:28
LH:2
BRDA:7,0,0,0
BRDA:7,0,1,0
BRDA:7,1,0,0
BRDA:7,1,1,0
BRDA:7,1,2,0
BRDA:26,2,0,0
BRDA:26,2,1,0
BRDA:47,3,0,0
BRDA:47,3,1,0
BRDA:66,4,0,0
BRDA:66,4,1,0
BRF:11
BRH:0
end_of_record
TN:
SF:middlewares\sizeMiddleware.js
FN:4,(anonymous_0)
FN:24,(anonymous_1)
FNF:2
FNH:0
FNDA:0,(anonymous_0)
FNDA:0,(anonymous_1)
DA:1,6
DA:3,6
DA:5,0
DA:6,0
DA:7,0
DA:8,0
DA:9,0
DA:13,0
DA:15,0
DA:17,0
DA:25,0
DA:26,0
DA:27,0
DA:28,0
DA:30,0
DA:36,0
LF:16
LH:2
BRDA:8,0,0,0
BRDA:8,0,1,0
BRDA:8,1,0,0
BRDA:8,1,1,0
BRDA:8,1,2,0
BRDA:8,1,3,0
BRDA:27,2,0,0
BRDA:27,2,1,0
BRF:8
BRH:0
end_of_record
TN:
SF:middlewares\transactionMiddleware.js
FN:4,(anonymous_0)
FN:24,(anonymous_1)
FN:44,(anonymous_2)
FN:67,(anonymous_3)
FNF:4
FNH:0
FNDA:0,(anonymous_0)
FNDA:0,(anonymous_1)
FNDA:0,(anonymous_2)
FNDA:0,(anonymous_3)
DA:1,6
DA:2,6
DA:4,6
DA:5,0
DA:6,0
DA:8,0
DA:9,0
DA:11,0
DA:17,0
DA:24,6
DA:25,0
DA:26,0
DA:27,0
DA:28,0
DA:30,0
DA:36,0
DA:43,6
DA:45,0
DA:46,0
DA:51,0
DA:52,0
DA:57,0
DA:60,0
DA:68,0
DA:69,0
DA:70,0
DA:72,0
DA:73,0
DA:76,0
DA:82,0
LF:30
LH:5
BRDA:8,0,0,0
BRDA:8,0,1,0
BRDA:27,1,0,0
BRDA:27,1,1,0
BRDA:51,2,0,0
BRDA:51,2,1,0
BRDA:69,3,0,0
BRDA:69,3,1,0
BRDA:72,4,0,0
BRDA:72,4,1,0
BRF:10
BRH:0
end_of_record
TN:
SF:middlewares\userMiddleware.js
FN:6,(anonymous_0)
FN:25,(anonymous_1)
FN:44,(anonymous_2)
FN:74,(anonymous_3)
FN:104,(anonymous_4)
FNF:5
FNH:3
FNDA:13,(anonymous_0)
FNDA:1,(anonymous_1)
FNDA:8,(anonymous_2)
FNDA:0,(anonymous_3)
FNDA:0,(anonymous_4)
DA:1,6
DA:2,6
DA:3,6
DA:5,6
DA:7,13
DA:8,13
DA:9,13
DA:10,2
DA:14,2
DA:16,11
DA:18,0
DA:26,1
DA:27,1
DA:28,1
DA:29,0
DA:33,0
DA:35,1
DA:37,0
DA:45,8
DA:46,8
DA:47,8
DA:48,6
DA:53,1
DA:54,1
DA:55,0
DA:59,0
DA:61,1
DA:63,7
DA:64,0
DA:65,0
DA:68,7
DA:75,0
DA:76,0
DA:77,0
DA:78,0
DA:83,0
DA:84,0
DA:85,0
DA:89,0
DA:91,0
DA:93,0
DA:94,0
DA:95,0
DA:98,0
DA:105,0
DA:106,0
DA:107,0
DA:108,0
DA:113,0
DA:114,0
DA:115,0
DA:119,0
DA:121,0
DA:123,0
DA:124,0
DA:125,0
DA:128,0
LF:57
LH:23
BRDA:9,0,0,2
BRDA:9,0,1,11
BRDA:28,1,0,0
BRDA:28,1,1,1
BRDA:28,2,0,1
BRDA:28,2,1,1
BRDA:28,2,2,1
BRDA:50,3,0,6
BRDA:50,3,1,0
BRDA:54,4,0,0
BRDA:54,4,1,1
BRDA:63,5,0,0
BRDA:63,5,1,7
BRDA:80,6,0,0
BRDA:80,6,1,0
BRDA:84,7,0,0
BRDA:84,7,1,0
BRDA:93,8,0,0
BRDA:93,8,1,0
BRDA:110,9,0,0
BRDA:110,9,1,0
BRDA:114,10,0,0
BRDA:114,10,1,0
BRDA:123,11,0,0
BRDA:123,11,1,0
BRF:25
BRH:9
end_of_record
TN:
SF:routes\categoryRouter.js
FNF:0
FNH:0
DA:1,6
DA:2,6
DA:3,6
DA:4,6
DA:6,6
DA:7,6
DA:8,6
DA:9,6
DA:15,6
DA:17,6
LF:10
LH:10
BRF:0
BRH:0
end_of_record
TN:
SF:routes\index.js
FN:32,(anonymous_0)
FNF:1
FNH:0
FNDA:0,(anonymous_0)
DA:1,6
DA:2,6
DA:3,6
DA:4,6
DA:5,6
DA:6,6
DA:9,6
DA:10,6
DA:11,6
DA:12,6
DA:13,6
DA:14,6
DA:15,6
DA:20,6
DA:21,6
DA:22,6
DA:23,6
DA:24,6
DA:25,6
DA:26,6
DA:32,6
DA:33,0
DA:37,6
DA:43,6
DA:44,6
DA:46,6
LF:26
LH:25
BRF:0
BRH:0
end_of_record
TN:
SF:routes\productRouter.js
FNF:0
FNH:0
DA:1,6
DA:2,6
DA:3,6
DA:4,6
DA:5,6
DA:6,6
DA:8,6
DA:9,6
DA:15,6
DA:16,6
DA:22,6
DA:31,6
DA:42,6
DA:51,6
LF:14
LH:14
BRF:0
BRH:0
end_of_record
TN:
SF:routes\sizeRouter.js
FNF:0
FNH:0
DA:1,6
DA:2,6
DA:3,6
DA:4,6
DA:5,6
DA:7,6
DA:8,6
DA:14,6
DA:21,6
DA:29,6
DA:37,6
LF:11
LH:11
BRF:0
BRH:0
end_of_record
TN:
SF:routes\testRouter.js
FN:5,(anonymous_0)
FNF:1
FNH:1
FNDA:1,(anonymous_0)
DA:1,6
DA:2,6
DA:5,6
DA:11,1
DA:18,6
LF:5
LH:5
BRF:0
BRH:0
end_of_record
TN:
SF:routes\transactionRouter.js
FNF:0
FNH:0
DA:1,6
DA:2,6
DA:3,6
DA:4,6
DA:5,6
DA:7,6
DA:12,6
DA:18,6
DA:24,6
DA:30,6
DA:36,6
DA:43,6
DA:49,6
DA:56,6
LF:14
LH:14
BRF:0
BRH:0
end_of_record
TN:
SF:routes\userRouter.js
FNF:0
FNH:0
DA:1,6
DA:2,6
DA:3,6
DA:4,6
DA:5,6
DA:8,6
DA:9,6
DA:11,6
DA:12,6
DA:17,6
DA:18,6
DA:26,6
DA:33,6
DA:35,6
LF:14
LH:14
BRF:0
BRH:0
end_of_record
TN:
SF:routes\wishlistRouter.js
FNF:0
FNH:0
DA:1,6
DA:2,6
DA:3,6
DA:4,6
DA:6,6
DA:11,6
DA:17,6
DA:23,6
DA:29,6
DA:36,6
LF:10
LH:10
BRF:0
BRH:0
end_of_record
TN:
SF:server\index.js
FNF:0
FNH:0
DA:1,6
DA:2,6
DA:3,6
DA:4,6
DA:5,6
DA:7,6
DA:10,6
DA:11,6
DA:12,6
DA:15,6
DA:18,6
DA:20,6
LF:12
LH:12
BRF:0
BRH:0
end_of_record
