TN:
SF:app\controllers\api\v1\categoryController.js
FN:4,(anonymous_0)
FN:20,(anonymous_1)
FN:36,(anonymous_2)
FN:59,(anonymous_3)
FN:78,(anonymous_4)
FNF:5
FNH:0
FNDA:0,(anonymous_0)
FNDA:0,(anonymous_1)
FNDA:0,(anonymous_2)
FNDA:0,(anonymous_3)
FNDA:0,(anonymous_4)
DA:1,2
DA:3,2
DA:5,0
DA:6,0
DA:7,0
DA:13,0
DA:21,0
DA:22,0
DA:23,0
DA:29,0
DA:37,0
DA:38,0
DA:39,0
DA:40,0
DA:46,0
DA:52,0
DA:60,0
DA:61,0
DA:63,0
DA:65,0
DA:71,0
DA:79,0
DA:80,0
DA:81,0
DA:86,0
LF:25
LH:2
BRDA:39,0,0,0
BRDA:39,0,1,0
BRF:2
BRH:0
end_of_record
TN:
SF:app\controllers\api\v1\main.js
FN:2,(anonymous_0)
FN:9,(anonymous_1)
FNF:2
FNH:0
FNDA:0,(anonymous_0)
FNDA:0,(anonymous_1)
DA:1,2
DA:3,0
DA:10,0
LF:3
LH:1
BRF:0
BRH:0
end_of_record
TN:
SF:app\controllers\api\v1\notifController.js
FN:4,(anonymous_0)
FN:20,(anonymous_1)
FN:43,(anonymous_2)
FN:66,(anonymous_3)
FN:87,(anonymous_4)
FN:108,(anonymous_5)
FN:127,(anonymous_6)
FN:146,(anonymous_7)
FNF:8
FNH:0
FNDA:0,(anonymous_0)
FNDA:0,(anonymous_1)
FNDA:0,(anonymous_2)
FNDA:0,(anonymous_3)
FNDA:0,(anonymous_4)
FNDA:0,(anonymous_5)
FNDA:0,(anonymous_6)
FNDA:0,(anonymous_7)
DA:1,2
DA:3,2
DA:5,0
DA:6,0
DA:7,0
DA:13,0
DA:21,0
DA:22,0
DA:23,0
DA:24,0
DA:30,0
DA:36,0
DA:44,0
DA:45,0
DA:46,0
DA:47,0
DA:53,0
DA:59,0
DA:67,0
DA:68,0
DA:72,0
DA:74,0
DA:80,0
DA:88,0
DA:89,0
DA:93,0
DA:95,0
DA:101,0
DA:109,0
DA:110,0
DA:112,0
DA:114,0
DA:120,0
DA:128,0
DA:129,0
DA:131,0
DA:133,0
DA:139,0
DA:147,0
DA:148,0
DA:149,0
DA:154,0
LF:42
LH:2
BRDA:23,0,0,0
BRDA:23,0,1,0
BRDA:46,1,0,0
BRDA:46,1,1,0
BRF:4
BRH:0
end_of_record
TN:
SF:app\controllers\api\v1\productController.js
FN:10,(anonymous_0)
FN:28,(anonymous_1)
FN:44,(anonymous_2)
FN:87,(anonymous_3)
FN:110,(anonymous_4)
FN:136,(anonymous_5)
FN:205,(anonymous_6)
FNF:7
FNH:0
FNDA:0,(anonymous_0)
FNDA:0,(anonymous_1)
FNDA:0,(anonymous_2)
FNDA:0,(anonymous_3)
FNDA:0,(anonymous_4)
FNDA:0,(anonymous_5)
FNDA:0,(anonymous_6)
DA:1,2
DA:2,2
DA:3,2
DA:4,2
DA:5,2
DA:7,2
DA:9,2
DA:11,0
DA:12,0
DA:14,0
DA:15,0
DA:21,0
DA:29,0
DA:30,0
DA:31,0
DA:37,0
DA:45,0
DA:46,0
DA:47,0
DA:48,0
DA:49,0
DA:50,0
DA:52,0
DA:53,0
DA:54,0
DA:55,0
DA:56,0
DA:60,0
DA:61,0
DA:63,0
DA:72,0
DA:73,0
DA:74,0
DA:80,0
DA:88,0
DA:89,0
DA:90,0
DA:91,0
DA:97,0
DA:103,0
DA:111,0
DA:112,0
DA:116,0
DA:117,0
DA:123,0
DA:129,0
DA:137,0
DA:138,0
DA:139,0
DA:140,0
DA:141,0
DA:143,0
DA:146,0
DA:148,0
DA:151,0
DA:152,0
DA:154,0
DA:155,0
DA:159,0
DA:163,0
DA:164,0
DA:165,0
DA:166,0
DA:167,0
DA:170,0
DA:173,0
DA:174,0
DA:175,0
DA:176,0
DA:177,0
DA:178,0
DA:179,0
DA:183,0
DA:184,0
DA:185,0
DA:186,0
DA:192,0
DA:206,0
DA:207,0
DA:208,0
DA:213,0
LF:81
LH:7
BRDA:60,0,0,0
BRDA:60,0,1,0
BRDA:90,1,0,0
BRDA:90,1,1,0
BRDA:116,2,0,0
BRDA:116,2,1,0
BRDA:151,3,0,0
BRDA:151,3,1,0
BRDA:152,4,0,0
BRDA:152,4,1,0
BRDA:164,5,0,0
BRDA:164,5,1,0
BRDA:165,6,0,0
BRDA:165,6,1,0
BRDA:173,7,0,0
BRDA:173,7,1,0
BRDA:174,8,0,0
BRDA:174,8,1,0
BRF:18
BRH:0
end_of_record
TN:
SF:app\controllers\api\v1\sizeController.js
FN:4,(anonymous_0)
FN:20,(anonymous_1)
FN:47,(anonymous_2)
FN:70,(anonymous_3)
FN:89,(anonymous_4)
FNF:5
FNH:0
FNDA:0,(anonymous_0)
FNDA:0,(anonymous_1)
FNDA:0,(anonymous_2)
FNDA:0,(anonymous_3)
FNDA:0,(anonymous_4)
DA:1,2
DA:3,2
DA:5,0
DA:6,0
DA:7,0
DA:13,0
DA:21,0
DA:23,0
DA:32,0
DA:34,0
DA:40,0
DA:48,0
DA:49,0
DA:50,0
DA:51,0
DA:57,0
DA:63,0
DA:71,0
DA:72,0
DA:74,0
DA:76,0
DA:82,0
DA:90,0
DA:91,0
DA:92,0
DA:97,0
LF:26
LH:2
BRDA:50,0,0,0
BRDA:50,0,1,0
BRF:2
BRH:0
end_of_record
TN:
SF:app\controllers\api\v1\transactionController.js
FN:7,(anonymous_0)
FN:23,(anonymous_1)
FN:46,(anonymous_2)
FN:71,(anonymous_3)
FN:97,(anonymous_4)
FN:123,(anonymous_5)
FN:158,(anonymous_6)
FN:215,(anonymous_7)
FNF:8
FNH:0
FNDA:0,(anonymous_0)
FNDA:0,(anonymous_1)
FNDA:0,(anonymous_2)
FNDA:0,(anonymous_3)
FNDA:0,(anonymous_4)
FNDA:0,(anonymous_5)
FNDA:0,(anonymous_6)
FNDA:0,(anonymous_7)
DA:1,2
DA:2,2
DA:3,2
DA:4,2
DA:6,2
DA:8,0
DA:9,0
DA:10,0
DA:16,0
DA:24,0
DA:25,0
DA:26,0
DA:27,0
DA:33,0
DA:39,0
DA:47,0
DA:48,0
DA:51,0
DA:52,0
DA:58,0
DA:64,0
DA:72,0
DA:73,0
DA:77,0
DA:78,0
DA:84,0
DA:90,0
DA:98,0
DA:99,0
DA:103,0
DA:104,0
DA:110,0
DA:116,0
DA:124,0
DA:125,0
DA:134,0
DA:143,0
DA:144,0
DA:145,0
DA:151,0
DA:159,0
DA:160,0
DA:164,0
DA:166,0
DA:168,0
DA:170,0
DA:172,0
DA:173,0
DA:174,0
DA:175,0
DA:178,0
DA:182,0
DA:188,0
DA:192,0
DA:201,0
DA:202,0
DA:208,0
DA:216,0
DA:217,0
DA:218,0
DA:223,0
LF:61
LH:5
BRDA:26,0,0,0
BRDA:26,0,1,0
BRDA:51,1,0,0
BRDA:51,1,1,0
BRDA:77,2,0,0
BRDA:77,2,1,0
BRDA:103,3,0,0
BRDA:103,3,1,0
BRDA:172,4,0,0
BRDA:172,4,1,0
BRDA:174,5,0,0
BRDA:174,5,1,0
BRDA:178,6,0,0
BRDA:178,6,1,0
BRDA:179,7,0,0
BRDA:179,7,1,0
BRF:16
BRH:0
end_of_record
TN:
SF:app\controllers\api\v1\wishlistController.js
FN:7,(anonymous_0)
FN:23,(anonymous_1)
FN:46,(anonymous_2)
FN:69,(anonymous_3)
FN:92,(anonymous_4)
FNF:5
FNH:0
FNDA:0,(anonymous_0)
FNDA:0,(anonymous_1)
FNDA:0,(anonymous_2)
FNDA:0,(anonymous_3)
FNDA:0,(anonymous_4)
DA:1,2
DA:2,2
DA:4,2
DA:6,2
DA:8,0
DA:9,0
DA:10,0
DA:16,0
DA:24,0
DA:25,0
DA:26,0
DA:27,0
DA:33,0
DA:39,0
DA:47,0
DA:48,0
DA:49,0
DA:50,0
DA:56,0
DA:62,0
DA:70,0
DA:71,0
DA:72,0
DA:78,0
DA:79,0
DA:85,0
DA:93,0
DA:94,0
DA:95,0
DA:96,0
DA:101,0
LF:31
LH:4
BRDA:26,0,0,0
BRDA:26,0,1,0
BRDA:49,1,0,0
BRDA:49,1,1,0
BRF:4
BRH:0
end_of_record
TN:
SF:app\controllers\api\v1\auth\handleGoogleLoginOrRegister.js
FN:6,createToken
FN:16,handleGoogleLoginOrRegister
FNF:2
FNH:0
FNDA:0,createToken
FNDA:0,handleGoogleLoginOrRegister
DA:1,2
DA:2,2
DA:3,2
DA:4,2
DA:7,0
DA:13,0
DA:17,0
DA:19,0
DA:20,0
DA:23,0
DA:25,0
DA:26,0
DA:27,0
DA:35,0
DA:37,0
DA:38,0
DA:40,0
DA:41,0
DA:45,2
LF:19
LH:5
BRDA:26,0,0,0
BRDA:26,0,1,0
BRF:2
BRH:0
end_of_record
TN:
SF:app\controllers\api\v1\auth\userController.js
FN:11,verifyToken
FN:20,(anonymous_1)
FN:64,(anonymous_2)
FN:108,(anonymous_3)
FN:125,(anonymous_4)
FN:178,(anonymous_5)
FN:223,(anonymous_6)
FNF:7
FNH:4
FNDA:0,verifyToken
FNDA:1,(anonymous_1)
FNDA:4,(anonymous_2)
FNDA:1,(anonymous_3)
FNDA:0,(anonymous_4)
FNDA:0,(anonymous_5)
FNDA:2,(anonymous_6)
DA:1,2
DA:2,2
DA:3,2
DA:4,2
DA:5,2
DA:6,2
DA:7,2
DA:8,2
DA:9,2
DA:12,0
DA:13,0
DA:15,0
DA:19,2
DA:21,1
DA:22,1
DA:24,1
DA:25,0
DA:29,0
DA:33,1
DA:34,0
DA:38,0
DA:41,1
DA:49,1
DA:51,1
DA:57,0
DA:65,4
DA:66,4
DA:67,4
DA:68,2
DA:72,2
DA:75,2
DA:76,2
DA:77,0
DA:81,0
DA:84,2
DA:95,2
DA:101,0
DA:109,1
DA:110,1
DA:111,1
DA:112,1
DA:118,0
DA:126,0
DA:127,0
DA:128,0
DA:129,0
DA:130,0
DA:131,0
DA:134,0
DA:136,0
DA:137,0
DA:138,0
DA:139,0
DA:140,0
DA:141,0
DA:142,0
DA:149,0
DA:151,0
DA:152,0
DA:153,0
DA:154,0
DA:157,0
DA:158,0
DA:159,0
DA:160,0
DA:161,0
DA:162,0
DA:163,0
DA:165,0
DA:166,0
DA:168,0
DA:174,0
DA:179,0
DA:180,0
DA:181,0
DA:182,0
DA:184,0
DA:185,0
DA:186,0
DA:190,0
DA:193,0
DA:194,0
DA:198,0
DA:201,0
DA:202,0
DA:206,0
DA:209,0
DA:211,0
DA:216,0
DA:224,2
DA:225,2
DA:226,2
DA:231,0
LF:93
LH:33
BRDA:24,0,0,0
BRDA:24,0,1,1
BRDA:33,1,0,0
BRDA:33,1,1,1
BRDA:67,2,0,2
BRDA:67,2,1,2
BRDA:76,3,0,0
BRDA:76,3,1,2
BRDA:136,4,0,0
BRDA:136,4,1,0
BRDA:136,5,0,0
BRDA:136,5,1,0
BRDA:185,6,0,0
BRDA:185,6,1,0
BRDA:193,7,0,0
BRDA:193,7,1,0
BRDA:201,8,0,0
BRDA:201,8,1,0
BRF:18
BRH:5
end_of_record
TN:
SF:app\models\category.js
FN:3,(anonymous_0)
FN:5,(anonymous_1)
FNF:2
FNH:2
FNDA:2,(anonymous_0)
FNDA:2,(anonymous_1)
DA:2,2
DA:3,2
DA:6,2
DA:9,2
DA:18,2
LF:5
LH:5
BRF:0
BRH:0
end_of_record
TN:
SF:app\models\index.js
FN:24,(anonymous_0)
FN:29,(anonymous_1)
FN:37,(anonymous_2)
FNF:3
FNH:3
FNDA:18,(anonymous_0)
FNDA:16,(anonymous_1)
FNDA:16,(anonymous_2)
DA:3,2
DA:4,2
DA:5,2
DA:6,2
DA:7,2
DA:8,2
DA:9,2
DA:12,2
DA:13,0
DA:15,2
DA:23,2
DA:25,18
DA:30,16
DA:34,16
DA:37,2
DA:38,16
DA:39,16
DA:43,2
DA:44,2
DA:46,2
LF:20
LH:19
BRDA:7,0,0,2
BRDA:7,0,1,0
BRDA:12,1,0,0
BRDA:12,1,1,2
BRDA:26,2,0,18
BRDA:26,2,1,18
BRDA:26,2,2,16
BRDA:38,3,0,16
BRDA:38,3,1,0
BRF:9
BRH:6
end_of_record
TN:
SF:app\models\notification.js
FN:3,(anonymous_0)
FN:5,(anonymous_1)
FNF:2
FNH:2
FNDA:2,(anonymous_0)
FNDA:2,(anonymous_1)
DA:2,2
DA:3,2
DA:6,2
DA:13,2
DA:22,2
LF:5
LH:5
BRF:0
BRH:0
end_of_record
TN:
SF:app\models\product.js
FN:3,(anonymous_0)
FN:5,(anonymous_1)
FNF:2
FNH:2
FNDA:2,(anonymous_0)
FNDA:2,(anonymous_1)
DA:2,2
DA:3,2
DA:6,2
DA:7,2
DA:9,2
DA:15,2
DA:22,2
DA:40,2
LF:8
LH:8
BRF:0
BRH:0
end_of_record
TN:
SF:app\models\productsize.js
FN:3,(anonymous_0)
FN:5,(anonymous_1)
FNF:2
FNH:2
FNDA:2,(anonymous_0)
FNDA:2,(anonymous_1)
DA:2,2
DA:3,2
DA:6,2
DA:7,2
DA:12,2
DA:19,2
DA:30,2
LF:7
LH:7
BRF:0
BRH:0
end_of_record
TN:
SF:app\models\size.js
FN:3,(anonymous_0)
FN:5,(anonymous_1)
FNF:2
FNH:2
FNDA:2,(anonymous_0)
FNDA:2,(anonymous_1)
DA:2,2
DA:3,2
DA:6,2
DA:9,2
DA:18,2
LF:5
LH:5
BRF:0
BRH:0
end_of_record
TN:
SF:app\models\transaction.js
FN:3,(anonymous_0)
FN:5,(anonymous_1)
FNF:2
FNH:2
FNDA:2,(anonymous_0)
FNDA:2,(anonymous_1)
DA:2,2
DA:3,2
DA:6,2
DA:8,2
DA:14,2
DA:21,2
DA:37,2
LF:7
LH:7
BRF:0
BRH:0
end_of_record
TN:
SF:app\models\user.js
FN:4,(anonymous_0)
FN:6,(anonymous_1)
FN:37,(anonymous_2)
FN:48,(anonymous_3)
FNF:4
FNH:3
FNDA:2,(anonymous_0)
FNDA:2,(anonymous_1)
FNDA:1,(anonymous_2)
FNDA:0,(anonymous_3)
DA:2,2
DA:3,2
DA:4,2
DA:7,2
DA:8,2
DA:9,2
DA:12,2
DA:38,1
DA:39,1
DA:40,1
DA:42,1
DA:44,1
DA:45,1
DA:49,0
DA:50,0
DA:51,0
DA:57,2
LF:17
LH:14
BRDA:38,0,0,1
BRDA:38,0,1,0
BRDA:42,1,0,1
BRDA:42,1,1,0
BRDA:49,2,0,0
BRDA:49,2,1,0
BRF:6
BRH:2
end_of_record
TN:
SF:app\models\wishlist.js
FN:3,(anonymous_0)
FN:5,(anonymous_1)
FNF:2
FNH:2
FNDA:2,(anonymous_0)
FNDA:2,(anonymous_1)
DA:2,2
DA:3,2
DA:6,2
DA:12,2
DA:19,2
DA:29,2
LF:6
LH:6
BRF:0
BRH:0
end_of_record
TN:
SF:app\repositories\categoryRepository.js
FN:4,(anonymous_0)
FN:8,(anonymous_1)
FN:16,(anonymous_2)
FN:20,(anonymous_3)
FN:28,(anonymous_4)
FNF:5
FNH:0
FNDA:0,(anonymous_0)
FNDA:0,(anonymous_1)
FNDA:0,(anonymous_2)
FNDA:0,(anonymous_3)
FNDA:0,(anonymous_4)
DA:1,2
DA:3,2
DA:5,0
DA:9,0
DA:17,0
DA:21,0
DA:29,0
LF:7
LH:2
BRF:0
BRH:0
end_of_record
TN:
SF:app\repositories\notifRepository.js
FN:10,(anonymous_0)
FN:14,(anonymous_1)
FN:58,(anonymous_2)
FN:100,(anonymous_3)
FN:108,(anonymous_4)
FN:112,(anonymous_5)
FN:120,(anonymous_6)
FN:130,(anonymous_7)
FN:140,(anonymous_8)
FNF:9
FNH:0
FNDA:0,(anonymous_0)
FNDA:0,(anonymous_1)
FNDA:0,(anonymous_2)
FNDA:0,(anonymous_3)
FNDA:0,(anonymous_4)
FNDA:0,(anonymous_5)
FNDA:0,(anonymous_6)
FNDA:0,(anonymous_7)
FNDA:0,(anonymous_8)
DA:7,2
DA:9,2
DA:11,0
DA:15,0
DA:16,0
DA:50,0
DA:51,0
DA:54,0
DA:59,0
DA:60,0
DA:92,0
DA:93,0
DA:96,0
DA:101,0
DA:109,0
DA:113,0
DA:121,0
DA:131,0
DA:141,0
LF:19
LH:2
BRDA:50,0,0,0
BRDA:50,0,1,0
BRDA:92,1,0,0
BRDA:92,1,1,0
BRF:4
BRH:0
end_of_record
TN:
SF:app\repositories\productRepository.js
FN:4,(anonymous_0)
FN:34,(anonymous_1)
FN:51,(anonymous_2)
FN:88,(anonymous_3)
FN:130,(anonymous_4)
FN:150,(anonymous_5)
FN:191,(anonymous_6)
FN:195,(anonymous_7)
FN:203,(anonymous_8)
FNF:9
FNH:0
FNDA:0,(anonymous_0)
FNDA:0,(anonymous_1)
FNDA:0,(anonymous_2)
FNDA:0,(anonymous_3)
FNDA:0,(anonymous_4)
FNDA:0,(anonymous_5)
FNDA:0,(anonymous_6)
FNDA:0,(anonymous_7)
FNDA:0,(anonymous_8)
DA:1,2
DA:3,2
DA:5,0
DA:6,0
DA:25,0
DA:26,0
DA:28,0
DA:30,0
DA:35,0
DA:36,0
DA:42,0
DA:43,0
DA:45,0
DA:47,0
DA:52,0
DA:53,0
DA:80,0
DA:81,0
DA:84,0
DA:89,0
DA:90,0
DA:126,0
DA:131,0
DA:132,0
DA:146,0
DA:151,0
DA:152,0
DA:183,0
DA:184,0
DA:187,0
DA:192,0
DA:196,0
DA:204,0
LF:33
LH:2
BRDA:25,0,0,0
BRDA:25,0,1,0
BRDA:42,1,0,0
BRDA:42,1,1,0
BRDA:80,2,0,0
BRDA:80,2,1,0
BRDA:183,3,0,0
BRDA:183,3,1,0
BRF:8
BRH:0
end_of_record
TN:
SF:app\repositories\sizeRepository.js
FN:4,(anonymous_0)
FN:21,(anonymous_1)
FN:41,(anonymous_2)
FN:45,(anonymous_3)
FN:53,(anonymous_4)
FNF:5
FNH:0
FNDA:0,(anonymous_0)
FNDA:0,(anonymous_1)
FNDA:0,(anonymous_2)
FNDA:0,(anonymous_3)
FNDA:0,(anonymous_4)
DA:1,2
DA:3,2
DA:5,0
DA:22,0
DA:42,0
DA:46,0
DA:54,0
LF:7
LH:2
BRF:0
BRH:0
end_of_record
TN:
SF:app\repositories\transactionRepository.js
FN:11,(anonymous_0)
FN:15,(anonymous_1)
FN:65,(anonymous_2)
FN:123,(anonymous_3)
FN:180,(anonymous_4)
FN:241,(anonymous_5)
FN:302,(anonymous_6)
FN:320,(anonymous_7)
FN:324,(anonymous_8)
FN:332,(anonymous_9)
FNF:10
FNH:0
FNDA:0,(anonymous_0)
FNDA:0,(anonymous_1)
FNDA:0,(anonymous_2)
FNDA:0,(anonymous_3)
FNDA:0,(anonymous_4)
FNDA:0,(anonymous_5)
FNDA:0,(anonymous_6)
FNDA:0,(anonymous_7)
FNDA:0,(anonymous_8)
FNDA:0,(anonymous_9)
DA:8,2
DA:10,2
DA:12,0
DA:16,0
DA:66,0
DA:67,0
DA:115,0
DA:116,0
DA:119,0
DA:124,0
DA:125,0
DA:172,0
DA:173,0
DA:176,0
DA:181,0
DA:182,0
DA:233,0
DA:234,0
DA:237,0
DA:242,0
DA:243,0
DA:294,0
DA:295,0
DA:298,0
DA:303,0
DA:304,0
DA:312,0
DA:313,0
DA:316,0
DA:321,0
DA:325,0
DA:333,0
LF:32
LH:2
BRDA:115,0,0,0
BRDA:115,0,1,0
BRDA:172,1,0,0
BRDA:172,1,1,0
BRDA:233,2,0,0
BRDA:233,2,1,0
BRDA:294,3,0,0
BRDA:294,3,1,0
BRDA:312,4,0,0
BRDA:312,4,1,0
BRF:10
BRH:0
end_of_record
TN:
SF:app\repositories\userRepository.js
FN:4,(anonymous_0)
FN:8,(anonymous_1)
FN:17,(anonymous_2)
FN:25,(anonymous_3)
FN:29,(anonymous_4)
FN:38,(anonymous_5)
FNF:6
FNH:4
FNDA:0,(anonymous_0)
FNDA:3,(anonymous_1)
FNDA:11,(anonymous_2)
FNDA:1,(anonymous_3)
FNDA:0,(anonymous_4)
FNDA:2,(anonymous_5)
DA:1,2
DA:3,2
DA:5,0
DA:9,3
DA:18,11
DA:26,1
DA:30,0
DA:39,2
LF:8
LH:6
BRF:0
BRH:0
end_of_record
TN:
SF:app\repositories\wishlistRepository.js
FN:4,(anonymous_0)
FN:8,(anonymous_1)
FN:50,(anonymous_2)
FN:90,(anonymous_3)
FN:107,(anonymous_4)
FN:111,(anonymous_5)
FNF:6
FNH:0
FNDA:0,(anonymous_0)
FNDA:0,(anonymous_1)
FNDA:0,(anonymous_2)
FNDA:0,(anonymous_3)
FNDA:0,(anonymous_4)
FNDA:0,(anonymous_5)
DA:1,2
DA:3,2
DA:5,0
DA:9,0
DA:10,0
DA:42,0
DA:43,0
DA:46,0
DA:51,0
DA:52,0
DA:82,0
DA:83,0
DA:86,0
DA:91,0
DA:92,0
DA:99,0
DA:100,0
DA:103,0
DA:108,0
DA:112,0
LF:20
LH:2
BRDA:42,0,0,0
BRDA:42,0,1,0
BRDA:82,1,0,0
BRDA:82,1,1,0
BRDA:99,2,0,0
BRDA:99,2,1,0
BRF:6
BRH:0
end_of_record
TN:
SF:app\services\categoryService.js
FN:4,(anonymous_0)
FN:12,(anonymous_1)
FN:20,(anonymous_2)
FN:28,(anonymous_3)
FN:36,(anonymous_4)
FNF:5
FNH:0
FNDA:0,(anonymous_0)
FNDA:0,(anonymous_1)
FNDA:0,(anonymous_2)
FNDA:0,(anonymous_3)
FNDA:0,(anonymous_4)
DA:1,2
DA:3,2
DA:5,0
DA:6,0
DA:8,0
DA:13,0
DA:14,0
DA:16,0
DA:21,0
DA:22,0
DA:24,0
DA:29,0
DA:30,0
DA:32,0
DA:37,0
DA:38,0
DA:40,0
LF:17
LH:2
BRF:0
BRH:0
end_of_record
TN:
SF:app\services\notifService.js
FN:4,(anonymous_0)
FN:12,(anonymous_1)
FN:20,(anonymous_2)
FN:28,(anonymous_3)
FN:36,(anonymous_4)
FN:44,(anonymous_5)
FN:52,(anonymous_6)
FN:60,(anonymous_7)
FN:68,(anonymous_8)
FNF:9
FNH:0
FNDA:0,(anonymous_0)
FNDA:0,(anonymous_1)
FNDA:0,(anonymous_2)
FNDA:0,(anonymous_3)
FNDA:0,(anonymous_4)
FNDA:0,(anonymous_5)
FNDA:0,(anonymous_6)
FNDA:0,(anonymous_7)
FNDA:0,(anonymous_8)
DA:1,2
DA:3,2
DA:5,0
DA:6,0
DA:8,0
DA:13,0
DA:14,0
DA:16,0
DA:21,0
DA:22,0
DA:24,0
DA:29,0
DA:30,0
DA:32,0
DA:37,0
DA:38,0
DA:40,0
DA:45,0
DA:46,0
DA:48,0
DA:53,0
DA:54,0
DA:56,0
DA:61,0
DA:62,0
DA:64,0
DA:69,0
DA:70,0
DA:72,0
LF:29
LH:2
BRF:0
BRH:0
end_of_record
TN:
SF:app\services\productService.js
FN:4,(anonymous_0)
FN:12,(anonymous_1)
FN:20,(anonymous_2)
FN:28,(anonymous_3)
FN:36,(anonymous_4)
FN:44,(anonymous_5)
FN:52,(anonymous_6)
FN:60,(anonymous_7)
FNF:8
FNH:0
FNDA:0,(anonymous_0)
FNDA:0,(anonymous_1)
FNDA:0,(anonymous_2)
FNDA:0,(anonymous_3)
FNDA:0,(anonymous_4)
FNDA:0,(anonymous_5)
FNDA:0,(anonymous_6)
FNDA:0,(anonymous_7)
DA:1,2
DA:3,2
DA:5,0
DA:6,0
DA:8,0
DA:13,0
DA:14,0
DA:16,0
DA:21,0
DA:22,0
DA:24,0
DA:29,0
DA:30,0
DA:32,0
DA:37,0
DA:38,0
DA:40,0
DA:45,0
DA:46,0
DA:48,0
DA:53,0
DA:54,0
DA:56,0
DA:61,0
DA:62,0
DA:64,0
LF:26
LH:2
BRF:0
BRH:0
end_of_record
TN:
SF:app\services\sizeService.js
FN:4,(anonymous_0)
FN:12,(anonymous_1)
FN:20,(anonymous_2)
FN:28,(anonymous_3)
FN:36,(anonymous_4)
FNF:5
FNH:0
FNDA:0,(anonymous_0)
FNDA:0,(anonymous_1)
FNDA:0,(anonymous_2)
FNDA:0,(anonymous_3)
FNDA:0,(anonymous_4)
DA:1,2
DA:3,2
DA:5,0
DA:6,0
DA:8,0
DA:13,0
DA:14,0
DA:16,0
DA:21,0
DA:22,0
DA:24,0
DA:29,0
DA:30,0
DA:32,0
DA:37,0
DA:38,0
DA:40,0
LF:17
LH:2
BRF:0
BRH:0
end_of_record
TN:
SF:app\services\transactionService.js
FN:4,(anonymous_0)
FN:12,(anonymous_1)
FN:20,(anonymous_2)
FN:28,(anonymous_3)
FN:36,(anonymous_4)
FN:44,(anonymous_5)
FN:52,(anonymous_6)
FN:60,(anonymous_7)
FN:71,(anonymous_8)
FN:79,(anonymous_9)
FN:87,(anonymous_10)
FNF:11
FNH:0
FNDA:0,(anonymous_0)
FNDA:0,(anonymous_1)
FNDA:0,(anonymous_2)
FNDA:0,(anonymous_3)
FNDA:0,(anonymous_4)
FNDA:0,(anonymous_5)
FNDA:0,(anonymous_6)
FNDA:0,(anonymous_7)
FNDA:0,(anonymous_8)
FNDA:0,(anonymous_9)
FNDA:0,(anonymous_10)
DA:1,2
DA:3,2
DA:5,0
DA:6,0
DA:8,0
DA:13,0
DA:14,0
DA:16,0
DA:21,0
DA:22,0
DA:24,0
DA:29,0
DA:30,0
DA:32,0
DA:37,0
DA:38,0
DA:40,0
DA:45,0
DA:46,0
DA:48,0
DA:53,0
DA:54,0
DA:56,0
DA:61,0
DA:62,0
DA:67,0
DA:72,0
DA:73,0
DA:75,0
DA:80,0
DA:81,0
DA:83,0
DA:88,0
DA:89,0
DA:91,0
LF:35
LH:2
BRF:0
BRH:0
end_of_record
TN:
SF:app\services\userService.js
FN:5,(anonymous_0)
FN:13,(anonymous_1)
FN:21,(anonymous_2)
FN:29,(anonymous_3)
FN:37,(anonymous_4)
FN:44,(anonymous_5)
FN:52,(anonymous_6)
FNF:7
FNH:4
FNDA:0,(anonymous_0)
FNDA:3,(anonymous_1)
FNDA:11,(anonymous_2)
FNDA:1,(anonymous_3)
FNDA:0,(anonymous_4)
FNDA:0,(anonymous_5)
FNDA:2,(anonymous_6)
DA:1,2
DA:2,2
DA:4,2
DA:6,0
DA:7,0
DA:9,0
DA:14,3
DA:15,3
DA:17,0
DA:22,11
DA:23,11
DA:25,0
DA:30,1
DA:31,1
DA:33,0
DA:38,0
DA:39,0
DA:41,0
DA:45,0
DA:46,0
DA:48,0
DA:53,2
DA:54,2
DA:56,0
LF:24
LH:11
BRF:0
BRH:0
end_of_record
TN:
SF:app\services\wishlistService.js
FN:4,(anonymous_0)
FN:12,(anonymous_1)
FN:23,(anonymous_2)
FN:34,(anonymous_3)
FN:42,(anonymous_4)
FN:50,(anonymous_5)
FNF:6
FNH:0
FNDA:0,(anonymous_0)
FNDA:0,(anonymous_1)
FNDA:0,(anonymous_2)
FNDA:0,(anonymous_3)
FNDA:0,(anonymous_4)
FNDA:0,(anonymous_5)
DA:1,2
DA:3,2
DA:5,0
DA:6,0
DA:8,0
DA:13,0
DA:14,0
DA:15,0
DA:16,0
DA:19,0
DA:24,0
DA:25,0
DA:26,0
DA:27,0
DA:30,0
DA:35,0
DA:36,0
DA:38,0
DA:43,0
DA:44,0
DA:46,0
DA:51,0
DA:52,0
DA:54,0
LF:24
LH:2
BRDA:15,0,0,0
BRDA:15,0,1,0
BRDA:26,1,0,0
BRDA:26,1,1,0
BRF:4
BRH:0
end_of_record
TN:
SF:bin\www
FN:20,(anonymous_0)
FN:25,(anonymous_1)
FN:30,(anonymous_2)
FNF:3
FNH:0
FNDA:0,(anonymous_0)
FNDA:0,(anonymous_1)
FNDA:0,(anonymous_2)
DA:1,2
DA:2,2
DA:3,2
DA:4,2
DA:5,2
DA:8,2
DA:9,2
DA:11,2
DA:20,2
DA:22,0
DA:24,0
DA:25,0
DA:26,0
DA:30,2
DA:31,0
DA:32,0
DA:35,2
LF:17
LH:11
BRDA:5,0,0,2
BRDA:5,0,1,0
BRDA:31,1,0,0
BRDA:31,1,1,0
BRF:4
BRH:1
end_of_record
TN:
SF:config\cloudinary.js
FNF:0
FNH:0
DA:2,2
DA:4,2
DA:11,2
LF:3
LH:3
BRF:0
BRH:0
end_of_record
TN:
SF:config\database.js
FNF:0
FNH:0
DA:1,2
DA:3,2
LF:2
LH:2
BRF:0
BRH:0
end_of_record
TN:
SF:config\uploadOnMemory.js
FNF:0
FNH:0
DA:2,2
DA:3,2
DA:6,2
DA:9,2
LF:4
LH:4
BRF:0
BRH:0
end_of_record
TN:
SF:middlewares\categoryMiddleware.js
FN:4,(anonymous_0)
FN:23,(anonymous_1)
FNF:2
FNH:0
FNDA:0,(anonymous_0)
FNDA:0,(anonymous_1)
DA:1,2
DA:3,2
DA:5,0
DA:6,0
DA:7,0
DA:8,0
DA:12,0
DA:14,0
DA:16,0
DA:24,0
DA:25,0
DA:26,0
DA:27,0
DA:29,0
DA:35,0
LF:15
LH:2
BRDA:7,0,0,0
BRDA:7,0,1,0
BRDA:7,1,0,0
BRDA:7,1,1,0
BRDA:26,2,0,0
BRDA:26,2,1,0
BRF:6
BRH:0
end_of_record
TN:
SF:middlewares\notifMiddleware.js
FN:4,(anonymous_0)
FN:23,(anonymous_1)
FNF:2
FNH:0
FNDA:0,(anonymous_0)
FNDA:0,(anonymous_1)
DA:1,2
DA:3,2
DA:5,0
DA:6,0
DA:7,0
DA:8,0
DA:10,0
DA:16,0
DA:24,0
DA:25,0
DA:27,0
DA:28,0
DA:29,0
DA:30,0
DA:34,0
DA:36,0
DA:38,0
LF:17
LH:2
BRDA:7,0,0,0
BRDA:7,0,1,0
BRDA:29,1,0,0
BRDA:29,1,1,0
BRDA:29,2,0,0
BRDA:29,2,1,0
BRF:6
BRH:0
end_of_record
TN:
SF:middlewares\productMiddleware.js
FN:4,(anonymous_0)
FN:23,(anonymous_1)
FN:42,(anonymous_2)
FN:63,(anonymous_3)
FNF:4
FNH:0
FNDA:0,(anonymous_0)
FNDA:0,(anonymous_1)
FNDA:0,(anonymous_2)
FNDA:0,(anonymous_3)
DA:1,2
DA:3,2
DA:5,0
DA:6,0
DA:7,0
DA:8,0
DA:13,0
DA:16,0
DA:24,0
DA:25,0
DA:26,0
DA:27,0
DA:29,0
DA:35,0
DA:43,0
DA:44,0
DA:45,0
DA:46,0
DA:47,0
DA:48,0
DA:50,0
DA:56,0
DA:64,0
DA:65,0
DA:66,0
DA:67,0
DA:69,0
DA:75,0
LF:28
LH:2
BRDA:7,0,0,0
BRDA:7,0,1,0
BRDA:7,1,0,0
BRDA:7,1,1,0
BRDA:7,1,2,0
BRDA:26,2,0,0
BRDA:26,2,1,0
BRDA:47,3,0,0
BRDA:47,3,1,0
BRDA:66,4,0,0
BRDA:66,4,1,0
BRF:11
BRH:0
end_of_record
TN:
SF:middlewares\sizeMiddleware.js
FN:4,(anonymous_0)
FN:24,(anonymous_1)
FNF:2
FNH:0
FNDA:0,(anonymous_0)
FNDA:0,(anonymous_1)
DA:1,2
DA:3,2
DA:5,0
DA:6,0
DA:7,0
DA:8,0
DA:9,0
DA:13,0
DA:15,0
DA:17,0
DA:25,0
DA:26,0
DA:27,0
DA:28,0
DA:30,0
DA:36,0
LF:16
LH:2
BRDA:8,0,0,0
BRDA:8,0,1,0
BRDA:8,1,0,0
BRDA:8,1,1,0
BRDA:8,1,2,0
BRDA:8,1,3,0
BRDA:27,2,0,0
BRDA:27,2,1,0
BRF:8
BRH:0
end_of_record
TN:
SF:middlewares\transactionMiddleware.js
FN:4,(anonymous_0)
FN:24,(anonymous_1)
FN:44,(anonymous_2)
FN:67,(anonymous_3)
FNF:4
FNH:0
FNDA:0,(anonymous_0)
FNDA:0,(anonymous_1)
FNDA:0,(anonymous_2)
FNDA:0,(anonymous_3)
DA:1,2
DA:2,2
DA:4,2
DA:5,0
DA:6,0
DA:8,0
DA:9,0
DA:11,0
DA:17,0
DA:24,2
DA:25,0
DA:26,0
DA:27,0
DA:28,0
DA:30,0
DA:36,0
DA:43,2
DA:45,0
DA:46,0
DA:51,0
DA:52,0
DA:57,0
DA:60,0
DA:68,0
DA:69,0
DA:70,0
DA:72,0
DA:73,0
DA:76,0
DA:82,0
LF:30
LH:5
BRDA:8,0,0,0
BRDA:8,0,1,0
BRDA:27,1,0,0
BRDA:27,1,1,0
BRDA:51,2,0,0
BRDA:51,2,1,0
BRDA:69,3,0,0
BRDA:69,3,1,0
BRDA:72,4,0,0
BRDA:72,4,1,0
BRF:10
BRH:0
end_of_record
TN:
SF:middlewares\userMiddleware.js
FN:6,(anonymous_0)
FN:25,(anonymous_1)
FN:44,(anonymous_2)
FN:64,(anonymous_3)
FN:94,(anonymous_4)
FN:124,(anonymous_5)
FNF:6
FNH:2
FNDA:7,(anonymous_0)
FNDA:0,(anonymous_1)
FNDA:0,(anonymous_2)
FNDA:3,(anonymous_3)
FNDA:0,(anonymous_4)
FNDA:0,(anonymous_5)
DA:1,2
DA:2,2
DA:3,2
DA:5,2
DA:7,7
DA:8,7
DA:9,7
DA:10,6
DA:14,6
DA:16,1
DA:18,0
DA:26,0
DA:27,0
DA:28,0
DA:29,0
DA:33,0
DA:35,0
DA:37,0
DA:45,0
DA:46,0
DA:47,0
DA:49,0
DA:53,0
DA:55,0
DA:57,0
DA:65,3
DA:66,3
DA:67,3
DA:68,2
DA:73,1
DA:74,1
DA:75,0
DA:79,0
DA:81,1
DA:83,2
DA:84,0
DA:85,0
DA:88,2
DA:95,0
DA:96,0
DA:97,0
DA:98,0
DA:103,0
DA:104,0
DA:105,0
DA:109,0
DA:111,0
DA:113,0
DA:114,0
DA:115,0
DA:118,0
DA:125,0
DA:126,0
DA:127,0
DA:128,0
DA:133,0
DA:134,0
DA:135,0
DA:139,0
DA:141,0
DA:143,0
DA:144,0
DA:145,0
DA:148,0
LF:64
LH:19
BRDA:9,0,0,6
BRDA:9,0,1,1
BRDA:28,1,0,0
BRDA:28,1,1,0
BRDA:28,2,0,0
BRDA:28,2,1,0
BRDA:28,2,2,0
BRDA:47,3,0,0
BRDA:47,3,1,0
BRDA:47,4,0,0
BRDA:47,4,1,0
BRDA:47,4,2,0
BRDA:47,4,3,0
BRDA:47,4,4,0
BRDA:47,4,5,0
BRDA:70,5,0,2
BRDA:70,5,1,0
BRDA:74,6,0,0
BRDA:74,6,1,1
BRDA:83,7,0,0
BRDA:83,7,1,2
BRDA:100,8,0,0
BRDA:100,8,1,0
BRDA:104,9,0,0
BRDA:104,9,1,0
BRDA:113,10,0,0
BRDA:113,10,1,0
BRDA:130,11,0,0
BRDA:130,11,1,0
BRDA:134,12,0,0
BRDA:134,12,1,0
BRDA:143,13,0,0
BRDA:143,13,1,0
BRF:33
BRH:5
end_of_record
TN:
SF:routes\categoryRouter.js
FNF:0
FNH:0
DA:1,2
DA:2,2
DA:3,2
DA:4,2
DA:6,2
DA:7,2
DA:8,2
DA:9,2
DA:15,2
DA:17,2
LF:10
LH:10
BRF:0
BRH:0
end_of_record
TN:
SF:routes\index.js
FN:34,(anonymous_0)
FNF:1
FNH:0
FNDA:0,(anonymous_0)
DA:1,2
DA:2,2
DA:3,2
DA:4,2
DA:5,2
DA:6,2
DA:9,2
DA:10,2
DA:11,2
DA:12,2
DA:13,2
DA:14,2
DA:15,2
DA:16,2
DA:21,2
DA:22,2
DA:23,2
DA:24,2
DA:25,2
DA:26,2
DA:27,2
DA:28,2
DA:34,2
DA:35,0
DA:39,2
DA:45,2
DA:46,2
DA:48,2
LF:28
LH:27
BRF:0
BRH:0
end_of_record
TN:
SF:routes\notifRouter.js
FNF:0
FNH:0
DA:1,2
DA:2,2
DA:3,2
DA:4,2
DA:5,2
DA:7,2
DA:8,2
DA:14,2
DA:20,2
DA:28,2
DA:36,2
DA:42,2
DA:48,2
DA:54,2
LF:14
LH:14
BRF:0
BRH:0
end_of_record
TN:
SF:routes\productRouter.js
FNF:0
FNH:0
DA:1,2
DA:2,2
DA:3,2
DA:4,2
DA:5,2
DA:6,2
DA:8,2
DA:9,2
DA:15,2
DA:16,2
DA:22,2
DA:32,2
DA:43,2
DA:52,2
LF:14
LH:14
BRF:0
BRH:0
end_of_record
TN:
SF:routes\sizeRouter.js
FNF:0
FNH:0
DA:1,2
DA:2,2
DA:3,2
DA:4,2
DA:5,2
DA:7,2
DA:8,2
DA:14,2
DA:21,2
DA:29,2
DA:37,2
LF:11
LH:11
BRF:0
BRH:0
end_of_record
TN:
SF:routes\testRouter.js
FN:5,(anonymous_0)
FNF:1
FNH:0
FNDA:0,(anonymous_0)
DA:1,2
DA:2,2
DA:5,2
DA:11,0
DA:18,2
LF:5
LH:4
BRF:0
BRH:0
end_of_record
TN:
SF:routes\transactionRouter.js
FNF:0
FNH:0
DA:1,2
DA:2,2
DA:3,2
DA:4,2
DA:5,2
DA:7,2
DA:12,2
DA:18,2
DA:24,2
DA:30,2
DA:36,2
DA:44,2
DA:50,2
DA:57,2
LF:14
LH:14
BRF:0
BRH:0
end_of_record
TN:
SF:routes\userRouter.js
FNF:0
FNH:0
DA:1,2
DA:2,2
DA:3,2
DA:4,2
DA:5,2
DA:8,2
DA:9,2
DA:11,2
DA:12,2
DA:17,2
DA:18,2
DA:26,2
DA:33,2
DA:35,2
LF:14
LH:14
BRF:0
BRH:0
end_of_record
TN:
SF:routes\wishlistRouter.js
FNF:0
FNH:0
DA:1,2
DA:2,2
DA:3,2
DA:4,2
DA:6,2
DA:11,2
DA:17,2
DA:23,2
DA:29,2
DA:36,2
LF:10
LH:10
BRF:0
BRH:0
end_of_record
TN:
SF:server\index.js
FNF:0
FNH:0
DA:1,2
DA:2,2
DA:3,2
DA:4,2
DA:5,2
DA:7,2
DA:10,2
DA:11,2
DA:12,2
DA:15,2
DA:18,2
DA:20,2
LF:12
LH:12
BRF:0
BRH:0
end_of_record
